<?xml version="1.0" encoding="UTF-8"?>
<testsuite xmlns:xsi="http://www.w3.org/2001/XMLSchema-instance" xsi:noNamespaceSchemaLocation="https://maven.apache.org/surefire/maven-surefire-plugin/xsd/surefire-test-report.xsd" version="3.0.2" name="TestRunner" time="3.971" tests="4" errors="0" skipped="0" failures="1">
  <properties>
    <property name="java.specification.version" value="23"/>
    <property name="sun.jnu.encoding" value="UTF-8"/>
    <property name="java.class.path" value="/Users/apple/Desktop/project/harting/karate-api/target/test-classes:/Users/apple/Desktop/project/harting/karate-api/target/classes:/Users/apple/.m2/repository/io/karatelabs/karate-junit5/1.5.0/karate-junit5-1.5.0.jar:/Users/apple/.m2/repository/io/karatelabs/karate-core/1.5.0/karate-core-1.5.0.jar:/Users/apple/.m2/repository/org/graalvm/js/js-scriptengine/24.0.0/js-scriptengine-24.0.0.jar:/Users/apple/.m2/repository/org/graalvm/polyglot/polyglot/24.0.0/polyglot-24.0.0.jar:/Users/apple/.m2/repository/org/graalvm/sdk/collections/24.0.0/collections-24.0.0.jar:/Users/apple/.m2/repository/org/graalvm/sdk/nativeimage/24.0.0/nativeimage-24.0.0.jar:/Users/apple/.m2/repository/org/graalvm/sdk/word/24.0.0/word-24.0.0.jar:/Users/apple/.m2/repository/org/graalvm/js/js-language/24.0.0/js-language-24.0.0.jar:/Users/apple/.m2/repository/org/graalvm/regex/regex/24.0.0/regex-24.0.0.jar:/Users/apple/.m2/repository/org/graalvm/truffle/truffle-api/24.0.0/truffle-api-24.0.0.jar:/Users/apple/.m2/repository/org/graalvm/shadowed/icu4j/24.0.0/icu4j-24.0.0.jar:/Users/apple/.m2/repository/org/thymeleaf/thymeleaf/3.1.2.RELEASE/thymeleaf-3.1.2.RELEASE.jar:/Users/apple/.m2/repository/ognl/ognl/3.3.4/ognl-3.3.4.jar:/Users/apple/.m2/repository/org/javassist/javassist/3.29.0-GA/javassist-3.29.0-GA.jar:/Users/apple/.m2/repository/org/attoparser/attoparser/2.0.7.RELEASE/attoparser-2.0.7.RELEASE.jar:/Users/apple/.m2/repository/org/unbescape/unbescape/1.1.6.RELEASE/unbescape-1.1.6.RELEASE.jar:/Users/apple/.m2/repository/com/linecorp/armeria/armeria/1.29.2/armeria-1.29.2.jar:/Users/apple/.m2/repository/com/fasterxml/jackson/core/jackson-core/2.17.1/jackson-core-2.17.1.jar:/Users/apple/.m2/repository/com/fasterxml/jackson/core/jackson-annotations/2.17.1/jackson-annotations-2.17.1.jar:/Users/apple/.m2/repository/com/fasterxml/jackson/core/jackson-databind/2.17.1/jackson-databind-2.17.1.jar:/Users/apple/.m2/repository/com/fasterxml/jackson/datatype/jackson-datatype-jdk8/2.17.1/jackson-datatype-jdk8-2.17.1.jar:/Users/apple/.m2/repository/com/fasterxml/jackson/datatype/jackson-datatype-jsr310/2.17.1/jackson-datatype-jsr310-2.17.1.jar:/Users/apple/.m2/repository/io/micrometer/micrometer-core/1.13.0/micrometer-core-1.13.0.jar:/Users/apple/.m2/repository/io/micrometer/micrometer-commons/1.13.0/micrometer-commons-1.13.0.jar:/Users/apple/.m2/repository/io/micrometer/micrometer-observation/1.13.0/micrometer-observation-1.13.0.jar:/Users/apple/.m2/repository/org/hdrhistogram/HdrHistogram/2.2.1/HdrHistogram-2.2.1.jar:/Users/apple/.m2/repository/org/latencyutils/LatencyUtils/2.0.3/LatencyUtils-2.0.3.jar:/Users/apple/.m2/repository/io/netty/netty-transport/4.1.110.Final/netty-transport-4.1.110.Final.jar:/Users/apple/.m2/repository/io/netty/netty-common/4.1.110.Final/netty-common-4.1.110.Final.jar:/Users/apple/.m2/repository/io/netty/netty-buffer/4.1.110.Final/netty-buffer-4.1.110.Final.jar:/Users/apple/.m2/repository/io/netty/netty-resolver/4.1.110.Final/netty-resolver-4.1.110.Final.jar:/Users/apple/.m2/repository/io/netty/netty-codec-haproxy/4.1.110.Final/netty-codec-haproxy-4.1.110.Final.jar:/Users/apple/.m2/repository/io/netty/netty-codec/4.1.110.Final/netty-codec-4.1.110.Final.jar:/Users/apple/.m2/repository/io/netty/netty-codec-http2/4.1.110.Final/netty-codec-http2-4.1.110.Final.jar:/Users/apple/.m2/repository/io/netty/netty-handler/4.1.110.Final/netty-handler-4.1.110.Final.jar:/Users/apple/.m2/repository/io/netty/netty-codec-http/4.1.110.Final/netty-codec-http-4.1.110.Final.jar:/Users/apple/.m2/repository/io/netty/netty-resolver-dns/4.1.110.Final/netty-resolver-dns-4.1.110.Final.jar:/Users/apple/.m2/repository/io/netty/netty-codec-dns/4.1.110.Final/netty-codec-dns-4.1.110.Final.jar:/Users/apple/.m2/repository/io/netty/netty-transport-native-unix-common/4.1.110.Final/netty-transport-native-unix-common-4.1.110.Final-linux-x86_64.jar:/Users/apple/.m2/repository/io/netty/netty-transport-native-unix-common/4.1.110.Final/netty-transport-native-unix-common-4.1.110.Final-linux-aarch_64.jar:/Users/apple/.m2/repository/io/netty/netty-transport-native-unix-common/4.1.110.Final/netty-transport-native-unix-common-4.1.110.Final-osx-x86_64.jar:/Users/apple/.m2/repository/io/netty/netty-transport-native-unix-common/4.1.110.Final/netty-transport-native-unix-common-4.1.110.Final-osx-aarch_64.jar:/Users/apple/.m2/repository/org/reactivestreams/reactive-streams/1.0.4/reactive-streams-1.0.4.jar:/Users/apple/.m2/repository/com/google/code/findbugs/jsr305/3.0.2/jsr305-3.0.2.jar:/Users/apple/.m2/repository/io/netty/netty-handler-proxy/4.1.110.Final/netty-handler-proxy-4.1.110.Final.jar:/Users/apple/.m2/repository/io/netty/netty-codec-socks/4.1.110.Final/netty-codec-socks-4.1.110.Final.jar:/Users/apple/.m2/repository/io/netty/netty-transport-native-epoll/4.1.110.Final/netty-transport-native-epoll-4.1.110.Final-linux-x86_64.jar:/Users/apple/.m2/repository/io/netty/netty-transport-native-unix-common/4.1.110.Final/netty-transport-native-unix-common-4.1.110.Final.jar:/Users/apple/.m2/repository/io/netty/netty-transport-classes-epoll/4.1.110.Final/netty-transport-classes-epoll-4.1.110.Final.jar:/Users/apple/.m2/repository/io/netty/netty-transport-native-epoll/4.1.110.Final/netty-transport-native-epoll-4.1.110.Final-linux-aarch_64.jar:/Users/apple/.m2/repository/io/netty/netty-transport-native-kqueue/4.1.110.Final/netty-transport-native-kqueue-4.1.110.Final-osx-x86_64.jar:/Users/apple/.m2/repository/io/netty/netty-transport-classes-kqueue/4.1.110.Final/netty-transport-classes-kqueue-4.1.110.Final.jar:/Users/apple/.m2/repository/io/netty/netty-resolver-dns-native-macos/4.1.110.Final/netty-resolver-dns-native-macos-4.1.110.Final-osx-x86_64.jar:/Users/apple/.m2/repository/io/netty/netty-resolver-dns-classes-macos/4.1.110.Final/netty-resolver-dns-classes-macos-4.1.110.Final.jar:/Users/apple/.m2/repository/io/netty/netty-transport-native-kqueue/4.1.110.Final/netty-transport-native-kqueue-4.1.110.Final-osx-aarch_64.jar:/Users/apple/.m2/repository/io/netty/netty-resolver-dns-native-macos/4.1.110.Final/netty-resolver-dns-native-macos-4.1.110.Final-osx-aarch_64.jar:/Users/apple/.m2/repository/io/netty/netty-tcnative-boringssl-static/2.0.65.Final/netty-tcnative-boringssl-static-2.0.65.Final-linux-x86_64.jar:/Users/apple/.m2/repository/io/netty/netty-tcnative-classes/2.0.65.Final/netty-tcnative-classes-2.0.65.Final.jar:/Users/apple/.m2/repository/io/netty/netty-tcnative-boringssl-static/2.0.65.Final/netty-tcnative-boringssl-static-2.0.65.Final-linux-aarch_64.jar:/Users/apple/.m2/repository/io/netty/netty-tcnative-boringssl-static/2.0.65.Final/netty-tcnative-boringssl-static-2.0.65.Final-osx-x86_64.jar:/Users/apple/.m2/repository/io/netty/netty-tcnative-boringssl-static/2.0.65.Final/netty-tcnative-boringssl-static-2.0.65.Final-osx-aarch_64.jar:/Users/apple/.m2/repository/io/netty/netty-tcnative-boringssl-static/2.0.65.Final/netty-tcnative-boringssl-static-2.0.65.Final-windows-x86_64.jar:/Users/apple/.m2/repository/com/aayushatharva/brotli4j/brotli4j/1.16.0/brotli4j-1.16.0.jar:/Users/apple/.m2/repository/com/aayushatharva/brotli4j/service/1.16.0/service-1.16.0.jar:/Users/apple/.m2/repository/com/aayushatharva/brotli4j/native-osx-x86_64/1.16.0/native-osx-x86_64-1.16.0.jar:/Users/apple/.m2/repository/org/apache/httpcomponents/httpclient/4.5.14/httpclient-4.5.14.jar:/Users/apple/.m2/repository/org/apache/httpcomponents/httpcore/4.4.16/httpcore-4.4.16.jar:/Users/apple/.m2/repository/ch/qos/logback/logback-classic/1.5.4/logback-classic-1.5.4.jar:/Users/apple/.m2/repository/ch/qos/logback/logback-core/1.5.4/logback-core-1.5.4.jar:/Users/apple/.m2/repository/org/slf4j/jcl-over-slf4j/2.0.12/jcl-over-slf4j-2.0.12.jar:/Users/apple/.m2/repository/org/slf4j/slf4j-api/2.0.12/slf4j-api-2.0.12.jar:/Users/apple/.m2/repository/org/antlr/antlr4-runtime/4.13.1/antlr4-runtime-4.13.1.jar:/Users/apple/.m2/repository/com/jayway/jsonpath/json-path/2.9.0/json-path-2.9.0.jar:/Users/apple/.m2/repository/net/minidev/json-smart/2.5.1/json-smart-2.5.1.jar:/Users/apple/.m2/repository/net/minidev/accessors-smart/2.5.1/accessors-smart-2.5.1.jar:/Users/apple/.m2/repository/org/ow2/asm/asm/9.6/asm-9.6.jar:/Users/apple/.m2/repository/org/yaml/snakeyaml/2.2/snakeyaml-2.2.jar:/Users/apple/.m2/repository/de/siegmar/fastcsv/3.1.0/fastcsv-3.1.0.jar:/Users/apple/.m2/repository/info/picocli/picocli/4.7.5/picocli-4.7.5.jar:/Users/apple/.m2/repository/io/github/classgraph/classgraph/4.8.170/classgraph-4.8.170.jar:/Users/apple/.m2/repository/io/github/t12y/resemble/1.1.0/resemble-1.1.0.jar:/Users/apple/.m2/repository/io/github/t12y/ssim/1.0.0/ssim-1.0.0.jar:/Users/apple/.m2/repository/org/junit/jupiter/junit-jupiter-api/5.10.2/junit-jupiter-api-5.10.2.jar:/Users/apple/.m2/repository/org/opentest4j/opentest4j/1.3.0/opentest4j-1.3.0.jar:/Users/apple/.m2/repository/org/junit/platform/junit-platform-commons/1.10.2/junit-platform-commons-1.10.2.jar:/Users/apple/.m2/repository/org/apiguardian/apiguardian-api/1.1.2/apiguardian-api-1.1.2.jar:/Users/apple/.m2/repository/org/junit/jupiter/junit-jupiter-engine/5.10.2/junit-jupiter-engine-5.10.2.jar:/Users/apple/.m2/repository/org/junit/platform/junit-platform-engine/1.10.2/junit-platform-engine-1.10.2.jar:/Users/apple/.m2/repository/org/apache/poi/poi/5.2.3/poi-5.2.3.jar:/Users/apple/.m2/repository/commons-codec/commons-codec/1.15/commons-codec-1.15.jar:/Users/apple/.m2/repository/org/apache/commons/commons-collections4/4.4/commons-collections4-4.4.jar:/Users/apple/.m2/repository/org/apache/commons/commons-math3/3.6.1/commons-math3-3.6.1.jar:/Users/apple/.m2/repository/commons-io/commons-io/2.11.0/commons-io-2.11.0.jar:/Users/apple/.m2/repository/com/zaxxer/SparseBitSet/1.2/SparseBitSet-1.2.jar:/Users/apple/.m2/repository/org/apache/logging/log4j/log4j-api/2.18.0/log4j-api-2.18.0.jar:/Users/apple/.m2/repository/org/apache/poi/poi-ooxml/5.2.3/poi-ooxml-5.2.3.jar:/Users/apple/.m2/repository/org/apache/poi/poi-ooxml-lite/5.2.3/poi-ooxml-lite-5.2.3.jar:/Users/apple/.m2/repository/org/apache/xmlbeans/xmlbeans/5.1.1/xmlbeans-5.1.1.jar:/Users/apple/.m2/repository/org/apache/commons/commons-compress/1.21/commons-compress-1.21.jar:/Users/apple/.m2/repository/com/github/virtuald/curvesapi/1.07/curvesapi-1.07.jar:"/>
    <property name="java.vm.vendor" value="Homebrew"/>
    <property name="sun.arch.data.model" value="64"/>
    <property name="java.vendor.url" value="https://github.com/Homebrew/homebrew-core/issues"/>
    <property name="user.timezone" value="Asia/Ho_Chi_Minh"/>
    <property name="os.name" value="Mac OS X"/>
    <property name="java.vm.specification.version" value="23"/>
    <property name="sun.java.launcher" value="SUN_STANDARD"/>
    <property name="user.country" value="VN"/>
    <property name="sun.boot.library.path" value="/usr/local/Cellar/openjdk/23.0.2/libexec/openjdk.jdk/Contents/Home/lib"/>
    <property name="sun.java.command" value="/Users/apple/Desktop/project/harting/karate-api/target/surefire/surefirebooter-20250827215655347_3.jar /Users/apple/Desktop/project/harting/karate-api/target/surefire 2025-08-27T21-56-55_285-jvmRun1 surefire-20250827215655347_1tmp surefire_0-20250827215655347_2tmp"/>
    <property name="http.nonProxyHosts" value="local|*.local|169.254/16|*.169.254/16"/>
    <property name="jdk.debug" value="release"/>
    <property name="surefire.test.class.path" value="/Users/apple/Desktop/project/harting/karate-api/target/test-classes:/Users/apple/Desktop/project/harting/karate-api/target/classes:/Users/apple/.m2/repository/io/karatelabs/karate-junit5/1.5.0/karate-junit5-1.5.0.jar:/Users/apple/.m2/repository/io/karatelabs/karate-core/1.5.0/karate-core-1.5.0.jar:/Users/apple/.m2/repository/org/graalvm/js/js-scriptengine/24.0.0/js-scriptengine-24.0.0.jar:/Users/apple/.m2/repository/org/graalvm/polyglot/polyglot/24.0.0/polyglot-24.0.0.jar:/Users/apple/.m2/repository/org/graalvm/sdk/collections/24.0.0/collections-24.0.0.jar:/Users/apple/.m2/repository/org/graalvm/sdk/nativeimage/24.0.0/nativeimage-24.0.0.jar:/Users/apple/.m2/repository/org/graalvm/sdk/word/24.0.0/word-24.0.0.jar:/Users/apple/.m2/repository/org/graalvm/js/js-language/24.0.0/js-language-24.0.0.jar:/Users/apple/.m2/repository/org/graalvm/regex/regex/24.0.0/regex-24.0.0.jar:/Users/apple/.m2/repository/org/graalvm/truffle/truffle-api/24.0.0/truffle-api-24.0.0.jar:/Users/apple/.m2/repository/org/graalvm/shadowed/icu4j/24.0.0/icu4j-24.0.0.jar:/Users/apple/.m2/repository/org/thymeleaf/thymeleaf/3.1.2.RELEASE/thymeleaf-3.1.2.RELEASE.jar:/Users/apple/.m2/repository/ognl/ognl/3.3.4/ognl-3.3.4.jar:/Users/apple/.m2/repository/org/javassist/javassist/3.29.0-GA/javassist-3.29.0-GA.jar:/Users/apple/.m2/repository/org/attoparser/attoparser/2.0.7.RELEASE/attoparser-2.0.7.RELEASE.jar:/Users/apple/.m2/repository/org/unbescape/unbescape/1.1.6.RELEASE/unbescape-1.1.6.RELEASE.jar:/Users/apple/.m2/repository/com/linecorp/armeria/armeria/1.29.2/armeria-1.29.2.jar:/Users/apple/.m2/repository/com/fasterxml/jackson/core/jackson-core/2.17.1/jackson-core-2.17.1.jar:/Users/apple/.m2/repository/com/fasterxml/jackson/core/jackson-annotations/2.17.1/jackson-annotations-2.17.1.jar:/Users/apple/.m2/repository/com/fasterxml/jackson/core/jackson-databind/2.17.1/jackson-databind-2.17.1.jar:/Users/apple/.m2/repository/com/fasterxml/jackson/datatype/jackson-datatype-jdk8/2.17.1/jackson-datatype-jdk8-2.17.1.jar:/Users/apple/.m2/repository/com/fasterxml/jackson/datatype/jackson-datatype-jsr310/2.17.1/jackson-datatype-jsr310-2.17.1.jar:/Users/apple/.m2/repository/io/micrometer/micrometer-core/1.13.0/micrometer-core-1.13.0.jar:/Users/apple/.m2/repository/io/micrometer/micrometer-commons/1.13.0/micrometer-commons-1.13.0.jar:/Users/apple/.m2/repository/io/micrometer/micrometer-observation/1.13.0/micrometer-observation-1.13.0.jar:/Users/apple/.m2/repository/org/hdrhistogram/HdrHistogram/2.2.1/HdrHistogram-2.2.1.jar:/Users/apple/.m2/repository/org/latencyutils/LatencyUtils/2.0.3/LatencyUtils-2.0.3.jar:/Users/apple/.m2/repository/io/netty/netty-transport/4.1.110.Final/netty-transport-4.1.110.Final.jar:/Users/apple/.m2/repository/io/netty/netty-common/4.1.110.Final/netty-common-4.1.110.Final.jar:/Users/apple/.m2/repository/io/netty/netty-buffer/4.1.110.Final/netty-buffer-4.1.110.Final.jar:/Users/apple/.m2/repository/io/netty/netty-resolver/4.1.110.Final/netty-resolver-4.1.110.Final.jar:/Users/apple/.m2/repository/io/netty/netty-codec-haproxy/4.1.110.Final/netty-codec-haproxy-4.1.110.Final.jar:/Users/apple/.m2/repository/io/netty/netty-codec/4.1.110.Final/netty-codec-4.1.110.Final.jar:/Users/apple/.m2/repository/io/netty/netty-codec-http2/4.1.110.Final/netty-codec-http2-4.1.110.Final.jar:/Users/apple/.m2/repository/io/netty/netty-handler/4.1.110.Final/netty-handler-4.1.110.Final.jar:/Users/apple/.m2/repository/io/netty/netty-codec-http/4.1.110.Final/netty-codec-http-4.1.110.Final.jar:/Users/apple/.m2/repository/io/netty/netty-resolver-dns/4.1.110.Final/netty-resolver-dns-4.1.110.Final.jar:/Users/apple/.m2/repository/io/netty/netty-codec-dns/4.1.110.Final/netty-codec-dns-4.1.110.Final.jar:/Users/apple/.m2/repository/io/netty/netty-transport-native-unix-common/4.1.110.Final/netty-transport-native-unix-common-4.1.110.Final-linux-x86_64.jar:/Users/apple/.m2/repository/io/netty/netty-transport-native-unix-common/4.1.110.Final/netty-transport-native-unix-common-4.1.110.Final-linux-aarch_64.jar:/Users/apple/.m2/repository/io/netty/netty-transport-native-unix-common/4.1.110.Final/netty-transport-native-unix-common-4.1.110.Final-osx-x86_64.jar:/Users/apple/.m2/repository/io/netty/netty-transport-native-unix-common/4.1.110.Final/netty-transport-native-unix-common-4.1.110.Final-osx-aarch_64.jar:/Users/apple/.m2/repository/org/reactivestreams/reactive-streams/1.0.4/reactive-streams-1.0.4.jar:/Users/apple/.m2/repository/com/google/code/findbugs/jsr305/3.0.2/jsr305-3.0.2.jar:/Users/apple/.m2/repository/io/netty/netty-handler-proxy/4.1.110.Final/netty-handler-proxy-4.1.110.Final.jar:/Users/apple/.m2/repository/io/netty/netty-codec-socks/4.1.110.Final/netty-codec-socks-4.1.110.Final.jar:/Users/apple/.m2/repository/io/netty/netty-transport-native-epoll/4.1.110.Final/netty-transport-native-epoll-4.1.110.Final-linux-x86_64.jar:/Users/apple/.m2/repository/io/netty/netty-transport-native-unix-common/4.1.110.Final/netty-transport-native-unix-common-4.1.110.Final.jar:/Users/apple/.m2/repository/io/netty/netty-transport-classes-epoll/4.1.110.Final/netty-transport-classes-epoll-4.1.110.Final.jar:/Users/apple/.m2/repository/io/netty/netty-transport-native-epoll/4.1.110.Final/netty-transport-native-epoll-4.1.110.Final-linux-aarch_64.jar:/Users/apple/.m2/repository/io/netty/netty-transport-native-kqueue/4.1.110.Final/netty-transport-native-kqueue-4.1.110.Final-osx-x86_64.jar:/Users/apple/.m2/repository/io/netty/netty-transport-classes-kqueue/4.1.110.Final/netty-transport-classes-kqueue-4.1.110.Final.jar:/Users/apple/.m2/repository/io/netty/netty-resolver-dns-native-macos/4.1.110.Final/netty-resolver-dns-native-macos-4.1.110.Final-osx-x86_64.jar:/Users/apple/.m2/repository/io/netty/netty-resolver-dns-classes-macos/4.1.110.Final/netty-resolver-dns-classes-macos-4.1.110.Final.jar:/Users/apple/.m2/repository/io/netty/netty-transport-native-kqueue/4.1.110.Final/netty-transport-native-kqueue-4.1.110.Final-osx-aarch_64.jar:/Users/apple/.m2/repository/io/netty/netty-resolver-dns-native-macos/4.1.110.Final/netty-resolver-dns-native-macos-4.1.110.Final-osx-aarch_64.jar:/Users/apple/.m2/repository/io/netty/netty-tcnative-boringssl-static/2.0.65.Final/netty-tcnative-boringssl-static-2.0.65.Final-linux-x86_64.jar:/Users/apple/.m2/repository/io/netty/netty-tcnative-classes/2.0.65.Final/netty-tcnative-classes-2.0.65.Final.jar:/Users/apple/.m2/repository/io/netty/netty-tcnative-boringssl-static/2.0.65.Final/netty-tcnative-boringssl-static-2.0.65.Final-linux-aarch_64.jar:/Users/apple/.m2/repository/io/netty/netty-tcnative-boringssl-static/2.0.65.Final/netty-tcnative-boringssl-static-2.0.65.Final-osx-x86_64.jar:/Users/apple/.m2/repository/io/netty/netty-tcnative-boringssl-static/2.0.65.Final/netty-tcnative-boringssl-static-2.0.65.Final-osx-aarch_64.jar:/Users/apple/.m2/repository/io/netty/netty-tcnative-boringssl-static/2.0.65.Final/netty-tcnative-boringssl-static-2.0.65.Final-windows-x86_64.jar:/Users/apple/.m2/repository/com/aayushatharva/brotli4j/brotli4j/1.16.0/brotli4j-1.16.0.jar:/Users/apple/.m2/repository/com/aayushatharva/brotli4j/service/1.16.0/service-1.16.0.jar:/Users/apple/.m2/repository/com/aayushatharva/brotli4j/native-osx-x86_64/1.16.0/native-osx-x86_64-1.16.0.jar:/Users/apple/.m2/repository/org/apache/httpcomponents/httpclient/4.5.14/httpclient-4.5.14.jar:/Users/apple/.m2/repository/org/apache/httpcomponents/httpcore/4.4.16/httpcore-4.4.16.jar:/Users/apple/.m2/repository/ch/qos/logback/logback-classic/1.5.4/logback-classic-1.5.4.jar:/Users/apple/.m2/repository/ch/qos/logback/logback-core/1.5.4/logback-core-1.5.4.jar:/Users/apple/.m2/repository/org/slf4j/jcl-over-slf4j/2.0.12/jcl-over-slf4j-2.0.12.jar:/Users/apple/.m2/repository/org/slf4j/slf4j-api/2.0.12/slf4j-api-2.0.12.jar:/Users/apple/.m2/repository/org/antlr/antlr4-runtime/4.13.1/antlr4-runtime-4.13.1.jar:/Users/apple/.m2/repository/com/jayway/jsonpath/json-path/2.9.0/json-path-2.9.0.jar:/Users/apple/.m2/repository/net/minidev/json-smart/2.5.1/json-smart-2.5.1.jar:/Users/apple/.m2/repository/net/minidev/accessors-smart/2.5.1/accessors-smart-2.5.1.jar:/Users/apple/.m2/repository/org/ow2/asm/asm/9.6/asm-9.6.jar:/Users/apple/.m2/repository/org/yaml/snakeyaml/2.2/snakeyaml-2.2.jar:/Users/apple/.m2/repository/de/siegmar/fastcsv/3.1.0/fastcsv-3.1.0.jar:/Users/apple/.m2/repository/info/picocli/picocli/4.7.5/picocli-4.7.5.jar:/Users/apple/.m2/repository/io/github/classgraph/classgraph/4.8.170/classgraph-4.8.170.jar:/Users/apple/.m2/repository/io/github/t12y/resemble/1.1.0/resemble-1.1.0.jar:/Users/apple/.m2/repository/io/github/t12y/ssim/1.0.0/ssim-1.0.0.jar:/Users/apple/.m2/repository/org/junit/jupiter/junit-jupiter-api/5.10.2/junit-jupiter-api-5.10.2.jar:/Users/apple/.m2/repository/org/opentest4j/opentest4j/1.3.0/opentest4j-1.3.0.jar:/Users/apple/.m2/repository/org/junit/platform/junit-platform-commons/1.10.2/junit-platform-commons-1.10.2.jar:/Users/apple/.m2/repository/org/apiguardian/apiguardian-api/1.1.2/apiguardian-api-1.1.2.jar:/Users/apple/.m2/repository/org/junit/jupiter/junit-jupiter-engine/5.10.2/junit-jupiter-engine-5.10.2.jar:/Users/apple/.m2/repository/org/junit/platform/junit-platform-engine/1.10.2/junit-platform-engine-1.10.2.jar:/Users/apple/.m2/repository/org/apache/poi/poi/5.2.3/poi-5.2.3.jar:/Users/apple/.m2/repository/commons-codec/commons-codec/1.15/commons-codec-1.15.jar:/Users/apple/.m2/repository/org/apache/commons/commons-collections4/4.4/commons-collections4-4.4.jar:/Users/apple/.m2/repository/org/apache/commons/commons-math3/3.6.1/commons-math3-3.6.1.jar:/Users/apple/.m2/repository/commons-io/commons-io/2.11.0/commons-io-2.11.0.jar:/Users/apple/.m2/repository/com/zaxxer/SparseBitSet/1.2/SparseBitSet-1.2.jar:/Users/apple/.m2/repository/org/apache/logging/log4j/log4j-api/2.18.0/log4j-api-2.18.0.jar:/Users/apple/.m2/repository/org/apache/poi/poi-ooxml/5.2.3/poi-ooxml-5.2.3.jar:/Users/apple/.m2/repository/org/apache/poi/poi-ooxml-lite/5.2.3/poi-ooxml-lite-5.2.3.jar:/Users/apple/.m2/repository/org/apache/xmlbeans/xmlbeans/5.1.1/xmlbeans-5.1.1.jar:/Users/apple/.m2/repository/org/apache/commons/commons-compress/1.21/commons-compress-1.21.jar:/Users/apple/.m2/repository/com/github/virtuald/curvesapi/1.07/curvesapi-1.07.jar:"/>
    <property name="sun.cpu.endian" value="little"/>
    <property name="user.home" value="/Users/apple"/>
    <property name="user.language" value="en"/>
    <property name="java.specification.vendor" value="Oracle Corporation"/>
    <property name="java.version.date" value="2025-01-21"/>
    <property name="java.home" value="/usr/local/Cellar/openjdk/23.0.2/libexec/openjdk.jdk/Contents/Home"/>
    <property name="file.separator" value="/"/>
    <property name="basedir" value="/Users/apple/Desktop/project/harting/karate-api"/>
    <property name="java.vm.compressedOopsMode" value="Zero based"/>
    <property name="line.separator" value="&#10;"/>
    <property name="java.vm.specification.vendor" value="Oracle Corporation"/>
    <property name="java.specification.name" value="Java Platform API Specification"/>
    <property name="karate.options" value="--tags @Update_All_Group_Of_Product1"/>
    <property name="apple.awt.application.name" value="ForkedBooter"/>
    <property name="surefire.real.class.path" value="/Users/apple/Desktop/project/harting/karate-api/target/surefire/surefirebooter-20250827215655347_3.jar"/>
    <property name="sun.management.compiler" value="HotSpot 64-Bit Tiered Compilers"/>
    <property name="ftp.nonProxyHosts" value="local|*.local|169.254/16|*.169.254/16"/>
    <property name="java.runtime.version" value="23.0.2"/>
    <property name="user.name" value="apple"/>
    <property name="stdout.encoding" value="UTF-8"/>
    <property name="path.separator" value=":"/>
    <property name="os.version" value="15.1.1"/>
    <property name="java.runtime.name" value="OpenJDK Runtime Environment"/>
    <property name="file.encoding" value="UTF-8"/>
    <property name="java.vm.name" value="OpenJDK 64-Bit Server VM"/>
    <property name="java.vendor.version" value="Homebrew"/>
    <property name="localRepository" value="/Users/apple/.m2/repository"/>
    <property name="java.vendor.url.bug" value="https://github.com/Homebrew/homebrew-core/issues"/>
    <property name="java.io.tmpdir" value="/var/folders/77/vw4ytym92kg4czy7fbr48t1h0000gn/T/"/>
    <property name="java.version" value="23.0.2"/>
    <property name="user.dir" value="/Users/apple/Desktop/project/harting/karate-api"/>
    <property name="os.arch" value="x86_64"/>
    <property name="java.vm.specification.name" value="Java Virtual Machine Specification"/>
    <property name="native.encoding" value="UTF-8"/>
    <property name="java.library.path" value="/Users/apple/Library/Java/Extensions:/Library/Java/Extensions:/Network/Library/Java/Extensions:/System/Library/Java/Extensions:/usr/lib/java:."/>
    <property name="java.vm.info" value="mixed mode, sharing"/>
    <property name="stderr.encoding" value="UTF-8"/>
    <property name="java.vendor" value="Homebrew"/>
    <property name="java.vm.version" value="23.0.2"/>
    <property name="sun.io.unicode.encoding" value="UnicodeBig"/>
    <property name="socksNonProxyHosts" value="local|*.local|169.254/16|*.169.254/16"/>
    <property name="java.class.version" value="67.0"/>
  </properties>
  <testcase name="[1.1:43] Update All Group of Product MOMO Hallo" classname="update_product" time="1.076">
    <system-out><![CDATA[21:56:56.477 [main] INFO com.intuit.karate.Runner -- using system property 'karate.options': --tags @Update_All_Group_Of_Product1
21:56:56.809 [main] DEBUG com.intuit.karate.Suite -- [config] classpath:karate-config.js
21:56:57.768 [main] INFO com.intuit.karate -- [print] Hostname: http://localhost:3000 
21:56:58.381 [main] INFO com.intuit.karate.core.FeatureRuntime -- classpath:/separateApi/get_configId_by_productCode.feature - call by tag at line 9: Get_ConfigId_Of_Product_Code
21:56:58.576 [main] DEBUG org.apache.http.client.protocol.RequestAddCookies -- CookieSpec selected: karate
21:56:58.582 [main] DEBUG org.apache.http.client.protocol.RequestAuthCache -- Auth cache not set in the context
21:56:58.584 [main] DEBUG com.intuit.karate -- request:
1 > GET http://localhost:3000/dv/products/MOMO/configurattors/ccpconfigurator?provideAllAttributes=true&cps=true
1 > Accept: application/json
1 > Authorization: Bearer abddsds
1 > Host: localhost:3000
1 > Connection: Keep-Alive
1 > User-Agent: Apache-HttpClient/4.5.14 (Java/23.0.2)
1 > Accept-Encoding: gzip,deflate


21:56:58.585 [main] DEBUG org.apache.http.impl.conn.PoolingHttpClientConnectionManager -- Connection request: [route: {}->http://localhost:3000][total available: 0; route allocated: 0 of 5; total allocated: 0 of 10]
21:56:58.592 [main] DEBUG org.apache.http.impl.conn.PoolingHttpClientConnectionManager -- Connection leased: [id: 0][route: {}->http://localhost:3000][total available: 0; route allocated: 1 of 5; total allocated: 1 of 10]
21:56:58.594 [main] DEBUG org.apache.http.impl.execchain.MainClientExec -- Opening connection {}->http://localhost:3000
21:56:58.609 [main] DEBUG org.apache.http.impl.conn.DefaultHttpClientConnectionOperator -- Connecting to localhost/127.0.0.1:3000
21:56:58.611 [main] DEBUG org.apache.http.impl.conn.DefaultHttpClientConnectionOperator -- Connection established 127.0.0.1:59054<->127.0.0.1:3000
21:56:58.612 [main] DEBUG org.apache.http.impl.conn.DefaultManagedHttpClientConnection -- http-outgoing-0: set socket timeout to 30000
21:56:58.612 [main] DEBUG org.apache.http.impl.execchain.MainClientExec -- Executing request GET /dv/products/MOMO/configurattors/ccpconfigurator?provideAllAttributes=true&cps=true HTTP/1.1
21:56:58.612 [main] DEBUG org.apache.http.impl.execchain.MainClientExec -- Proxy auth state: UNCHALLENGED
21:56:58.614 [main] DEBUG org.apache.http.headers -- http-outgoing-0 >> GET /dv/products/MOMO/configurattors/ccpconfigurator?provideAllAttributes=true&cps=true HTTP/1.1
21:56:58.614 [main] DEBUG org.apache.http.headers -- http-outgoing-0 >> Accept: application/json
21:56:58.614 [main] DEBUG org.apache.http.headers -- http-outgoing-0 >> Authorization: Bearer abddsds
21:56:58.614 [main] DEBUG org.apache.http.headers -- http-outgoing-0 >> Host: localhost:3000
21:56:58.614 [main] DEBUG org.apache.http.headers -- http-outgoing-0 >> Connection: Keep-Alive
21:56:58.614 [main] DEBUG org.apache.http.headers -- http-outgoing-0 >> User-Agent: Apache-HttpClient/4.5.14 (Java/23.0.2)
21:56:58.614 [main] DEBUG org.apache.http.headers -- http-outgoing-0 >> Accept-Encoding: gzip,deflate
21:56:58.614 [main] DEBUG org.apache.http.wire -- http-outgoing-0 >> "GET /dv/products/MOMO/configurattors/ccpconfigurator?provideAllAttributes=true&cps=true HTTP/1.1[\r][\n]"
21:56:58.614 [main] DEBUG org.apache.http.wire -- http-outgoing-0 >> "Accept: application/json[\r][\n]"
21:56:58.614 [main] DEBUG org.apache.http.wire -- http-outgoing-0 >> "Authorization: Bearer abddsds[\r][\n]"
21:56:58.614 [main] DEBUG org.apache.http.wire -- http-outgoing-0 >> "Host: localhost:3000[\r][\n]"
21:56:58.614 [main] DEBUG org.apache.http.wire -- http-outgoing-0 >> "Connection: Keep-Alive[\r][\n]"
21:56:58.614 [main] DEBUG org.apache.http.wire -- http-outgoing-0 >> "User-Agent: Apache-HttpClient/4.5.14 (Java/23.0.2)[\r][\n]"
21:56:58.614 [main] DEBUG org.apache.http.wire -- http-outgoing-0 >> "Accept-Encoding: gzip,deflate[\r][\n]"
21:56:58.614 [main] DEBUG org.apache.http.wire -- http-outgoing-0 >> "[\r][\n]"
21:56:58.618 [main] DEBUG org.apache.http.wire -- http-outgoing-0 << "HTTP/1.1 200 OK[\r][\n]"
21:56:58.618 [main] DEBUG org.apache.http.wire -- http-outgoing-0 << "Content-Type: application/json; charset=utf-8[\r][\n]"
21:56:58.618 [main] DEBUG org.apache.http.wire -- http-outgoing-0 << "Content-Length: 61[\r][\n]"
21:56:58.619 [main] DEBUG org.apache.http.wire -- http-outgoing-0 << "Date: Wed, 27 Aug 2025 14:56:58 GMT[\r][\n]"
21:56:58.619 [main] DEBUG org.apache.http.wire -- http-outgoing-0 << "Connection: keep-alive[\r][\n]"
21:56:58.619 [main] DEBUG org.apache.http.wire -- http-outgoing-0 << "Keep-Alive: timeout=5[\r][\n]"
21:56:58.619 [main] DEBUG org.apache.http.wire -- http-outgoing-0 << "[\r][\n]"
21:56:58.619 [main] DEBUG org.apache.http.wire -- http-outgoing-0 << "{[\n]"
21:56:58.619 [main] DEBUG org.apache.http.wire -- http-outgoing-0 << "  "type":"custom",[\n]"
21:56:58.619 [main] DEBUG org.apache.http.wire -- http-outgoing-0 << "  "data":{[\n]"
21:56:58.619 [main] DEBUG org.apache.http.wire -- http-outgoing-0 << "    "configId":"654657"[\n]"
21:56:58.619 [main] DEBUG org.apache.http.wire -- http-outgoing-0 << "  }[\n]"
21:56:58.619 [main] DEBUG org.apache.http.wire -- http-outgoing-0 << "}"
21:56:58.620 [main] DEBUG org.apache.http.headers -- http-outgoing-0 << HTTP/1.1 200 OK
21:56:58.620 [main] DEBUG org.apache.http.headers -- http-outgoing-0 << Content-Type: application/json; charset=utf-8
21:56:58.620 [main] DEBUG org.apache.http.headers -- http-outgoing-0 << Content-Length: 61
21:56:58.620 [main] DEBUG org.apache.http.headers -- http-outgoing-0 << Date: Wed, 27 Aug 2025 14:56:58 GMT
21:56:58.620 [main] DEBUG org.apache.http.headers -- http-outgoing-0 << Connection: keep-alive
21:56:58.620 [main] DEBUG org.apache.http.headers -- http-outgoing-0 << Keep-Alive: timeout=5
21:56:58.623 [main] DEBUG org.apache.http.impl.execchain.MainClientExec -- Connection can be kept alive for 5000 MILLISECONDS
21:56:58.624 [main] DEBUG org.apache.http.impl.conn.PoolingHttpClientConnectionManager -- Connection [id: 0][route: {}->http://localhost:3000] can be kept alive for 5.0 seconds
21:56:58.625 [main] DEBUG org.apache.http.impl.conn.DefaultManagedHttpClientConnection -- http-outgoing-0: set socket timeout to 0
21:56:58.625 [main] DEBUG org.apache.http.impl.conn.PoolingHttpClientConnectionManager -- Connection released: [id: 0][route: {}->http://localhost:3000][total available: 1; route allocated: 1 of 5; total allocated: 1 of 10]
21:56:58.625 [main] DEBUG org.apache.http.impl.conn.PoolingHttpClientConnectionManager -- Connection manager is shutting down
21:56:58.626 [main] DEBUG org.apache.http.impl.conn.DefaultManagedHttpClientConnection -- http-outgoing-0: Close connection
21:56:58.627 [main] DEBUG org.apache.http.impl.conn.PoolingHttpClientConnectionManager -- Connection manager shut down
21:56:58.629 [main] DEBUG com.intuit.karate -- response time in milliseconds: 40
1 < 200
1 < Content-Type: application/json; charset=utf-8
1 < Content-Length: 61
1 < Date: Wed, 27 Aug 2025 14:56:58 GMT
1 < Connection: keep-alive
1 < Keep-Alive: timeout=5
{
  "type":"custom",
  "data":{
    "configId":"654657"
  }
}

21:56:58.665 [main] DEBUG com.jayway.jsonpath.internal.path.CompiledPath -- Evaluating path: $['data']['configId']
21:56:58.673 [main] INFO com.intuit.karate -- [print] created configId is:  654657 
21:56:58.675 [main] DEBUG com.jayway.jsonpath.internal.path.CompiledPath -- Evaluating path: $
21:56:58.675 [main] DEBUG com.jayway.jsonpath.internal.path.CompiledPath -- Evaluating path: $
21:56:58.680 [main] INFO com.intuit.karate -- Current group: {
  "groupName": "PAPA",
  "materialCode": "1234.0"
}
 
21:56:58.681 [main] INFO com.intuit.karate -- Current vars: {
  "configId": "654657",
  "groupName": "PAPA",
  "materialCode": "1234.0"
}
 
21:56:58.687 [main] INFO com.intuit.karate.core.FeatureRuntime -- classpath:separateApi/set_material_by_group_name.feature - call by tag at line 9: Set_Material_By_Group_Name
21:56:58.696 [main] DEBUG com.jayway.jsonpath.internal.path.CompiledPath -- Evaluating path: $
21:56:58.697 [main] DEBUG org.apache.http.client.protocol.RequestAddCookies -- CookieSpec selected: karate
21:56:58.697 [main] DEBUG org.apache.http.client.protocol.RequestAuthCache -- Auth cache not set in the context
21:56:58.697 [main] DEBUG com.intuit.karate -- request:
1 > PATCH http://localhost:3000/dv/ccpconfigurator/654657/PAPA/material/1234.0?cps=true
1 > Accept: application/json
1 > Authorization: Bearer abddsds
1 > Host: localhost:3000
1 > Connection: Keep-Alive
1 > User-Agent: Apache-HttpClient/4.5.14 (Java/23.0.2)
1 > Accept-Encoding: gzip,deflate


21:56:58.697 [main] DEBUG org.apache.http.impl.conn.PoolingHttpClientConnectionManager -- Connection request: [route: {}->http://localhost:3000][total available: 0; route allocated: 0 of 5; total allocated: 0 of 10]
21:56:58.697 [main] DEBUG org.apache.http.impl.conn.PoolingHttpClientConnectionManager -- Connection leased: [id: 1][route: {}->http://localhost:3000][total available: 0; route allocated: 1 of 5; total allocated: 1 of 10]
21:56:58.698 [main] DEBUG org.apache.http.impl.execchain.MainClientExec -- Opening connection {}->http://localhost:3000
21:56:58.698 [main] DEBUG org.apache.http.impl.conn.DefaultHttpClientConnectionOperator -- Connecting to localhost/127.0.0.1:3000
21:56:58.699 [main] DEBUG org.apache.http.impl.conn.DefaultHttpClientConnectionOperator -- Connection established 127.0.0.1:59055<->127.0.0.1:3000
21:56:58.699 [main] DEBUG org.apache.http.impl.conn.DefaultManagedHttpClientConnection -- http-outgoing-1: set socket timeout to 30000
21:56:58.699 [main] DEBUG org.apache.http.impl.execchain.MainClientExec -- Executing request PATCH /dv/ccpconfigurator/654657/PAPA/material/1234.0?cps=true HTTP/1.1
21:56:58.700 [main] DEBUG org.apache.http.impl.execchain.MainClientExec -- Proxy auth state: UNCHALLENGED
21:56:58.700 [main] DEBUG org.apache.http.headers -- http-outgoing-1 >> PATCH /dv/ccpconfigurator/654657/PAPA/material/1234.0?cps=true HTTP/1.1
21:56:58.700 [main] DEBUG org.apache.http.headers -- http-outgoing-1 >> Accept: application/json
21:56:58.700 [main] DEBUG org.apache.http.headers -- http-outgoing-1 >> Authorization: Bearer abddsds
21:56:58.700 [main] DEBUG org.apache.http.headers -- http-outgoing-1 >> Host: localhost:3000
21:56:58.700 [main] DEBUG org.apache.http.headers -- http-outgoing-1 >> Connection: Keep-Alive
21:56:58.700 [main] DEBUG org.apache.http.headers -- http-outgoing-1 >> User-Agent: Apache-HttpClient/4.5.14 (Java/23.0.2)
21:56:58.700 [main] DEBUG org.apache.http.headers -- http-outgoing-1 >> Accept-Encoding: gzip,deflate
21:56:58.700 [main] DEBUG org.apache.http.wire -- http-outgoing-1 >> "PATCH /dv/ccpconfigurator/654657/PAPA/material/1234.0?cps=true HTTP/1.1[\r][\n]"
21:56:58.700 [main] DEBUG org.apache.http.wire -- http-outgoing-1 >> "Accept: application/json[\r][\n]"
21:56:58.700 [main] DEBUG org.apache.http.wire -- http-outgoing-1 >> "Authorization: Bearer abddsds[\r][\n]"
21:56:58.701 [main] DEBUG org.apache.http.wire -- http-outgoing-1 >> "Host: localhost:3000[\r][\n]"
21:56:58.701 [main] DEBUG org.apache.http.wire -- http-outgoing-1 >> "Connection: Keep-Alive[\r][\n]"
21:56:58.701 [main] DEBUG org.apache.http.wire -- http-outgoing-1 >> "User-Agent: Apache-HttpClient/4.5.14 (Java/23.0.2)[\r][\n]"
21:56:58.701 [main] DEBUG org.apache.http.wire -- http-outgoing-1 >> "Accept-Encoding: gzip,deflate[\r][\n]"
21:56:58.701 [main] DEBUG org.apache.http.wire -- http-outgoing-1 >> "[\r][\n]"
21:56:58.705 [main] DEBUG org.apache.http.wire -- http-outgoing-1 << "HTTP/1.1 200 OK[\r][\n]"
21:56:58.705 [main] DEBUG org.apache.http.wire -- http-outgoing-1 << "Content-Type: application/json; charset=utf-8[\r][\n]"
21:56:58.705 [main] DEBUG org.apache.http.wire -- http-outgoing-1 << "Content-Length: 84[\r][\n]"
21:56:58.705 [main] DEBUG org.apache.http.wire -- http-outgoing-1 << "Date: Wed, 27 Aug 2025 14:56:58 GMT[\r][\n]"
21:56:58.705 [main] DEBUG org.apache.http.wire -- http-outgoing-1 << "Connection: keep-alive[\r][\n]"
21:56:58.705 [main] DEBUG org.apache.http.wire -- http-outgoing-1 << "Keep-Alive: timeout=5[\r][\n]"
21:56:58.705 [main] DEBUG org.apache.http.wire -- http-outgoing-1 << "[\r][\n]"
21:56:58.705 [main] DEBUG org.apache.http.wire -- http-outgoing-1 << "{[\n]"
21:56:58.705 [main] DEBUG org.apache.http.wire -- http-outgoing-1 << "  "type":"custom",[\n]"
21:56:58.705 [main] DEBUG org.apache.http.wire -- http-outgoing-1 << "  "data":{[\n]"
21:56:58.705 [main] DEBUG org.apache.http.wire -- http-outgoing-1 << "    "consistent":true,[\n]"
21:56:58.705 [main] DEBUG org.apache.http.wire -- http-outgoing-1 << "    "configId":"654657"[\n]"
21:56:58.705 [main] DEBUG org.apache.http.wire -- http-outgoing-1 << "  }[\n]"
21:56:58.705 [main] DEBUG org.apache.http.wire -- http-outgoing-1 << "}"
21:56:58.706 [main] DEBUG org.apache.http.headers -- http-outgoing-1 << HTTP/1.1 200 OK
21:56:58.706 [main] DEBUG org.apache.http.headers -- http-outgoing-1 << Content-Type: application/json; charset=utf-8
21:56:58.706 [main] DEBUG org.apache.http.headers -- http-outgoing-1 << Content-Length: 84
21:56:58.706 [main] DEBUG org.apache.http.headers -- http-outgoing-1 << Date: Wed, 27 Aug 2025 14:56:58 GMT
21:56:58.706 [main] DEBUG org.apache.http.headers -- http-outgoing-1 << Connection: keep-alive
21:56:58.706 [main] DEBUG org.apache.http.headers -- http-outgoing-1 << Keep-Alive: timeout=5
21:56:58.706 [main] DEBUG org.apache.http.impl.execchain.MainClientExec -- Connection can be kept alive for 5000 MILLISECONDS
21:56:58.706 [main] DEBUG org.apache.http.impl.conn.PoolingHttpClientConnectionManager -- Connection [id: 1][route: {}->http://localhost:3000] can be kept alive for 5.0 seconds
21:56:58.706 [main] DEBUG org.apache.http.impl.conn.DefaultManagedHttpClientConnection -- http-outgoing-1: set socket timeout to 0
21:56:58.706 [main] DEBUG org.apache.http.impl.conn.PoolingHttpClientConnectionManager -- Connection released: [id: 1][route: {}->http://localhost:3000][total available: 1; route allocated: 1 of 5; total allocated: 1 of 10]
21:56:58.706 [main] DEBUG org.apache.http.impl.conn.PoolingHttpClientConnectionManager -- Connection manager is shutting down
21:56:58.706 [main] DEBUG org.apache.http.impl.conn.DefaultManagedHttpClientConnection -- http-outgoing-1: Close connection
21:56:58.706 [main] DEBUG org.apache.http.impl.conn.PoolingHttpClientConnectionManager -- Connection manager shut down
21:56:58.706 [main] DEBUG com.intuit.karate -- response time in milliseconds: 9
1 < 200
1 < Content-Type: application/json; charset=utf-8
1 < Content-Length: 84
1 < Date: Wed, 27 Aug 2025 14:56:58 GMT
1 < Connection: keep-alive
1 < Keep-Alive: timeout=5
{
  "type":"custom",
  "data":{
    "consistent":true,
    "configId":"654657"
  }
}

21:56:58.710 [main] INFO com.intuit.karate -- [print] Response Set Material By Group Name:  654657 groupName PAPA :  {
  "type": "custom",
  "data": {
    "consistent": true,
    "configId": "654657"
  }
}
 
21:56:58.711 [main] INFO com.intuit.karate -- {
  "groupName": "PAPA",
  "responseHeaders": {
    "Content-Type": [
      "application/json; charset=utf-8"
    ],
    "Content-Length": [
      "84"
    ],
    "Date": [
      "Wed, 27 Aug 2025 14:56:58 GMT"
    ],
    "Connection": [
      "keep-alive"
    ],
    "Keep-Alive": [
      "timeout=5"
    ],
    "Set-Cookie": [
    ]
  },
  "configId": "654657",
  "responseTime": 9,
  "response": {
    "type": "custom",
    "data": {
      "consistent": true,
      "configId": "654657"
    }
  },
  "materialCode": "1234.0",
  "responseStatus": 200
}
 
21:56:58.726 [main] INFO com.intuit.karate -- Current group: {
  "groupName": "MAMA",
  "materialCode": "2423534.0"
}
 
21:56:58.727 [main] INFO com.intuit.karate -- Current vars: {
  "configId": "654657",
  "groupName": "MAMA",
  "materialCode": "2423534.0"
}
 
21:56:58.729 [main] INFO com.intuit.karate.core.FeatureRuntime -- classpath:separateApi/set_material_by_group_name.feature - call by tag at line 9: Set_Material_By_Group_Name
21:56:58.738 [main] DEBUG com.jayway.jsonpath.internal.path.CompiledPath -- Evaluating path: $
21:56:58.739 [main] DEBUG org.apache.http.client.protocol.RequestAddCookies -- CookieSpec selected: karate
21:56:58.739 [main] DEBUG org.apache.http.client.protocol.RequestAuthCache -- Auth cache not set in the context
21:56:58.739 [main] DEBUG com.intuit.karate -- request:
1 > PATCH http://localhost:3000/dv/ccpconfigurator/654657/MAMA/material/2423534.0?cps=true
1 > Accept: application/json
1 > Authorization: Bearer abddsds
1 > Host: localhost:3000
1 > Connection: Keep-Alive
1 > User-Agent: Apache-HttpClient/4.5.14 (Java/23.0.2)
1 > Accept-Encoding: gzip,deflate


21:56:58.739 [main] DEBUG org.apache.http.impl.conn.PoolingHttpClientConnectionManager -- Connection request: [route: {}->http://localhost:3000][total available: 0; route allocated: 0 of 5; total allocated: 0 of 10]
21:56:58.739 [main] DEBUG org.apache.http.impl.conn.PoolingHttpClientConnectionManager -- Connection leased: [id: 2][route: {}->http://localhost:3000][total available: 0; route allocated: 1 of 5; total allocated: 1 of 10]
21:56:58.739 [main] DEBUG org.apache.http.impl.execchain.MainClientExec -- Opening connection {}->http://localhost:3000
21:56:58.740 [main] DEBUG org.apache.http.impl.conn.DefaultHttpClientConnectionOperator -- Connecting to localhost/127.0.0.1:3000
21:56:58.740 [main] DEBUG org.apache.http.impl.conn.DefaultHttpClientConnectionOperator -- Connection established 127.0.0.1:59056<->127.0.0.1:3000
21:56:58.740 [main] DEBUG org.apache.http.impl.conn.DefaultManagedHttpClientConnection -- http-outgoing-2: set socket timeout to 30000
21:56:58.740 [main] DEBUG org.apache.http.impl.execchain.MainClientExec -- Executing request PATCH /dv/ccpconfigurator/654657/MAMA/material/2423534.0?cps=true HTTP/1.1
21:56:58.740 [main] DEBUG org.apache.http.impl.execchain.MainClientExec -- Proxy auth state: UNCHALLENGED
21:56:58.740 [main] DEBUG org.apache.http.headers -- http-outgoing-2 >> PATCH /dv/ccpconfigurator/654657/MAMA/material/2423534.0?cps=true HTTP/1.1
21:56:58.740 [main] DEBUG org.apache.http.headers -- http-outgoing-2 >> Accept: application/json
21:56:58.740 [main] DEBUG org.apache.http.headers -- http-outgoing-2 >> Authorization: Bearer abddsds
21:56:58.740 [main] DEBUG org.apache.http.headers -- http-outgoing-2 >> Host: localhost:3000
21:56:58.740 [main] DEBUG org.apache.http.headers -- http-outgoing-2 >> Connection: Keep-Alive
21:56:58.740 [main] DEBUG org.apache.http.headers -- http-outgoing-2 >> User-Agent: Apache-HttpClient/4.5.14 (Java/23.0.2)
21:56:58.740 [main] DEBUG org.apache.http.headers -- http-outgoing-2 >> Accept-Encoding: gzip,deflate
21:56:58.740 [main] DEBUG org.apache.http.wire -- http-outgoing-2 >> "PATCH /dv/ccpconfigurator/654657/MAMA/material/2423534.0?cps=true HTTP/1.1[\r][\n]"
21:56:58.740 [main] DEBUG org.apache.http.wire -- http-outgoing-2 >> "Accept: application/json[\r][\n]"
21:56:58.741 [main] DEBUG org.apache.http.wire -- http-outgoing-2 >> "Authorization: Bearer abddsds[\r][\n]"
21:56:58.741 [main] DEBUG org.apache.http.wire -- http-outgoing-2 >> "Host: localhost:3000[\r][\n]"
21:56:58.741 [main] DEBUG org.apache.http.wire -- http-outgoing-2 >> "Connection: Keep-Alive[\r][\n]"
21:56:58.741 [main] DEBUG org.apache.http.wire -- http-outgoing-2 >> "User-Agent: Apache-HttpClient/4.5.14 (Java/23.0.2)[\r][\n]"
21:56:58.741 [main] DEBUG org.apache.http.wire -- http-outgoing-2 >> "Accept-Encoding: gzip,deflate[\r][\n]"
21:56:58.741 [main] DEBUG org.apache.http.wire -- http-outgoing-2 >> "[\r][\n]"
21:56:58.745 [main] DEBUG org.apache.http.wire -- http-outgoing-2 << "HTTP/1.1 200 OK[\r][\n]"
21:56:58.745 [main] DEBUG org.apache.http.wire -- http-outgoing-2 << "Content-Type: application/json; charset=utf-8[\r][\n]"
21:56:58.745 [main] DEBUG org.apache.http.wire -- http-outgoing-2 << "Content-Length: 84[\r][\n]"
21:56:58.746 [main] DEBUG org.apache.http.wire -- http-outgoing-2 << "Date: Wed, 27 Aug 2025 14:56:58 GMT[\r][\n]"
21:56:58.746 [main] DEBUG org.apache.http.wire -- http-outgoing-2 << "Connection: keep-alive[\r][\n]"
21:56:58.746 [main] DEBUG org.apache.http.wire -- http-outgoing-2 << "Keep-Alive: timeout=5[\r][\n]"
21:56:58.746 [main] DEBUG org.apache.http.wire -- http-outgoing-2 << "[\r][\n]"
21:56:58.746 [main] DEBUG org.apache.http.wire -- http-outgoing-2 << "{[\n]"
21:56:58.746 [main] DEBUG org.apache.http.wire -- http-outgoing-2 << "  "type":"custom",[\n]"
21:56:58.746 [main] DEBUG org.apache.http.wire -- http-outgoing-2 << "  "data":{[\n]"
21:56:58.746 [main] DEBUG org.apache.http.wire -- http-outgoing-2 << "    "consistent":true,[\n]"
21:56:58.746 [main] DEBUG org.apache.http.wire -- http-outgoing-2 << "    "configId":"654657"[\n]"
21:56:58.746 [main] DEBUG org.apache.http.wire -- http-outgoing-2 << "  }[\n]"
21:56:58.746 [main] DEBUG org.apache.http.wire -- http-outgoing-2 << "}"
21:56:58.746 [main] DEBUG org.apache.http.headers -- http-outgoing-2 << HTTP/1.1 200 OK
21:56:58.746 [main] DEBUG org.apache.http.headers -- http-outgoing-2 << Content-Type: application/json; charset=utf-8
21:56:58.746 [main] DEBUG org.apache.http.headers -- http-outgoing-2 << Content-Length: 84
21:56:58.747 [main] DEBUG org.apache.http.headers -- http-outgoing-2 << Date: Wed, 27 Aug 2025 14:56:58 GMT
21:56:58.747 [main] DEBUG org.apache.http.headers -- http-outgoing-2 << Connection: keep-alive
21:56:58.747 [main] DEBUG org.apache.http.headers -- http-outgoing-2 << Keep-Alive: timeout=5
21:56:58.747 [main] DEBUG org.apache.http.impl.execchain.MainClientExec -- Connection can be kept alive for 5000 MILLISECONDS
21:56:58.747 [main] DEBUG org.apache.http.impl.conn.PoolingHttpClientConnectionManager -- Connection [id: 2][route: {}->http://localhost:3000] can be kept alive for 5.0 seconds
21:56:58.747 [main] DEBUG org.apache.http.impl.conn.DefaultManagedHttpClientConnection -- http-outgoing-2: set socket timeout to 0
21:56:58.747 [main] DEBUG org.apache.http.impl.conn.PoolingHttpClientConnectionManager -- Connection released: [id: 2][route: {}->http://localhost:3000][total available: 1; route allocated: 1 of 5; total allocated: 1 of 10]
21:56:58.747 [main] DEBUG org.apache.http.impl.conn.PoolingHttpClientConnectionManager -- Connection manager is shutting down
21:56:58.747 [main] DEBUG org.apache.http.impl.conn.DefaultManagedHttpClientConnection -- http-outgoing-2: Close connection
21:56:58.747 [main] DEBUG org.apache.http.impl.conn.PoolingHttpClientConnectionManager -- Connection manager shut down
21:56:58.747 [main] DEBUG com.intuit.karate -- response time in milliseconds: 8
1 < 200
1 < Content-Type: application/json; charset=utf-8
1 < Content-Length: 84
1 < Date: Wed, 27 Aug 2025 14:56:58 GMT
1 < Connection: keep-alive
1 < Keep-Alive: timeout=5
{
  "type":"custom",
  "data":{
    "consistent":true,
    "configId":"654657"
  }
}

21:56:58.750 [main] INFO com.intuit.karate -- [print] Response Set Material By Group Name:  654657 groupName MAMA :  {
  "type": "custom",
  "data": {
    "consistent": true,
    "configId": "654657"
  }
}
 
21:56:58.750 [main] INFO com.intuit.karate -- {
  "groupName": "MAMA",
  "responseHeaders": {
    "Content-Type": [
      "application/json; charset=utf-8"
    ],
    "Content-Length": [
      "84"
    ],
    "Date": [
      "Wed, 27 Aug 2025 14:56:58 GMT"
    ],
    "Connection": [
      "keep-alive"
    ],
    "Keep-Alive": [
      "timeout=5"
    ],
    "Set-Cookie": [
    ]
  },
  "configId": "654657",
  "responseTime": 8,
  "response": {
    "type": "custom",
    "data": {
      "consistent": true,
      "configId": "654657"
    }
  },
  "materialCode": "2423534.0",
  "responseStatus": 200
}
 
21:56:58.775 [main] INFO com.intuit.karate -- Current run i: {
  "response": {
    "type": "custom",
    "data": {
      "consistent": true,
      "configId": "654657"
    }
  },
  "args": {
    "configId": "654657",
    "groupName": "PAPA",
    "materialCode": "1234.0"
  },
  "testStepName": "Set_Material_By_Group_Name"
}
 
21:56:58.783 [main] INFO com.intuit.karate -- Current run i: {
  "response": {
    "type": "custom",
    "data": {
      "consistent": true,
      "configId": "654657"
    }
  },
  "args": {
    "configId": "654657",
    "groupName": "MAMA",
    "materialCode": "2423534.0"
  },
  "testStepName": "Set_Material_By_Group_Name"
}
 
]]></system-out>
    <system-err><![CDATA[ERROR StatusLogger Log4j2 could not find a logging implementation. Please add log4j-core to the classpath. Using SimpleLogger to log to the console...
]]></system-err>
  </testcase>
  <testcase name="[1.2:44] Update All Group of Product MOMO World" classname="update_product" time="0.124">
    <system-out><![CDATA[21:56:58.808 [main] INFO com.intuit.karate -- [print] Hostname: http://localhost:3000 
21:56:58.856 [main] INFO com.intuit.karate.core.FeatureRuntime -- classpath:/separateApi/get_configId_by_productCode.feature - call by tag at line 9: Get_ConfigId_Of_Product_Code
21:56:58.865 [main] DEBUG org.apache.http.client.protocol.RequestAddCookies -- CookieSpec selected: karate
21:56:58.865 [main] DEBUG org.apache.http.client.protocol.RequestAuthCache -- Auth cache not set in the context
21:56:58.865 [main] DEBUG com.intuit.karate -- request:
1 > GET http://localhost:3000/dv/products/MOMO/configurattors/ccpconfigurator?provideAllAttributes=true&cps=true
1 > Accept: application/json
1 > Authorization: Bearer abddsds
1 > Host: localhost:3000
1 > Connection: Keep-Alive
1 > User-Agent: Apache-HttpClient/4.5.14 (Java/23.0.2)
1 > Accept-Encoding: gzip,deflate


21:56:58.866 [main] DEBUG org.apache.http.impl.conn.PoolingHttpClientConnectionManager -- Connection request: [route: {}->http://localhost:3000][total available: 0; route allocated: 0 of 5; total allocated: 0 of 10]
21:56:58.866 [main] DEBUG org.apache.http.impl.conn.PoolingHttpClientConnectionManager -- Connection leased: [id: 3][route: {}->http://localhost:3000][total available: 0; route allocated: 1 of 5; total allocated: 1 of 10]
21:56:58.866 [main] DEBUG org.apache.http.impl.execchain.MainClientExec -- Opening connection {}->http://localhost:3000
21:56:58.866 [main] DEBUG org.apache.http.impl.conn.DefaultHttpClientConnectionOperator -- Connecting to localhost/127.0.0.1:3000
21:56:58.867 [main] DEBUG org.apache.http.impl.conn.DefaultHttpClientConnectionOperator -- Connection established 127.0.0.1:59057<->127.0.0.1:3000
21:56:58.867 [main] DEBUG org.apache.http.impl.conn.DefaultManagedHttpClientConnection -- http-outgoing-3: set socket timeout to 30000
21:56:58.867 [main] DEBUG org.apache.http.impl.execchain.MainClientExec -- Executing request GET /dv/products/MOMO/configurattors/ccpconfigurator?provideAllAttributes=true&cps=true HTTP/1.1
21:56:58.867 [main] DEBUG org.apache.http.impl.execchain.MainClientExec -- Proxy auth state: UNCHALLENGED
21:56:58.867 [main] DEBUG org.apache.http.headers -- http-outgoing-3 >> GET /dv/products/MOMO/configurattors/ccpconfigurator?provideAllAttributes=true&cps=true HTTP/1.1
21:56:58.867 [main] DEBUG org.apache.http.headers -- http-outgoing-3 >> Accept: application/json
21:56:58.867 [main] DEBUG org.apache.http.headers -- http-outgoing-3 >> Authorization: Bearer abddsds
21:56:58.867 [main] DEBUG org.apache.http.headers -- http-outgoing-3 >> Host: localhost:3000
21:56:58.867 [main] DEBUG org.apache.http.headers -- http-outgoing-3 >> Connection: Keep-Alive
21:56:58.867 [main] DEBUG org.apache.http.headers -- http-outgoing-3 >> User-Agent: Apache-HttpClient/4.5.14 (Java/23.0.2)
21:56:58.867 [main] DEBUG org.apache.http.headers -- http-outgoing-3 >> Accept-Encoding: gzip,deflate
21:56:58.867 [main] DEBUG org.apache.http.wire -- http-outgoing-3 >> "GET /dv/products/MOMO/configurattors/ccpconfigurator?provideAllAttributes=true&cps=true HTTP/1.1[\r][\n]"
21:56:58.867 [main] DEBUG org.apache.http.wire -- http-outgoing-3 >> "Accept: application/json[\r][\n]"
21:56:58.867 [main] DEBUG org.apache.http.wire -- http-outgoing-3 >> "Authorization: Bearer abddsds[\r][\n]"
21:56:58.867 [main] DEBUG org.apache.http.wire -- http-outgoing-3 >> "Host: localhost:3000[\r][\n]"
21:56:58.867 [main] DEBUG org.apache.http.wire -- http-outgoing-3 >> "Connection: Keep-Alive[\r][\n]"
21:56:58.868 [main] DEBUG org.apache.http.wire -- http-outgoing-3 >> "User-Agent: Apache-HttpClient/4.5.14 (Java/23.0.2)[\r][\n]"
21:56:58.868 [main] DEBUG org.apache.http.wire -- http-outgoing-3 >> "Accept-Encoding: gzip,deflate[\r][\n]"
21:56:58.868 [main] DEBUG org.apache.http.wire -- http-outgoing-3 >> "[\r][\n]"
21:56:58.872 [main] DEBUG org.apache.http.wire -- http-outgoing-3 << "HTTP/1.1 200 OK[\r][\n]"
21:56:58.872 [main] DEBUG org.apache.http.wire -- http-outgoing-3 << "Content-Type: application/json; charset=utf-8[\r][\n]"
21:56:58.872 [main] DEBUG org.apache.http.wire -- http-outgoing-3 << "Content-Length: 61[\r][\n]"
21:56:58.872 [main] DEBUG org.apache.http.wire -- http-outgoing-3 << "Date: Wed, 27 Aug 2025 14:56:58 GMT[\r][\n]"
21:56:58.872 [main] DEBUG org.apache.http.wire -- http-outgoing-3 << "Connection: keep-alive[\r][\n]"
21:56:58.872 [main] DEBUG org.apache.http.wire -- http-outgoing-3 << "Keep-Alive: timeout=5[\r][\n]"
21:56:58.872 [main] DEBUG org.apache.http.wire -- http-outgoing-3 << "[\r][\n]"
21:56:58.872 [main] DEBUG org.apache.http.wire -- http-outgoing-3 << "{[\n]"
21:56:58.872 [main] DEBUG org.apache.http.wire -- http-outgoing-3 << "  "type":"custom",[\n]"
21:56:58.872 [main] DEBUG org.apache.http.wire -- http-outgoing-3 << "  "data":{[\n]"
21:56:58.872 [main] DEBUG org.apache.http.wire -- http-outgoing-3 << "    "configId":"654657"[\n]"
21:56:58.872 [main] DEBUG org.apache.http.wire -- http-outgoing-3 << "  }[\n]"
21:56:58.872 [main] DEBUG org.apache.http.wire -- http-outgoing-3 << "}"
21:56:58.872 [main] DEBUG org.apache.http.headers -- http-outgoing-3 << HTTP/1.1 200 OK
21:56:58.872 [main] DEBUG org.apache.http.headers -- http-outgoing-3 << Content-Type: application/json; charset=utf-8
21:56:58.872 [main] DEBUG org.apache.http.headers -- http-outgoing-3 << Content-Length: 61
21:56:58.872 [main] DEBUG org.apache.http.headers -- http-outgoing-3 << Date: Wed, 27 Aug 2025 14:56:58 GMT
21:56:58.872 [main] DEBUG org.apache.http.headers -- http-outgoing-3 << Connection: keep-alive
21:56:58.872 [main] DEBUG org.apache.http.headers -- http-outgoing-3 << Keep-Alive: timeout=5
21:56:58.873 [main] DEBUG org.apache.http.impl.execchain.MainClientExec -- Connection can be kept alive for 5000 MILLISECONDS
21:56:58.873 [main] DEBUG org.apache.http.impl.conn.PoolingHttpClientConnectionManager -- Connection [id: 3][route: {}->http://localhost:3000] can be kept alive for 5.0 seconds
21:56:58.873 [main] DEBUG org.apache.http.impl.conn.DefaultManagedHttpClientConnection -- http-outgoing-3: set socket timeout to 0
21:56:58.873 [main] DEBUG org.apache.http.impl.conn.PoolingHttpClientConnectionManager -- Connection released: [id: 3][route: {}->http://localhost:3000][total available: 1; route allocated: 1 of 5; total allocated: 1 of 10]
21:56:58.873 [main] DEBUG org.apache.http.impl.conn.PoolingHttpClientConnectionManager -- Connection manager is shutting down
21:56:58.873 [main] DEBUG org.apache.http.impl.conn.DefaultManagedHttpClientConnection -- http-outgoing-3: Close connection
21:56:58.873 [main] DEBUG org.apache.http.impl.conn.PoolingHttpClientConnectionManager -- Connection manager shut down
21:56:58.873 [main] DEBUG com.intuit.karate -- response time in milliseconds: 7
1 < 200
1 < Content-Type: application/json; charset=utf-8
1 < Content-Length: 61
1 < Date: Wed, 27 Aug 2025 14:56:58 GMT
1 < Connection: keep-alive
1 < Keep-Alive: timeout=5
{
  "type":"custom",
  "data":{
    "configId":"654657"
  }
}

21:56:58.875 [main] DEBUG com.jayway.jsonpath.internal.path.CompiledPath -- Evaluating path: $['data']['configId']
21:56:58.875 [main] INFO com.intuit.karate -- [print] created configId is:  654657 
21:56:58.876 [main] DEBUG com.jayway.jsonpath.internal.path.CompiledPath -- Evaluating path: $
21:56:58.876 [main] DEBUG com.jayway.jsonpath.internal.path.CompiledPath -- Evaluating path: $
21:56:58.877 [main] INFO com.intuit.karate -- Current group: {
  "groupName": "SUNNY",
  "materialCode": "1234.0"
}
 
21:56:58.877 [main] INFO com.intuit.karate -- Current vars: {
  "configId": "654657",
  "groupName": "SUNNY",
  "materialCode": "1234.0"
}
 
21:56:58.880 [main] INFO com.intuit.karate.core.FeatureRuntime -- classpath:separateApi/set_material_by_group_name.feature - call by tag at line 9: Set_Material_By_Group_Name
21:56:58.885 [main] DEBUG com.jayway.jsonpath.internal.path.CompiledPath -- Evaluating path: $
21:56:58.886 [main] DEBUG org.apache.http.client.protocol.RequestAddCookies -- CookieSpec selected: karate
21:56:58.886 [main] DEBUG org.apache.http.client.protocol.RequestAuthCache -- Auth cache not set in the context
21:56:58.887 [main] DEBUG com.intuit.karate -- request:
1 > PATCH http://localhost:3000/dv/ccpconfigurator/654657/SUNNY/material/1234.0?cps=true
1 > Accept: application/json
1 > Authorization: Bearer abddsds
1 > Host: localhost:3000
1 > Connection: Keep-Alive
1 > User-Agent: Apache-HttpClient/4.5.14 (Java/23.0.2)
1 > Accept-Encoding: gzip,deflate


21:56:58.887 [main] DEBUG org.apache.http.impl.conn.PoolingHttpClientConnectionManager -- Connection request: [route: {}->http://localhost:3000][total available: 0; route allocated: 0 of 5; total allocated: 0 of 10]
21:56:58.887 [main] DEBUG org.apache.http.impl.conn.PoolingHttpClientConnectionManager -- Connection leased: [id: 4][route: {}->http://localhost:3000][total available: 0; route allocated: 1 of 5; total allocated: 1 of 10]
21:56:58.887 [main] DEBUG org.apache.http.impl.execchain.MainClientExec -- Opening connection {}->http://localhost:3000
21:56:58.887 [main] DEBUG org.apache.http.impl.conn.DefaultHttpClientConnectionOperator -- Connecting to localhost/127.0.0.1:3000
21:56:58.887 [main] DEBUG org.apache.http.impl.conn.DefaultHttpClientConnectionOperator -- Connection established 127.0.0.1:59058<->127.0.0.1:3000
21:56:58.887 [main] DEBUG org.apache.http.impl.conn.DefaultManagedHttpClientConnection -- http-outgoing-4: set socket timeout to 30000
21:56:58.888 [main] DEBUG org.apache.http.impl.execchain.MainClientExec -- Executing request PATCH /dv/ccpconfigurator/654657/SUNNY/material/1234.0?cps=true HTTP/1.1
21:56:58.888 [main] DEBUG org.apache.http.impl.execchain.MainClientExec -- Proxy auth state: UNCHALLENGED
21:56:58.888 [main] DEBUG org.apache.http.headers -- http-outgoing-4 >> PATCH /dv/ccpconfigurator/654657/SUNNY/material/1234.0?cps=true HTTP/1.1
21:56:58.888 [main] DEBUG org.apache.http.headers -- http-outgoing-4 >> Accept: application/json
21:56:58.888 [main] DEBUG org.apache.http.headers -- http-outgoing-4 >> Authorization: Bearer abddsds
21:56:58.888 [main] DEBUG org.apache.http.headers -- http-outgoing-4 >> Host: localhost:3000
21:56:58.888 [main] DEBUG org.apache.http.headers -- http-outgoing-4 >> Connection: Keep-Alive
21:56:58.888 [main] DEBUG org.apache.http.headers -- http-outgoing-4 >> User-Agent: Apache-HttpClient/4.5.14 (Java/23.0.2)
21:56:58.888 [main] DEBUG org.apache.http.headers -- http-outgoing-4 >> Accept-Encoding: gzip,deflate
21:56:58.888 [main] DEBUG org.apache.http.wire -- http-outgoing-4 >> "PATCH /dv/ccpconfigurator/654657/SUNNY/material/1234.0?cps=true HTTP/1.1[\r][\n]"
21:56:58.888 [main] DEBUG org.apache.http.wire -- http-outgoing-4 >> "Accept: application/json[\r][\n]"
21:56:58.888 [main] DEBUG org.apache.http.wire -- http-outgoing-4 >> "Authorization: Bearer abddsds[\r][\n]"
21:56:58.888 [main] DEBUG org.apache.http.wire -- http-outgoing-4 >> "Host: localhost:3000[\r][\n]"
21:56:58.888 [main] DEBUG org.apache.http.wire -- http-outgoing-4 >> "Connection: Keep-Alive[\r][\n]"
21:56:58.888 [main] DEBUG org.apache.http.wire -- http-outgoing-4 >> "User-Agent: Apache-HttpClient/4.5.14 (Java/23.0.2)[\r][\n]"
21:56:58.888 [main] DEBUG org.apache.http.wire -- http-outgoing-4 >> "Accept-Encoding: gzip,deflate[\r][\n]"
21:56:58.888 [main] DEBUG org.apache.http.wire -- http-outgoing-4 >> "[\r][\n]"
21:56:58.891 [main] DEBUG org.apache.http.wire -- http-outgoing-4 << "HTTP/1.1 200 OK[\r][\n]"
21:56:58.891 [main] DEBUG org.apache.http.wire -- http-outgoing-4 << "Content-Type: application/json; charset=utf-8[\r][\n]"
21:56:58.891 [main] DEBUG org.apache.http.wire -- http-outgoing-4 << "Content-Length: 84[\r][\n]"
21:56:58.891 [main] DEBUG org.apache.http.wire -- http-outgoing-4 << "Date: Wed, 27 Aug 2025 14:56:58 GMT[\r][\n]"
21:56:58.891 [main] DEBUG org.apache.http.wire -- http-outgoing-4 << "Connection: keep-alive[\r][\n]"
21:56:58.891 [main] DEBUG org.apache.http.wire -- http-outgoing-4 << "Keep-Alive: timeout=5[\r][\n]"
21:56:58.891 [main] DEBUG org.apache.http.wire -- http-outgoing-4 << "[\r][\n]"
21:56:58.891 [main] DEBUG org.apache.http.wire -- http-outgoing-4 << "{[\n]"
21:56:58.891 [main] DEBUG org.apache.http.wire -- http-outgoing-4 << "  "type":"custom",[\n]"
21:56:58.891 [main] DEBUG org.apache.http.wire -- http-outgoing-4 << "  "data":{[\n]"
21:56:58.891 [main] DEBUG org.apache.http.wire -- http-outgoing-4 << "    "consistent":true,[\n]"
21:56:58.892 [main] DEBUG org.apache.http.wire -- http-outgoing-4 << "    "configId":"654657"[\n]"
21:56:58.892 [main] DEBUG org.apache.http.wire -- http-outgoing-4 << "  }[\n]"
21:56:58.892 [main] DEBUG org.apache.http.wire -- http-outgoing-4 << "}"
21:56:58.892 [main] DEBUG org.apache.http.headers -- http-outgoing-4 << HTTP/1.1 200 OK
21:56:58.892 [main] DEBUG org.apache.http.headers -- http-outgoing-4 << Content-Type: application/json; charset=utf-8
21:56:58.892 [main] DEBUG org.apache.http.headers -- http-outgoing-4 << Content-Length: 84
21:56:58.892 [main] DEBUG org.apache.http.headers -- http-outgoing-4 << Date: Wed, 27 Aug 2025 14:56:58 GMT
21:56:58.892 [main] DEBUG org.apache.http.headers -- http-outgoing-4 << Connection: keep-alive
21:56:58.892 [main] DEBUG org.apache.http.headers -- http-outgoing-4 << Keep-Alive: timeout=5
21:56:58.892 [main] DEBUG org.apache.http.impl.execchain.MainClientExec -- Connection can be kept alive for 5000 MILLISECONDS
21:56:58.892 [main] DEBUG org.apache.http.impl.conn.PoolingHttpClientConnectionManager -- Connection [id: 4][route: {}->http://localhost:3000] can be kept alive for 5.0 seconds
21:56:58.892 [main] DEBUG org.apache.http.impl.conn.DefaultManagedHttpClientConnection -- http-outgoing-4: set socket timeout to 0
21:56:58.892 [main] DEBUG org.apache.http.impl.conn.PoolingHttpClientConnectionManager -- Connection released: [id: 4][route: {}->http://localhost:3000][total available: 1; route allocated: 1 of 5; total allocated: 1 of 10]
21:56:58.892 [main] DEBUG org.apache.http.impl.conn.PoolingHttpClientConnectionManager -- Connection manager is shutting down
21:56:58.892 [main] DEBUG org.apache.http.impl.conn.DefaultManagedHttpClientConnection -- http-outgoing-4: Close connection
21:56:58.892 [main] DEBUG org.apache.http.impl.conn.PoolingHttpClientConnectionManager -- Connection manager shut down
21:56:58.892 [main] DEBUG com.intuit.karate -- response time in milliseconds: 5
1 < 200
1 < Content-Type: application/json; charset=utf-8
1 < Content-Length: 84
1 < Date: Wed, 27 Aug 2025 14:56:58 GMT
1 < Connection: keep-alive
1 < Keep-Alive: timeout=5
{
  "type":"custom",
  "data":{
    "consistent":true,
    "configId":"654657"
  }
}

21:56:58.894 [main] INFO com.intuit.karate -- [print] Response Set Material By Group Name:  654657 groupName SUNNY :  {
  "type": "custom",
  "data": {
    "consistent": true,
    "configId": "654657"
  }
}
 
21:56:58.895 [main] INFO com.intuit.karate -- {
  "groupName": "SUNNY",
  "responseHeaders": {
    "Content-Type": [
      "application/json; charset=utf-8"
    ],
    "Content-Length": [
      "84"
    ],
    "Date": [
      "Wed, 27 Aug 2025 14:56:58 GMT"
    ],
    "Connection": [
      "keep-alive"
    ],
    "Keep-Alive": [
      "timeout=5"
    ],
    "Set-Cookie": [
    ]
  },
  "configId": "654657",
  "responseTime": 5,
  "response": {
    "type": "custom",
    "data": {
      "consistent": true,
      "configId": "654657"
    }
  },
  "materialCode": "1234.0",
  "responseStatus": 200
}
 
21:56:58.896 [main] INFO com.intuit.karate -- Current group: {
  "groupName": "WIND",
  "materialCode": "2423534.0"
}
 
21:56:58.896 [main] INFO com.intuit.karate -- Current vars: {
  "configId": "654657",
  "groupName": "WIND",
  "materialCode": "2423534.0"
}
 
21:56:58.898 [main] INFO com.intuit.karate.core.FeatureRuntime -- classpath:separateApi/set_material_by_group_name.feature - call by tag at line 9: Set_Material_By_Group_Name
21:56:58.903 [main] DEBUG com.jayway.jsonpath.internal.path.CompiledPath -- Evaluating path: $
21:56:58.904 [main] DEBUG org.apache.http.client.protocol.RequestAddCookies -- CookieSpec selected: karate
21:56:58.904 [main] DEBUG org.apache.http.client.protocol.RequestAuthCache -- Auth cache not set in the context
21:56:58.904 [main] DEBUG com.intuit.karate -- request:
1 > PATCH http://localhost:3000/dv/ccpconfigurator/654657/WIND/material/2423534.0?cps=true
1 > Accept: application/json
1 > Authorization: Bearer abddsds
1 > Host: localhost:3000
1 > Connection: Keep-Alive
1 > User-Agent: Apache-HttpClient/4.5.14 (Java/23.0.2)
1 > Accept-Encoding: gzip,deflate


21:56:58.904 [main] DEBUG org.apache.http.impl.conn.PoolingHttpClientConnectionManager -- Connection request: [route: {}->http://localhost:3000][total available: 0; route allocated: 0 of 5; total allocated: 0 of 10]
21:56:58.904 [main] DEBUG org.apache.http.impl.conn.PoolingHttpClientConnectionManager -- Connection leased: [id: 5][route: {}->http://localhost:3000][total available: 0; route allocated: 1 of 5; total allocated: 1 of 10]
21:56:58.904 [main] DEBUG org.apache.http.impl.execchain.MainClientExec -- Opening connection {}->http://localhost:3000
21:56:58.905 [main] DEBUG org.apache.http.impl.conn.DefaultHttpClientConnectionOperator -- Connecting to localhost/127.0.0.1:3000
21:56:58.905 [main] DEBUG org.apache.http.impl.conn.DefaultHttpClientConnectionOperator -- Connection established 127.0.0.1:59059<->127.0.0.1:3000
21:56:58.906 [main] DEBUG org.apache.http.impl.conn.DefaultManagedHttpClientConnection -- http-outgoing-5: set socket timeout to 30000
21:56:58.906 [main] DEBUG org.apache.http.impl.execchain.MainClientExec -- Executing request PATCH /dv/ccpconfigurator/654657/WIND/material/2423534.0?cps=true HTTP/1.1
21:56:58.906 [main] DEBUG org.apache.http.impl.execchain.MainClientExec -- Proxy auth state: UNCHALLENGED
21:56:58.906 [main] DEBUG org.apache.http.headers -- http-outgoing-5 >> PATCH /dv/ccpconfigurator/654657/WIND/material/2423534.0?cps=true HTTP/1.1
21:56:58.906 [main] DEBUG org.apache.http.headers -- http-outgoing-5 >> Accept: application/json
21:56:58.906 [main] DEBUG org.apache.http.headers -- http-outgoing-5 >> Authorization: Bearer abddsds
21:56:58.906 [main] DEBUG org.apache.http.headers -- http-outgoing-5 >> Host: localhost:3000
21:56:58.907 [main] DEBUG org.apache.http.headers -- http-outgoing-5 >> Connection: Keep-Alive
21:56:58.907 [main] DEBUG org.apache.http.headers -- http-outgoing-5 >> User-Agent: Apache-HttpClient/4.5.14 (Java/23.0.2)
21:56:58.907 [main] DEBUG org.apache.http.headers -- http-outgoing-5 >> Accept-Encoding: gzip,deflate
21:56:58.907 [main] DEBUG org.apache.http.wire -- http-outgoing-5 >> "PATCH /dv/ccpconfigurator/654657/WIND/material/2423534.0?cps=true HTTP/1.1[\r][\n]"
21:56:58.907 [main] DEBUG org.apache.http.wire -- http-outgoing-5 >> "Accept: application/json[\r][\n]"
21:56:58.907 [main] DEBUG org.apache.http.wire -- http-outgoing-5 >> "Authorization: Bearer abddsds[\r][\n]"
21:56:58.907 [main] DEBUG org.apache.http.wire -- http-outgoing-5 >> "Host: localhost:3000[\r][\n]"
21:56:58.907 [main] DEBUG org.apache.http.wire -- http-outgoing-5 >> "Connection: Keep-Alive[\r][\n]"
21:56:58.907 [main] DEBUG org.apache.http.wire -- http-outgoing-5 >> "User-Agent: Apache-HttpClient/4.5.14 (Java/23.0.2)[\r][\n]"
21:56:58.907 [main] DEBUG org.apache.http.wire -- http-outgoing-5 >> "Accept-Encoding: gzip,deflate[\r][\n]"
21:56:58.907 [main] DEBUG org.apache.http.wire -- http-outgoing-5 >> "[\r][\n]"
21:56:58.912 [main] DEBUG org.apache.http.wire -- http-outgoing-5 << "HTTP/1.1 200 OK[\r][\n]"
21:56:58.912 [main] DEBUG org.apache.http.wire -- http-outgoing-5 << "Content-Type: application/json; charset=utf-8[\r][\n]"
21:56:58.913 [main] DEBUG org.apache.http.wire -- http-outgoing-5 << "Content-Length: 84[\r][\n]"
21:56:58.913 [main] DEBUG org.apache.http.wire -- http-outgoing-5 << "Date: Wed, 27 Aug 2025 14:56:58 GMT[\r][\n]"
21:56:58.913 [main] DEBUG org.apache.http.wire -- http-outgoing-5 << "Connection: keep-alive[\r][\n]"
21:56:58.913 [main] DEBUG org.apache.http.wire -- http-outgoing-5 << "Keep-Alive: timeout=5[\r][\n]"
21:56:58.913 [main] DEBUG org.apache.http.wire -- http-outgoing-5 << "[\r][\n]"
21:56:58.913 [main] DEBUG org.apache.http.wire -- http-outgoing-5 << "{[\n]"
21:56:58.913 [main] DEBUG org.apache.http.wire -- http-outgoing-5 << "  "type":"custom",[\n]"
21:56:58.913 [main] DEBUG org.apache.http.wire -- http-outgoing-5 << "  "data":{[\n]"
21:56:58.913 [main] DEBUG org.apache.http.wire -- http-outgoing-5 << "    "consistent":true,[\n]"
21:56:58.913 [main] DEBUG org.apache.http.wire -- http-outgoing-5 << "    "configId":"654657"[\n]"
21:56:58.913 [main] DEBUG org.apache.http.wire -- http-outgoing-5 << "  }[\n]"
21:56:58.913 [main] DEBUG org.apache.http.wire -- http-outgoing-5 << "}"
21:56:58.913 [main] DEBUG org.apache.http.headers -- http-outgoing-5 << HTTP/1.1 200 OK
21:56:58.913 [main] DEBUG org.apache.http.headers -- http-outgoing-5 << Content-Type: application/json; charset=utf-8
21:56:58.913 [main] DEBUG org.apache.http.headers -- http-outgoing-5 << Content-Length: 84
21:56:58.913 [main] DEBUG org.apache.http.headers -- http-outgoing-5 << Date: Wed, 27 Aug 2025 14:56:58 GMT
21:56:58.913 [main] DEBUG org.apache.http.headers -- http-outgoing-5 << Connection: keep-alive
21:56:58.913 [main] DEBUG org.apache.http.headers -- http-outgoing-5 << Keep-Alive: timeout=5
21:56:58.914 [main] DEBUG org.apache.http.impl.execchain.MainClientExec -- Connection can be kept alive for 5000 MILLISECONDS
21:56:58.914 [main] DEBUG org.apache.http.impl.conn.PoolingHttpClientConnectionManager -- Connection [id: 5][route: {}->http://localhost:3000] can be kept alive for 5.0 seconds
21:56:58.914 [main] DEBUG org.apache.http.impl.conn.DefaultManagedHttpClientConnection -- http-outgoing-5: set socket timeout to 0
21:56:58.914 [main] DEBUG org.apache.http.impl.conn.PoolingHttpClientConnectionManager -- Connection released: [id: 5][route: {}->http://localhost:3000][total available: 1; route allocated: 1 of 5; total allocated: 1 of 10]
21:56:58.914 [main] DEBUG org.apache.http.impl.conn.PoolingHttpClientConnectionManager -- Connection manager is shutting down
21:56:58.914 [main] DEBUG org.apache.http.impl.conn.DefaultManagedHttpClientConnection -- http-outgoing-5: Close connection
21:56:58.914 [main] DEBUG org.apache.http.impl.conn.PoolingHttpClientConnectionManager -- Connection manager shut down
21:56:58.914 [main] DEBUG com.intuit.karate -- response time in milliseconds: 10
1 < 200
1 < Content-Type: application/json; charset=utf-8
1 < Content-Length: 84
1 < Date: Wed, 27 Aug 2025 14:56:58 GMT
1 < Connection: keep-alive
1 < Keep-Alive: timeout=5
{
  "type":"custom",
  "data":{
    "consistent":true,
    "configId":"654657"
  }
}

21:56:58.916 [main] INFO com.intuit.karate -- [print] Response Set Material By Group Name:  654657 groupName WIND :  {
  "type": "custom",
  "data": {
    "consistent": true,
    "configId": "654657"
  }
}
 
21:56:58.916 [main] INFO com.intuit.karate -- {
  "groupName": "WIND",
  "responseHeaders": {
    "Content-Type": [
      "application/json; charset=utf-8"
    ],
    "Content-Length": [
      "84"
    ],
    "Date": [
      "Wed, 27 Aug 2025 14:56:58 GMT"
    ],
    "Connection": [
      "keep-alive"
    ],
    "Keep-Alive": [
      "timeout=5"
    ],
    "Set-Cookie": [
    ]
  },
  "configId": "654657",
  "responseTime": 10,
  "response": {
    "type": "custom",
    "data": {
      "consistent": true,
      "configId": "654657"
    }
  },
  "materialCode": "2423534.0",
  "responseStatus": 200
}
 
21:56:58.917 [main] INFO com.intuit.karate -- Current run i: {
  "response": {
    "type": "custom",
    "data": {
      "consistent": true,
      "configId": "654657"
    }
  },
  "args": {
    "configId": "654657",
    "groupName": "SUNNY",
    "materialCode": "1234.0"
  },
  "testStepName": "Set_Material_By_Group_Name"
}
 
21:56:58.919 [main] INFO com.intuit.karate -- Current run i: {
  "response": {
    "type": "custom",
    "data": {
      "consistent": true,
      "configId": "654657"
    }
  },
  "args": {
    "configId": "654657",
    "groupName": "WIND",
    "materialCode": "2423534.0"
  },
  "testStepName": "Set_Material_By_Group_Name"
}
 
]]></system-out>
  </testcase>
  <testcase name="[1.3:45] Update All Group of Product MOCHI Hallo" classname="update_product" time="0.079">
    <system-out><![CDATA[21:56:58.927 [main] INFO com.intuit.karate -- [print] Hostname: http://localhost:3000 
21:56:58.952 [main] INFO com.intuit.karate.core.FeatureRuntime -- classpath:/separateApi/get_configId_by_productCode.feature - call by tag at line 9: Get_ConfigId_Of_Product_Code
21:56:58.957 [main] DEBUG org.apache.http.client.protocol.RequestAddCookies -- CookieSpec selected: karate
21:56:58.958 [main] DEBUG org.apache.http.client.protocol.RequestAuthCache -- Auth cache not set in the context
21:56:58.958 [main] DEBUG com.intuit.karate -- request:
1 > GET http://localhost:3000/dv/products/MOCHI/configurattors/ccpconfigurator?provideAllAttributes=true&cps=true
1 > Accept: application/json
1 > Authorization: Bearer abddsds
1 > Host: localhost:3000
1 > Connection: Keep-Alive
1 > User-Agent: Apache-HttpClient/4.5.14 (Java/23.0.2)
1 > Accept-Encoding: gzip,deflate


21:56:58.958 [main] DEBUG org.apache.http.impl.conn.PoolingHttpClientConnectionManager -- Connection request: [route: {}->http://localhost:3000][total available: 0; route allocated: 0 of 5; total allocated: 0 of 10]
21:56:58.958 [main] DEBUG org.apache.http.impl.conn.PoolingHttpClientConnectionManager -- Connection leased: [id: 6][route: {}->http://localhost:3000][total available: 0; route allocated: 1 of 5; total allocated: 1 of 10]
21:56:58.958 [main] DEBUG org.apache.http.impl.execchain.MainClientExec -- Opening connection {}->http://localhost:3000
21:56:58.958 [main] DEBUG org.apache.http.impl.conn.DefaultHttpClientConnectionOperator -- Connecting to localhost/127.0.0.1:3000
21:56:58.958 [main] DEBUG org.apache.http.impl.conn.DefaultHttpClientConnectionOperator -- Connection established 127.0.0.1:59060<->127.0.0.1:3000
21:56:58.958 [main] DEBUG org.apache.http.impl.conn.DefaultManagedHttpClientConnection -- http-outgoing-6: set socket timeout to 30000
21:56:58.958 [main] DEBUG org.apache.http.impl.execchain.MainClientExec -- Executing request GET /dv/products/MOCHI/configurattors/ccpconfigurator?provideAllAttributes=true&cps=true HTTP/1.1
21:56:58.958 [main] DEBUG org.apache.http.impl.execchain.MainClientExec -- Proxy auth state: UNCHALLENGED
21:56:58.958 [main] DEBUG org.apache.http.headers -- http-outgoing-6 >> GET /dv/products/MOCHI/configurattors/ccpconfigurator?provideAllAttributes=true&cps=true HTTP/1.1
21:56:58.958 [main] DEBUG org.apache.http.headers -- http-outgoing-6 >> Accept: application/json
21:56:58.958 [main] DEBUG org.apache.http.headers -- http-outgoing-6 >> Authorization: Bearer abddsds
21:56:58.959 [main] DEBUG org.apache.http.headers -- http-outgoing-6 >> Host: localhost:3000
21:56:58.959 [main] DEBUG org.apache.http.headers -- http-outgoing-6 >> Connection: Keep-Alive
21:56:58.959 [main] DEBUG org.apache.http.headers -- http-outgoing-6 >> User-Agent: Apache-HttpClient/4.5.14 (Java/23.0.2)
21:56:58.959 [main] DEBUG org.apache.http.headers -- http-outgoing-6 >> Accept-Encoding: gzip,deflate
21:56:58.959 [main] DEBUG org.apache.http.wire -- http-outgoing-6 >> "GET /dv/products/MOCHI/configurattors/ccpconfigurator?provideAllAttributes=true&cps=true HTTP/1.1[\r][\n]"
21:56:58.959 [main] DEBUG org.apache.http.wire -- http-outgoing-6 >> "Accept: application/json[\r][\n]"
21:56:58.959 [main] DEBUG org.apache.http.wire -- http-outgoing-6 >> "Authorization: Bearer abddsds[\r][\n]"
21:56:58.959 [main] DEBUG org.apache.http.wire -- http-outgoing-6 >> "Host: localhost:3000[\r][\n]"
21:56:58.959 [main] DEBUG org.apache.http.wire -- http-outgoing-6 >> "Connection: Keep-Alive[\r][\n]"
21:56:58.959 [main] DEBUG org.apache.http.wire -- http-outgoing-6 >> "User-Agent: Apache-HttpClient/4.5.14 (Java/23.0.2)[\r][\n]"
21:56:58.959 [main] DEBUG org.apache.http.wire -- http-outgoing-6 >> "Accept-Encoding: gzip,deflate[\r][\n]"
21:56:58.959 [main] DEBUG org.apache.http.wire -- http-outgoing-6 >> "[\r][\n]"
21:56:58.963 [main] DEBUG org.apache.http.wire -- http-outgoing-6 << "HTTP/1.1 200 OK[\r][\n]"
21:56:58.963 [main] DEBUG org.apache.http.wire -- http-outgoing-6 << "Content-Type: application/json; charset=utf-8[\r][\n]"
21:56:58.964 [main] DEBUG org.apache.http.wire -- http-outgoing-6 << "Content-Length: 61[\r][\n]"
21:56:58.964 [main] DEBUG org.apache.http.wire -- http-outgoing-6 << "Date: Wed, 27 Aug 2025 14:56:58 GMT[\r][\n]"
21:56:58.964 [main] DEBUG org.apache.http.wire -- http-outgoing-6 << "Connection: keep-alive[\r][\n]"
21:56:58.964 [main] DEBUG org.apache.http.wire -- http-outgoing-6 << "Keep-Alive: timeout=5[\r][\n]"
21:56:58.964 [main] DEBUG org.apache.http.wire -- http-outgoing-6 << "[\r][\n]"
21:56:58.964 [main] DEBUG org.apache.http.wire -- http-outgoing-6 << "{[\n]"
21:56:58.964 [main] DEBUG org.apache.http.wire -- http-outgoing-6 << "  "type":"custom",[\n]"
21:56:58.964 [main] DEBUG org.apache.http.wire -- http-outgoing-6 << "  "data":{[\n]"
21:56:58.964 [main] DEBUG org.apache.http.wire -- http-outgoing-6 << "    "configId":"654657"[\n]"
21:56:58.964 [main] DEBUG org.apache.http.wire -- http-outgoing-6 << "  }[\n]"
21:56:58.964 [main] DEBUG org.apache.http.wire -- http-outgoing-6 << "}"
21:56:58.964 [main] DEBUG org.apache.http.headers -- http-outgoing-6 << HTTP/1.1 200 OK
21:56:58.964 [main] DEBUG org.apache.http.headers -- http-outgoing-6 << Content-Type: application/json; charset=utf-8
21:56:58.964 [main] DEBUG org.apache.http.headers -- http-outgoing-6 << Content-Length: 61
21:56:58.964 [main] DEBUG org.apache.http.headers -- http-outgoing-6 << Date: Wed, 27 Aug 2025 14:56:58 GMT
21:56:58.964 [main] DEBUG org.apache.http.headers -- http-outgoing-6 << Connection: keep-alive
21:56:58.964 [main] DEBUG org.apache.http.headers -- http-outgoing-6 << Keep-Alive: timeout=5
21:56:58.964 [main] DEBUG org.apache.http.impl.execchain.MainClientExec -- Connection can be kept alive for 5000 MILLISECONDS
21:56:58.964 [main] DEBUG org.apache.http.impl.conn.PoolingHttpClientConnectionManager -- Connection [id: 6][route: {}->http://localhost:3000] can be kept alive for 5.0 seconds
21:56:58.964 [main] DEBUG org.apache.http.impl.conn.DefaultManagedHttpClientConnection -- http-outgoing-6: set socket timeout to 0
21:56:58.964 [main] DEBUG org.apache.http.impl.conn.PoolingHttpClientConnectionManager -- Connection released: [id: 6][route: {}->http://localhost:3000][total available: 1; route allocated: 1 of 5; total allocated: 1 of 10]
21:56:58.964 [main] DEBUG org.apache.http.impl.conn.PoolingHttpClientConnectionManager -- Connection manager is shutting down
21:56:58.964 [main] DEBUG org.apache.http.impl.conn.DefaultManagedHttpClientConnection -- http-outgoing-6: Close connection
21:56:58.965 [main] DEBUG org.apache.http.impl.conn.PoolingHttpClientConnectionManager -- Connection manager shut down
21:56:58.965 [main] DEBUG com.intuit.karate -- response time in milliseconds: 6
1 < 200
1 < Content-Type: application/json; charset=utf-8
1 < Content-Length: 61
1 < Date: Wed, 27 Aug 2025 14:56:58 GMT
1 < Connection: keep-alive
1 < Keep-Alive: timeout=5
{
  "type":"custom",
  "data":{
    "configId":"654657"
  }
}

21:56:58.965 [main] DEBUG com.jayway.jsonpath.internal.path.CompiledPath -- Evaluating path: $['data']['configId']
21:56:58.967 [main] INFO com.intuit.karate -- [print] created configId is:  654657 
21:56:58.967 [main] DEBUG com.jayway.jsonpath.internal.path.CompiledPath -- Evaluating path: $
21:56:58.967 [main] DEBUG com.jayway.jsonpath.internal.path.CompiledPath -- Evaluating path: $
21:56:58.967 [main] INFO com.intuit.karate -- Current group: {
  "groupName": "PAPA",
  "materialCode": "1234.0"
}
 
21:56:58.968 [main] INFO com.intuit.karate -- Current vars: {
  "configId": "654657",
  "groupName": "PAPA",
  "materialCode": "1234.0"
}
 
21:56:58.969 [main] INFO com.intuit.karate.core.FeatureRuntime -- classpath:separateApi/set_material_by_group_name.feature - call by tag at line 9: Set_Material_By_Group_Name
21:56:58.973 [main] DEBUG com.jayway.jsonpath.internal.path.CompiledPath -- Evaluating path: $
21:56:58.974 [main] DEBUG org.apache.http.client.protocol.RequestAddCookies -- CookieSpec selected: karate
21:56:58.974 [main] DEBUG org.apache.http.client.protocol.RequestAuthCache -- Auth cache not set in the context
21:56:58.974 [main] DEBUG com.intuit.karate -- request:
1 > PATCH http://localhost:3000/dv/ccpconfigurator/654657/PAPA/material/1234.0?cps=true
1 > Accept: application/json
1 > Authorization: Bearer abddsds
1 > Host: localhost:3000
1 > Connection: Keep-Alive
1 > User-Agent: Apache-HttpClient/4.5.14 (Java/23.0.2)
1 > Accept-Encoding: gzip,deflate


21:56:58.974 [main] DEBUG org.apache.http.impl.conn.PoolingHttpClientConnectionManager -- Connection request: [route: {}->http://localhost:3000][total available: 0; route allocated: 0 of 5; total allocated: 0 of 10]
21:56:58.974 [main] DEBUG org.apache.http.impl.conn.PoolingHttpClientConnectionManager -- Connection leased: [id: 7][route: {}->http://localhost:3000][total available: 0; route allocated: 1 of 5; total allocated: 1 of 10]
21:56:58.974 [main] DEBUG org.apache.http.impl.execchain.MainClientExec -- Opening connection {}->http://localhost:3000
21:56:58.975 [main] DEBUG org.apache.http.impl.conn.DefaultHttpClientConnectionOperator -- Connecting to localhost/127.0.0.1:3000
21:56:58.975 [main] DEBUG org.apache.http.impl.conn.DefaultHttpClientConnectionOperator -- Connection established 127.0.0.1:59061<->127.0.0.1:3000
21:56:58.975 [main] DEBUG org.apache.http.impl.conn.DefaultManagedHttpClientConnection -- http-outgoing-7: set socket timeout to 30000
21:56:58.975 [main] DEBUG org.apache.http.impl.execchain.MainClientExec -- Executing request PATCH /dv/ccpconfigurator/654657/PAPA/material/1234.0?cps=true HTTP/1.1
21:56:58.975 [main] DEBUG org.apache.http.impl.execchain.MainClientExec -- Proxy auth state: UNCHALLENGED
21:56:58.975 [main] DEBUG org.apache.http.headers -- http-outgoing-7 >> PATCH /dv/ccpconfigurator/654657/PAPA/material/1234.0?cps=true HTTP/1.1
21:56:58.975 [main] DEBUG org.apache.http.headers -- http-outgoing-7 >> Accept: application/json
21:56:58.975 [main] DEBUG org.apache.http.headers -- http-outgoing-7 >> Authorization: Bearer abddsds
21:56:58.975 [main] DEBUG org.apache.http.headers -- http-outgoing-7 >> Host: localhost:3000
21:56:58.975 [main] DEBUG org.apache.http.headers -- http-outgoing-7 >> Connection: Keep-Alive
21:56:58.975 [main] DEBUG org.apache.http.headers -- http-outgoing-7 >> User-Agent: Apache-HttpClient/4.5.14 (Java/23.0.2)
21:56:58.975 [main] DEBUG org.apache.http.headers -- http-outgoing-7 >> Accept-Encoding: gzip,deflate
21:56:58.975 [main] DEBUG org.apache.http.wire -- http-outgoing-7 >> "PATCH /dv/ccpconfigurator/654657/PAPA/material/1234.0?cps=true HTTP/1.1[\r][\n]"
21:56:58.975 [main] DEBUG org.apache.http.wire -- http-outgoing-7 >> "Accept: application/json[\r][\n]"
21:56:58.975 [main] DEBUG org.apache.http.wire -- http-outgoing-7 >> "Authorization: Bearer abddsds[\r][\n]"
21:56:58.975 [main] DEBUG org.apache.http.wire -- http-outgoing-7 >> "Host: localhost:3000[\r][\n]"
21:56:58.975 [main] DEBUG org.apache.http.wire -- http-outgoing-7 >> "Connection: Keep-Alive[\r][\n]"
21:56:58.975 [main] DEBUG org.apache.http.wire -- http-outgoing-7 >> "User-Agent: Apache-HttpClient/4.5.14 (Java/23.0.2)[\r][\n]"
21:56:58.975 [main] DEBUG org.apache.http.wire -- http-outgoing-7 >> "Accept-Encoding: gzip,deflate[\r][\n]"
21:56:58.975 [main] DEBUG org.apache.http.wire -- http-outgoing-7 >> "[\r][\n]"
21:56:58.979 [main] DEBUG org.apache.http.wire -- http-outgoing-7 << "HTTP/1.1 200 OK[\r][\n]"
21:56:58.980 [main] DEBUG org.apache.http.wire -- http-outgoing-7 << "Content-Type: application/json; charset=utf-8[\r][\n]"
21:56:58.980 [main] DEBUG org.apache.http.wire -- http-outgoing-7 << "Content-Length: 84[\r][\n]"
21:56:58.980 [main] DEBUG org.apache.http.wire -- http-outgoing-7 << "Date: Wed, 27 Aug 2025 14:56:58 GMT[\r][\n]"
21:56:58.980 [main] DEBUG org.apache.http.wire -- http-outgoing-7 << "Connection: keep-alive[\r][\n]"
21:56:58.980 [main] DEBUG org.apache.http.wire -- http-outgoing-7 << "Keep-Alive: timeout=5[\r][\n]"
21:56:58.980 [main] DEBUG org.apache.http.wire -- http-outgoing-7 << "[\r][\n]"
21:56:58.980 [main] DEBUG org.apache.http.wire -- http-outgoing-7 << "{[\n]"
21:56:58.980 [main] DEBUG org.apache.http.wire -- http-outgoing-7 << "  "type":"custom",[\n]"
21:56:58.980 [main] DEBUG org.apache.http.wire -- http-outgoing-7 << "  "data":{[\n]"
21:56:58.980 [main] DEBUG org.apache.http.wire -- http-outgoing-7 << "    "consistent":true,[\n]"
21:56:58.980 [main] DEBUG org.apache.http.wire -- http-outgoing-7 << "    "configId":"654657"[\n]"
21:56:58.980 [main] DEBUG org.apache.http.wire -- http-outgoing-7 << "  }[\n]"
21:56:58.980 [main] DEBUG org.apache.http.wire -- http-outgoing-7 << "}"
21:56:58.981 [main] DEBUG org.apache.http.headers -- http-outgoing-7 << HTTP/1.1 200 OK
21:56:58.981 [main] DEBUG org.apache.http.headers -- http-outgoing-7 << Content-Type: application/json; charset=utf-8
21:56:58.981 [main] DEBUG org.apache.http.headers -- http-outgoing-7 << Content-Length: 84
21:56:58.981 [main] DEBUG org.apache.http.headers -- http-outgoing-7 << Date: Wed, 27 Aug 2025 14:56:58 GMT
21:56:58.981 [main] DEBUG org.apache.http.headers -- http-outgoing-7 << Connection: keep-alive
21:56:58.981 [main] DEBUG org.apache.http.headers -- http-outgoing-7 << Keep-Alive: timeout=5
21:56:58.981 [main] DEBUG org.apache.http.impl.execchain.MainClientExec -- Connection can be kept alive for 5000 MILLISECONDS
21:56:58.981 [main] DEBUG org.apache.http.impl.conn.PoolingHttpClientConnectionManager -- Connection [id: 7][route: {}->http://localhost:3000] can be kept alive for 5.0 seconds
21:56:58.981 [main] DEBUG org.apache.http.impl.conn.DefaultManagedHttpClientConnection -- http-outgoing-7: set socket timeout to 0
21:56:58.981 [main] DEBUG org.apache.http.impl.conn.PoolingHttpClientConnectionManager -- Connection released: [id: 7][route: {}->http://localhost:3000][total available: 1; route allocated: 1 of 5; total allocated: 1 of 10]
21:56:58.981 [main] DEBUG org.apache.http.impl.conn.PoolingHttpClientConnectionManager -- Connection manager is shutting down
21:56:58.981 [main] DEBUG org.apache.http.impl.conn.DefaultManagedHttpClientConnection -- http-outgoing-7: Close connection
21:56:58.981 [main] DEBUG org.apache.http.impl.conn.PoolingHttpClientConnectionManager -- Connection manager shut down
21:56:58.981 [main] DEBUG com.intuit.karate -- response time in milliseconds: 7
1 < 200
1 < Content-Type: application/json; charset=utf-8
1 < Content-Length: 84
1 < Date: Wed, 27 Aug 2025 14:56:58 GMT
1 < Connection: keep-alive
1 < Keep-Alive: timeout=5
{
  "type":"custom",
  "data":{
    "consistent":true,
    "configId":"654657"
  }
}

21:56:58.983 [main] INFO com.intuit.karate -- [print] Response Set Material By Group Name:  654657 groupName PAPA :  {
  "type": "custom",
  "data": {
    "consistent": true,
    "configId": "654657"
  }
}
 
21:56:58.983 [main] INFO com.intuit.karate -- {
  "groupName": "PAPA",
  "responseHeaders": {
    "Content-Type": [
      "application/json; charset=utf-8"
    ],
    "Content-Length": [
      "84"
    ],
    "Date": [
      "Wed, 27 Aug 2025 14:56:58 GMT"
    ],
    "Connection": [
      "keep-alive"
    ],
    "Keep-Alive": [
      "timeout=5"
    ],
    "Set-Cookie": [
    ]
  },
  "configId": "654657",
  "responseTime": 7,
  "response": {
    "type": "custom",
    "data": {
      "consistent": true,
      "configId": "654657"
    }
  },
  "materialCode": "1234.0",
  "responseStatus": 200
}
 
21:56:58.984 [main] INFO com.intuit.karate -- Current group: {
  "groupName": "MAMA",
  "materialCode": "2423534.0"
}
 
21:56:58.984 [main] INFO com.intuit.karate -- Current vars: {
  "configId": "654657",
  "groupName": "MAMA",
  "materialCode": "2423534.0"
}
 
21:56:58.985 [main] INFO com.intuit.karate.core.FeatureRuntime -- classpath:separateApi/set_material_by_group_name.feature - call by tag at line 9: Set_Material_By_Group_Name
21:56:58.989 [main] DEBUG com.jayway.jsonpath.internal.path.CompiledPath -- Evaluating path: $
21:56:58.990 [main] DEBUG org.apache.http.client.protocol.RequestAddCookies -- CookieSpec selected: karate
21:56:58.990 [main] DEBUG org.apache.http.client.protocol.RequestAuthCache -- Auth cache not set in the context
21:56:58.990 [main] DEBUG com.intuit.karate -- request:
1 > PATCH http://localhost:3000/dv/ccpconfigurator/654657/MAMA/material/2423534.0?cps=true
1 > Accept: application/json
1 > Authorization: Bearer abddsds
1 > Host: localhost:3000
1 > Connection: Keep-Alive
1 > User-Agent: Apache-HttpClient/4.5.14 (Java/23.0.2)
1 > Accept-Encoding: gzip,deflate


21:56:58.990 [main] DEBUG org.apache.http.impl.conn.PoolingHttpClientConnectionManager -- Connection request: [route: {}->http://localhost:3000][total available: 0; route allocated: 0 of 5; total allocated: 0 of 10]
21:56:58.990 [main] DEBUG org.apache.http.impl.conn.PoolingHttpClientConnectionManager -- Connection leased: [id: 8][route: {}->http://localhost:3000][total available: 0; route allocated: 1 of 5; total allocated: 1 of 10]
21:56:58.990 [main] DEBUG org.apache.http.impl.execchain.MainClientExec -- Opening connection {}->http://localhost:3000
21:56:58.991 [main] DEBUG org.apache.http.impl.conn.DefaultHttpClientConnectionOperator -- Connecting to localhost/127.0.0.1:3000
21:56:58.991 [main] DEBUG org.apache.http.impl.conn.DefaultHttpClientConnectionOperator -- Connection established 127.0.0.1:59062<->127.0.0.1:3000
21:56:58.991 [main] DEBUG org.apache.http.impl.conn.DefaultManagedHttpClientConnection -- http-outgoing-8: set socket timeout to 30000
21:56:58.991 [main] DEBUG org.apache.http.impl.execchain.MainClientExec -- Executing request PATCH /dv/ccpconfigurator/654657/MAMA/material/2423534.0?cps=true HTTP/1.1
21:56:58.991 [main] DEBUG org.apache.http.impl.execchain.MainClientExec -- Proxy auth state: UNCHALLENGED
21:56:58.991 [main] DEBUG org.apache.http.headers -- http-outgoing-8 >> PATCH /dv/ccpconfigurator/654657/MAMA/material/2423534.0?cps=true HTTP/1.1
21:56:58.991 [main] DEBUG org.apache.http.headers -- http-outgoing-8 >> Accept: application/json
21:56:58.991 [main] DEBUG org.apache.http.headers -- http-outgoing-8 >> Authorization: Bearer abddsds
21:56:58.991 [main] DEBUG org.apache.http.headers -- http-outgoing-8 >> Host: localhost:3000
21:56:58.991 [main] DEBUG org.apache.http.headers -- http-outgoing-8 >> Connection: Keep-Alive
21:56:58.991 [main] DEBUG org.apache.http.headers -- http-outgoing-8 >> User-Agent: Apache-HttpClient/4.5.14 (Java/23.0.2)
21:56:58.991 [main] DEBUG org.apache.http.headers -- http-outgoing-8 >> Accept-Encoding: gzip,deflate
21:56:58.991 [main] DEBUG org.apache.http.wire -- http-outgoing-8 >> "PATCH /dv/ccpconfigurator/654657/MAMA/material/2423534.0?cps=true HTTP/1.1[\r][\n]"
21:56:58.991 [main] DEBUG org.apache.http.wire -- http-outgoing-8 >> "Accept: application/json[\r][\n]"
21:56:58.991 [main] DEBUG org.apache.http.wire -- http-outgoing-8 >> "Authorization: Bearer abddsds[\r][\n]"
21:56:58.991 [main] DEBUG org.apache.http.wire -- http-outgoing-8 >> "Host: localhost:3000[\r][\n]"
21:56:58.991 [main] DEBUG org.apache.http.wire -- http-outgoing-8 >> "Connection: Keep-Alive[\r][\n]"
21:56:58.991 [main] DEBUG org.apache.http.wire -- http-outgoing-8 >> "User-Agent: Apache-HttpClient/4.5.14 (Java/23.0.2)[\r][\n]"
21:56:58.991 [main] DEBUG org.apache.http.wire -- http-outgoing-8 >> "Accept-Encoding: gzip,deflate[\r][\n]"
21:56:58.992 [main] DEBUG org.apache.http.wire -- http-outgoing-8 >> "[\r][\n]"
21:56:58.995 [main] DEBUG org.apache.http.wire -- http-outgoing-8 << "HTTP/1.1 200 OK[\r][\n]"
21:56:58.996 [main] DEBUG org.apache.http.wire -- http-outgoing-8 << "Content-Type: application/json; charset=utf-8[\r][\n]"
21:56:58.996 [main] DEBUG org.apache.http.wire -- http-outgoing-8 << "Content-Length: 84[\r][\n]"
21:56:58.996 [main] DEBUG org.apache.http.wire -- http-outgoing-8 << "Date: Wed, 27 Aug 2025 14:56:58 GMT[\r][\n]"
21:56:58.996 [main] DEBUG org.apache.http.wire -- http-outgoing-8 << "Connection: keep-alive[\r][\n]"
21:56:58.996 [main] DEBUG org.apache.http.wire -- http-outgoing-8 << "Keep-Alive: timeout=5[\r][\n]"
21:56:58.996 [main] DEBUG org.apache.http.wire -- http-outgoing-8 << "[\r][\n]"
21:56:58.996 [main] DEBUG org.apache.http.wire -- http-outgoing-8 << "{[\n]"
21:56:58.996 [main] DEBUG org.apache.http.wire -- http-outgoing-8 << "  "type":"custom",[\n]"
21:56:58.996 [main] DEBUG org.apache.http.wire -- http-outgoing-8 << "  "data":{[\n]"
21:56:58.996 [main] DEBUG org.apache.http.wire -- http-outgoing-8 << "    "consistent":true,[\n]"
21:56:58.996 [main] DEBUG org.apache.http.wire -- http-outgoing-8 << "    "configId":"654657"[\n]"
21:56:58.996 [main] DEBUG org.apache.http.wire -- http-outgoing-8 << "  }[\n]"
21:56:58.996 [main] DEBUG org.apache.http.wire -- http-outgoing-8 << "}"
21:56:58.996 [main] DEBUG org.apache.http.headers -- http-outgoing-8 << HTTP/1.1 200 OK
21:56:58.996 [main] DEBUG org.apache.http.headers -- http-outgoing-8 << Content-Type: application/json; charset=utf-8
21:56:58.996 [main] DEBUG org.apache.http.headers -- http-outgoing-8 << Content-Length: 84
21:56:58.996 [main] DEBUG org.apache.http.headers -- http-outgoing-8 << Date: Wed, 27 Aug 2025 14:56:58 GMT
21:56:58.996 [main] DEBUG org.apache.http.headers -- http-outgoing-8 << Connection: keep-alive
21:56:58.996 [main] DEBUG org.apache.http.headers -- http-outgoing-8 << Keep-Alive: timeout=5
21:56:58.996 [main] DEBUG org.apache.http.impl.execchain.MainClientExec -- Connection can be kept alive for 5000 MILLISECONDS
21:56:58.996 [main] DEBUG org.apache.http.impl.conn.PoolingHttpClientConnectionManager -- Connection [id: 8][route: {}->http://localhost:3000] can be kept alive for 5.0 seconds
21:56:58.996 [main] DEBUG org.apache.http.impl.conn.DefaultManagedHttpClientConnection -- http-outgoing-8: set socket timeout to 0
21:56:58.996 [main] DEBUG org.apache.http.impl.conn.PoolingHttpClientConnectionManager -- Connection released: [id: 8][route: {}->http://localhost:3000][total available: 1; route allocated: 1 of 5; total allocated: 1 of 10]
21:56:58.996 [main] DEBUG org.apache.http.impl.conn.PoolingHttpClientConnectionManager -- Connection manager is shutting down
21:56:58.996 [main] DEBUG org.apache.http.impl.conn.DefaultManagedHttpClientConnection -- http-outgoing-8: Close connection
21:56:58.996 [main] DEBUG org.apache.http.impl.conn.PoolingHttpClientConnectionManager -- Connection manager shut down
21:56:58.996 [main] DEBUG com.intuit.karate -- response time in milliseconds: 6
1 < 200
1 < Content-Type: application/json; charset=utf-8
1 < Content-Length: 84
1 < Date: Wed, 27 Aug 2025 14:56:58 GMT
1 < Connection: keep-alive
1 < Keep-Alive: timeout=5
{
  "type":"custom",
  "data":{
    "consistent":true,
    "configId":"654657"
  }
}

21:56:58.997 [main] INFO com.intuit.karate -- [print] Response Set Material By Group Name:  654657 groupName MAMA :  {
  "type": "custom",
  "data": {
    "consistent": true,
    "configId": "654657"
  }
}
 
21:56:58.998 [main] INFO com.intuit.karate -- {
  "groupName": "MAMA",
  "responseHeaders": {
    "Content-Type": [
      "application/json; charset=utf-8"
    ],
    "Content-Length": [
      "84"
    ],
    "Date": [
      "Wed, 27 Aug 2025 14:56:58 GMT"
    ],
    "Connection": [
      "keep-alive"
    ],
    "Keep-Alive": [
      "timeout=5"
    ],
    "Set-Cookie": [
    ]
  },
  "configId": "654657",
  "responseTime": 6,
  "response": {
    "type": "custom",
    "data": {
      "consistent": true,
      "configId": "654657"
    }
  },
  "materialCode": "2423534.0",
  "responseStatus": 200
}
 
21:56:58.999 [main] INFO com.intuit.karate -- Current run i: {
  "response": {
    "type": "custom",
    "data": {
      "consistent": true,
      "configId": "654657"
    }
  },
  "args": {
    "configId": "654657",
    "groupName": "PAPA",
    "materialCode": "1234.0"
  },
  "testStepName": "Set_Material_By_Group_Name"
}
 
21:56:59.000 [main] INFO com.intuit.karate -- Current run i: {
  "response": {
    "type": "custom",
    "data": {
      "consistent": true,
      "configId": "654657"
    }
  },
  "args": {
    "configId": "654657",
    "groupName": "MAMA",
    "materialCode": "2423534.0"
  },
  "testStepName": "Set_Material_By_Group_Name"
}
 
]]></system-out>
  </testcase>
  <testcase name="[1.4:46] Update All Group of Product MOCHI World" classname="update_product" time="0.865">
    <failure message="Soft assert failures:&#10;Fail Step Set_Material_By_Group_Name--Data- Group Name:SUNNY Material CodeA1234&#10;classpath:update_product.feature:37" type="org.opentest4j.AssertionFailedError"><![CDATA[org.opentest4j.AssertionFailedError: 
Soft assert failures:
Fail Step Set_Material_By_Group_Name--Data- Group Name:SUNNY Material CodeA1234
classpath:update_product.feature:37
	at com.intuit.karate.junit5.FeatureNode.lambda$next$1(FeatureNode.java:86)
	at java.base/java.util.stream.ForEachOps$ForEachOp$OfRef.accept(ForEachOps.java:184)
	at java.base/java.util.stream.ReferencePipeline$3$1.accept(ReferencePipeline.java:215)
	at java.base/java.util.stream.ReferencePipeline$2$1.accept(ReferencePipeline.java:197)
	at java.base/java.util.stream.ReferencePipeline$3$1.accept(ReferencePipeline.java:215)
	at java.base/java.util.Iterator.forEachRemaining(Iterator.java:133)
	at java.base/java.util.Spliterators$IteratorSpliterator.forEachRemaining(Spliterators.java:1939)
	at java.base/java.util.stream.AbstractPipeline.copyInto(AbstractPipeline.java:570)
	at java.base/java.util.stream.AbstractPipeline.wrapAndCopyInto(AbstractPipeline.java:560)
	at java.base/java.util.stream.ForEachOps$ForEachOp.evaluateSequential(ForEachOps.java:151)
	at java.base/java.util.stream.ForEachOps$ForEachOp$OfRef.evaluateSequential(ForEachOps.java:174)
	at java.base/java.util.stream.AbstractPipeline.evaluate(AbstractPipeline.java:265)
	at java.base/java.util.stream.ReferencePipeline.forEachOrdered(ReferencePipeline.java:641)
	at java.base/java.util.Optional.ifPresent(Optional.java:178)
	at java.base/java.util.ArrayList.forEach(ArrayList.java:1597)
	at java.base/java.util.ArrayList.forEach(ArrayList.java:1597)
]]></failure>
    <system-out><![CDATA[21:56:59.006 [main] INFO com.intuit.karate -- [print] Hostname: http://localhost:3000 
21:56:59.030 [main] INFO com.intuit.karate.core.FeatureRuntime -- classpath:/separateApi/get_configId_by_productCode.feature - call by tag at line 9: Get_ConfigId_Of_Product_Code
21:56:59.035 [main] DEBUG org.apache.http.client.protocol.RequestAddCookies -- CookieSpec selected: karate
21:56:59.035 [main] DEBUG org.apache.http.client.protocol.RequestAuthCache -- Auth cache not set in the context
21:56:59.035 [main] DEBUG com.intuit.karate -- request:
1 > GET http://localhost:3000/dv/products/MOCHI/configurattors/ccpconfigurator?provideAllAttributes=true&cps=true
1 > Accept: application/json
1 > Authorization: Bearer abddsds
1 > Host: localhost:3000
1 > Connection: Keep-Alive
1 > User-Agent: Apache-HttpClient/4.5.14 (Java/23.0.2)
1 > Accept-Encoding: gzip,deflate


21:56:59.035 [main] DEBUG org.apache.http.impl.conn.PoolingHttpClientConnectionManager -- Connection request: [route: {}->http://localhost:3000][total available: 0; route allocated: 0 of 5; total allocated: 0 of 10]
21:56:59.035 [main] DEBUG org.apache.http.impl.conn.PoolingHttpClientConnectionManager -- Connection leased: [id: 9][route: {}->http://localhost:3000][total available: 0; route allocated: 1 of 5; total allocated: 1 of 10]
21:56:59.035 [main] DEBUG org.apache.http.impl.execchain.MainClientExec -- Opening connection {}->http://localhost:3000
21:56:59.036 [main] DEBUG org.apache.http.impl.conn.DefaultHttpClientConnectionOperator -- Connecting to localhost/127.0.0.1:3000
21:56:59.036 [main] DEBUG org.apache.http.impl.conn.DefaultHttpClientConnectionOperator -- Connection established 127.0.0.1:59063<->127.0.0.1:3000
21:56:59.036 [main] DEBUG org.apache.http.impl.conn.DefaultManagedHttpClientConnection -- http-outgoing-9: set socket timeout to 30000
21:56:59.036 [main] DEBUG org.apache.http.impl.execchain.MainClientExec -- Executing request GET /dv/products/MOCHI/configurattors/ccpconfigurator?provideAllAttributes=true&cps=true HTTP/1.1
21:56:59.036 [main] DEBUG org.apache.http.impl.execchain.MainClientExec -- Proxy auth state: UNCHALLENGED
21:56:59.036 [main] DEBUG org.apache.http.headers -- http-outgoing-9 >> GET /dv/products/MOCHI/configurattors/ccpconfigurator?provideAllAttributes=true&cps=true HTTP/1.1
21:56:59.036 [main] DEBUG org.apache.http.headers -- http-outgoing-9 >> Accept: application/json
21:56:59.036 [main] DEBUG org.apache.http.headers -- http-outgoing-9 >> Authorization: Bearer abddsds
21:56:59.036 [main] DEBUG org.apache.http.headers -- http-outgoing-9 >> Host: localhost:3000
21:56:59.036 [main] DEBUG org.apache.http.headers -- http-outgoing-9 >> Connection: Keep-Alive
21:56:59.036 [main] DEBUG org.apache.http.headers -- http-outgoing-9 >> User-Agent: Apache-HttpClient/4.5.14 (Java/23.0.2)
21:56:59.036 [main] DEBUG org.apache.http.headers -- http-outgoing-9 >> Accept-Encoding: gzip,deflate
21:56:59.036 [main] DEBUG org.apache.http.wire -- http-outgoing-9 >> "GET /dv/products/MOCHI/configurattors/ccpconfigurator?provideAllAttributes=true&cps=true HTTP/1.1[\r][\n]"
21:56:59.036 [main] DEBUG org.apache.http.wire -- http-outgoing-9 >> "Accept: application/json[\r][\n]"
21:56:59.036 [main] DEBUG org.apache.http.wire -- http-outgoing-9 >> "Authorization: Bearer abddsds[\r][\n]"
21:56:59.036 [main] DEBUG org.apache.http.wire -- http-outgoing-9 >> "Host: localhost:3000[\r][\n]"
21:56:59.036 [main] DEBUG org.apache.http.wire -- http-outgoing-9 >> "Connection: Keep-Alive[\r][\n]"
21:56:59.036 [main] DEBUG org.apache.http.wire -- http-outgoing-9 >> "User-Agent: Apache-HttpClient/4.5.14 (Java/23.0.2)[\r][\n]"
21:56:59.036 [main] DEBUG org.apache.http.wire -- http-outgoing-9 >> "Accept-Encoding: gzip,deflate[\r][\n]"
21:56:59.036 [main] DEBUG org.apache.http.wire -- http-outgoing-9 >> "[\r][\n]"
21:56:59.040 [main] DEBUG org.apache.http.wire -- http-outgoing-9 << "HTTP/1.1 200 OK[\r][\n]"
21:56:59.040 [main] DEBUG org.apache.http.wire -- http-outgoing-9 << "Content-Type: application/json; charset=utf-8[\r][\n]"
21:56:59.040 [main] DEBUG org.apache.http.wire -- http-outgoing-9 << "Content-Length: 61[\r][\n]"
21:56:59.040 [main] DEBUG org.apache.http.wire -- http-outgoing-9 << "Date: Wed, 27 Aug 2025 14:56:59 GMT[\r][\n]"
21:56:59.040 [main] DEBUG org.apache.http.wire -- http-outgoing-9 << "Connection: keep-alive[\r][\n]"
21:56:59.040 [main] DEBUG org.apache.http.wire -- http-outgoing-9 << "Keep-Alive: timeout=5[\r][\n]"
21:56:59.040 [main] DEBUG org.apache.http.wire -- http-outgoing-9 << "[\r][\n]"
21:56:59.040 [main] DEBUG org.apache.http.wire -- http-outgoing-9 << "{[\n]"
21:56:59.040 [main] DEBUG org.apache.http.wire -- http-outgoing-9 << "  "type":"custom",[\n]"
21:56:59.040 [main] DEBUG org.apache.http.wire -- http-outgoing-9 << "  "data":{[\n]"
21:56:59.040 [main] DEBUG org.apache.http.wire -- http-outgoing-9 << "    "configId":"654657"[\n]"
21:56:59.040 [main] DEBUG org.apache.http.wire -- http-outgoing-9 << "  }[\n]"
21:56:59.040 [main] DEBUG org.apache.http.wire -- http-outgoing-9 << "}"
21:56:59.040 [main] DEBUG org.apache.http.headers -- http-outgoing-9 << HTTP/1.1 200 OK
21:56:59.040 [main] DEBUG org.apache.http.headers -- http-outgoing-9 << Content-Type: application/json; charset=utf-8
21:56:59.040 [main] DEBUG org.apache.http.headers -- http-outgoing-9 << Content-Length: 61
21:56:59.040 [main] DEBUG org.apache.http.headers -- http-outgoing-9 << Date: Wed, 27 Aug 2025 14:56:59 GMT
21:56:59.040 [main] DEBUG org.apache.http.headers -- http-outgoing-9 << Connection: keep-alive
21:56:59.040 [main] DEBUG org.apache.http.headers -- http-outgoing-9 << Keep-Alive: timeout=5
21:56:59.040 [main] DEBUG org.apache.http.impl.execchain.MainClientExec -- Connection can be kept alive for 5000 MILLISECONDS
21:56:59.041 [main] DEBUG org.apache.http.impl.conn.PoolingHttpClientConnectionManager -- Connection [id: 9][route: {}->http://localhost:3000] can be kept alive for 5.0 seconds
21:56:59.041 [main] DEBUG org.apache.http.impl.conn.DefaultManagedHttpClientConnection -- http-outgoing-9: set socket timeout to 0
21:56:59.041 [main] DEBUG org.apache.http.impl.conn.PoolingHttpClientConnectionManager -- Connection released: [id: 9][route: {}->http://localhost:3000][total available: 1; route allocated: 1 of 5; total allocated: 1 of 10]
21:56:59.041 [main] DEBUG org.apache.http.impl.conn.PoolingHttpClientConnectionManager -- Connection manager is shutting down
21:56:59.041 [main] DEBUG org.apache.http.impl.conn.DefaultManagedHttpClientConnection -- http-outgoing-9: Close connection
21:56:59.041 [main] DEBUG org.apache.http.impl.conn.PoolingHttpClientConnectionManager -- Connection manager shut down
21:56:59.041 [main] DEBUG com.intuit.karate -- response time in milliseconds: 6
1 < 200
1 < Content-Type: application/json; charset=utf-8
1 < Content-Length: 61
1 < Date: Wed, 27 Aug 2025 14:56:59 GMT
1 < Connection: keep-alive
1 < Keep-Alive: timeout=5
{
  "type":"custom",
  "data":{
    "configId":"654657"
  }
}

21:56:59.042 [main] DEBUG com.jayway.jsonpath.internal.path.CompiledPath -- Evaluating path: $['data']['configId']
21:56:59.042 [main] INFO com.intuit.karate -- [print] created configId is:  654657 
21:56:59.043 [main] DEBUG com.jayway.jsonpath.internal.path.CompiledPath -- Evaluating path: $
21:56:59.043 [main] DEBUG com.jayway.jsonpath.internal.path.CompiledPath -- Evaluating path: $
21:56:59.043 [main] INFO com.intuit.karate -- Current group: {
  "groupName": "SUNNY",
  "materialCode": "A1234"
}
 
21:56:59.043 [main] INFO com.intuit.karate -- Current vars: {
  "configId": "654657",
  "groupName": "SUNNY",
  "materialCode": "A1234"
}
 
21:56:59.045 [main] INFO com.intuit.karate.core.FeatureRuntime -- classpath:separateApi/set_material_by_group_name.feature - call by tag at line 9: Set_Material_By_Group_Name
21:56:59.049 [main] DEBUG com.jayway.jsonpath.internal.path.CompiledPath -- Evaluating path: $
21:56:59.050 [main] DEBUG org.apache.http.client.protocol.RequestAddCookies -- CookieSpec selected: karate
21:56:59.050 [main] DEBUG org.apache.http.client.protocol.RequestAuthCache -- Auth cache not set in the context
21:56:59.050 [main] DEBUG com.intuit.karate -- request:
1 > PATCH http://localhost:3000/dv/ccpconfigurator/654657/SUNNY/material/A1234?cps=true
1 > Accept: application/json
1 > Authorization: Bearer abddsds
1 > Host: localhost:3000
1 > Connection: Keep-Alive
1 > User-Agent: Apache-HttpClient/4.5.14 (Java/23.0.2)
1 > Accept-Encoding: gzip,deflate


21:56:59.050 [main] DEBUG org.apache.http.impl.conn.PoolingHttpClientConnectionManager -- Connection request: [route: {}->http://localhost:3000][total available: 0; route allocated: 0 of 5; total allocated: 0 of 10]
21:56:59.050 [main] DEBUG org.apache.http.impl.conn.PoolingHttpClientConnectionManager -- Connection leased: [id: 10][route: {}->http://localhost:3000][total available: 0; route allocated: 1 of 5; total allocated: 1 of 10]
21:56:59.050 [main] DEBUG org.apache.http.impl.execchain.MainClientExec -- Opening connection {}->http://localhost:3000
21:56:59.050 [main] DEBUG org.apache.http.impl.conn.DefaultHttpClientConnectionOperator -- Connecting to localhost/127.0.0.1:3000
21:56:59.051 [main] DEBUG org.apache.http.impl.conn.DefaultHttpClientConnectionOperator -- Connection established 127.0.0.1:59064<->127.0.0.1:3000
21:56:59.051 [main] DEBUG org.apache.http.impl.conn.DefaultManagedHttpClientConnection -- http-outgoing-10: set socket timeout to 30000
21:56:59.051 [main] DEBUG org.apache.http.impl.execchain.MainClientExec -- Executing request PATCH /dv/ccpconfigurator/654657/SUNNY/material/A1234?cps=true HTTP/1.1
21:56:59.051 [main] DEBUG org.apache.http.impl.execchain.MainClientExec -- Proxy auth state: UNCHALLENGED
21:56:59.051 [main] DEBUG org.apache.http.headers -- http-outgoing-10 >> PATCH /dv/ccpconfigurator/654657/SUNNY/material/A1234?cps=true HTTP/1.1
21:56:59.051 [main] DEBUG org.apache.http.headers -- http-outgoing-10 >> Accept: application/json
21:56:59.051 [main] DEBUG org.apache.http.headers -- http-outgoing-10 >> Authorization: Bearer abddsds
21:56:59.051 [main] DEBUG org.apache.http.headers -- http-outgoing-10 >> Host: localhost:3000
21:56:59.051 [main] DEBUG org.apache.http.headers -- http-outgoing-10 >> Connection: Keep-Alive
21:56:59.051 [main] DEBUG org.apache.http.headers -- http-outgoing-10 >> User-Agent: Apache-HttpClient/4.5.14 (Java/23.0.2)
21:56:59.051 [main] DEBUG org.apache.http.headers -- http-outgoing-10 >> Accept-Encoding: gzip,deflate
21:56:59.051 [main] DEBUG org.apache.http.wire -- http-outgoing-10 >> "PATCH /dv/ccpconfigurator/654657/SUNNY/material/A1234?cps=true HTTP/1.1[\r][\n]"
21:56:59.051 [main] DEBUG org.apache.http.wire -- http-outgoing-10 >> "Accept: application/json[\r][\n]"
21:56:59.051 [main] DEBUG org.apache.http.wire -- http-outgoing-10 >> "Authorization: Bearer abddsds[\r][\n]"
21:56:59.051 [main] DEBUG org.apache.http.wire -- http-outgoing-10 >> "Host: localhost:3000[\r][\n]"
21:56:59.051 [main] DEBUG org.apache.http.wire -- http-outgoing-10 >> "Connection: Keep-Alive[\r][\n]"
21:56:59.051 [main] DEBUG org.apache.http.wire -- http-outgoing-10 >> "User-Agent: Apache-HttpClient/4.5.14 (Java/23.0.2)[\r][\n]"
21:56:59.051 [main] DEBUG org.apache.http.wire -- http-outgoing-10 >> "Accept-Encoding: gzip,deflate[\r][\n]"
21:56:59.051 [main] DEBUG org.apache.http.wire -- http-outgoing-10 >> "[\r][\n]"
21:56:59.055 [main] DEBUG org.apache.http.wire -- http-outgoing-10 << "HTTP/1.1 202 Accepted[\r][\n]"
21:56:59.055 [main] DEBUG org.apache.http.wire -- http-outgoing-10 << "Content-Type: application/json; charset=utf-8[\r][\n]"
21:56:59.056 [main] DEBUG org.apache.http.wire -- http-outgoing-10 << "Content-Length: 2[\r][\n]"
21:56:59.056 [main] DEBUG org.apache.http.wire -- http-outgoing-10 << "Date: Wed, 27 Aug 2025 14:56:59 GMT[\r][\n]"
21:56:59.056 [main] DEBUG org.apache.http.wire -- http-outgoing-10 << "Connection: keep-alive[\r][\n]"
21:56:59.056 [main] DEBUG org.apache.http.wire -- http-outgoing-10 << "Keep-Alive: timeout=5[\r][\n]"
21:56:59.056 [main] DEBUG org.apache.http.wire -- http-outgoing-10 << "[\r][\n]"
21:56:59.056 [main] DEBUG org.apache.http.wire -- http-outgoing-10 << "{}"
21:56:59.056 [main] DEBUG org.apache.http.headers -- http-outgoing-10 << HTTP/1.1 202 Accepted
21:56:59.056 [main] DEBUG org.apache.http.headers -- http-outgoing-10 << Content-Type: application/json; charset=utf-8
21:56:59.056 [main] DEBUG org.apache.http.headers -- http-outgoing-10 << Content-Length: 2
21:56:59.056 [main] DEBUG org.apache.http.headers -- http-outgoing-10 << Date: Wed, 27 Aug 2025 14:56:59 GMT
21:56:59.056 [main] DEBUG org.apache.http.headers -- http-outgoing-10 << Connection: keep-alive
21:56:59.056 [main] DEBUG org.apache.http.headers -- http-outgoing-10 << Keep-Alive: timeout=5
21:56:59.056 [main] DEBUG org.apache.http.impl.execchain.MainClientExec -- Connection can be kept alive for 5000 MILLISECONDS
21:56:59.056 [main] DEBUG org.apache.http.impl.conn.PoolingHttpClientConnectionManager -- Connection [id: 10][route: {}->http://localhost:3000] can be kept alive for 5.0 seconds
21:56:59.056 [main] DEBUG org.apache.http.impl.conn.DefaultManagedHttpClientConnection -- http-outgoing-10: set socket timeout to 0
21:56:59.056 [main] DEBUG org.apache.http.impl.conn.PoolingHttpClientConnectionManager -- Connection released: [id: 10][route: {}->http://localhost:3000][total available: 1; route allocated: 1 of 5; total allocated: 1 of 10]
21:56:59.056 [main] DEBUG org.apache.http.impl.conn.PoolingHttpClientConnectionManager -- Connection manager is shutting down
21:56:59.056 [main] DEBUG org.apache.http.impl.conn.DefaultManagedHttpClientConnection -- http-outgoing-10: Close connection
21:56:59.056 [main] DEBUG org.apache.http.impl.conn.PoolingHttpClientConnectionManager -- Connection manager shut down
21:56:59.056 [main] DEBUG com.intuit.karate -- response time in milliseconds: 6
1 < 202
1 < Content-Type: application/json; charset=utf-8
1 < Content-Length: 2
1 < Date: Wed, 27 Aug 2025 14:56:59 GMT
1 < Connection: keep-alive
1 < Keep-Alive: timeout=5
{}

21:56:59.058 [main] INFO com.intuit.karate -- [print] Response Set Material By Group Name:  654657 groupName SUNNY :  {
}
 
21:56:59.066 [main] INFO com.intuit.karate -- Nested feature failed but continuing. Error: match failed: EQUALS
  $ | not equal (NUMBER:NUMBER)
  202
  200

classpath:separateApi/set_material_by_group_name.feature:13 
21:56:59.066 [main] INFO com.intuit.karate -- {
  "response": null,
  "error": "match failed: EQUALS\n  $ | not equal (NUMBER:NUMBER)\n  202\n  200\n\nclasspath:separateApi/set_material_by_group_name.feature:13"
}
 
21:56:59.067 [main] INFO com.intuit.karate -- Current group: {
  "groupName": "WIND",
  "materialCode": "B2423534"
}
 
21:56:59.068 [main] INFO com.intuit.karate -- Current vars: {
  "configId": "654657",
  "groupName": "WIND",
  "materialCode": "B2423534"
}
 
21:56:59.069 [main] INFO com.intuit.karate.core.FeatureRuntime -- classpath:separateApi/set_material_by_group_name.feature - call by tag at line 9: Set_Material_By_Group_Name
21:56:59.072 [main] DEBUG com.jayway.jsonpath.internal.path.CompiledPath -- Evaluating path: $
21:56:59.073 [main] DEBUG org.apache.http.client.protocol.RequestAddCookies -- CookieSpec selected: karate
21:56:59.073 [main] DEBUG org.apache.http.client.protocol.RequestAuthCache -- Auth cache not set in the context
21:56:59.073 [main] DEBUG com.intuit.karate -- request:
1 > PATCH http://localhost:3000/dv/ccpconfigurator/654657/WIND/material/B2423534?cps=true
1 > Accept: application/json
1 > Authorization: Bearer abddsds
1 > Host: localhost:3000
1 > Connection: Keep-Alive
1 > User-Agent: Apache-HttpClient/4.5.14 (Java/23.0.2)
1 > Accept-Encoding: gzip,deflate


21:56:59.073 [main] DEBUG org.apache.http.impl.conn.PoolingHttpClientConnectionManager -- Connection request: [route: {}->http://localhost:3000][total available: 0; route allocated: 0 of 5; total allocated: 0 of 10]
21:56:59.073 [main] DEBUG org.apache.http.impl.conn.PoolingHttpClientConnectionManager -- Connection leased: [id: 11][route: {}->http://localhost:3000][total available: 0; route allocated: 1 of 5; total allocated: 1 of 10]
21:56:59.073 [main] DEBUG org.apache.http.impl.execchain.MainClientExec -- Opening connection {}->http://localhost:3000
21:56:59.073 [main] DEBUG org.apache.http.impl.conn.DefaultHttpClientConnectionOperator -- Connecting to localhost/127.0.0.1:3000
21:56:59.073 [main] DEBUG org.apache.http.impl.conn.DefaultHttpClientConnectionOperator -- Connection established 127.0.0.1:59065<->127.0.0.1:3000
21:56:59.073 [main] DEBUG org.apache.http.impl.conn.DefaultManagedHttpClientConnection -- http-outgoing-11: set socket timeout to 30000
21:56:59.074 [main] DEBUG org.apache.http.impl.execchain.MainClientExec -- Executing request PATCH /dv/ccpconfigurator/654657/WIND/material/B2423534?cps=true HTTP/1.1
21:56:59.074 [main] DEBUG org.apache.http.impl.execchain.MainClientExec -- Proxy auth state: UNCHALLENGED
21:56:59.074 [main] DEBUG org.apache.http.headers -- http-outgoing-11 >> PATCH /dv/ccpconfigurator/654657/WIND/material/B2423534?cps=true HTTP/1.1
21:56:59.074 [main] DEBUG org.apache.http.headers -- http-outgoing-11 >> Accept: application/json
21:56:59.074 [main] DEBUG org.apache.http.headers -- http-outgoing-11 >> Authorization: Bearer abddsds
21:56:59.074 [main] DEBUG org.apache.http.headers -- http-outgoing-11 >> Host: localhost:3000
21:56:59.074 [main] DEBUG org.apache.http.headers -- http-outgoing-11 >> Connection: Keep-Alive
21:56:59.074 [main] DEBUG org.apache.http.headers -- http-outgoing-11 >> User-Agent: Apache-HttpClient/4.5.14 (Java/23.0.2)
21:56:59.074 [main] DEBUG org.apache.http.headers -- http-outgoing-11 >> Accept-Encoding: gzip,deflate
21:56:59.074 [main] DEBUG org.apache.http.wire -- http-outgoing-11 >> "PATCH /dv/ccpconfigurator/654657/WIND/material/B2423534?cps=true HTTP/1.1[\r][\n]"
21:56:59.074 [main] DEBUG org.apache.http.wire -- http-outgoing-11 >> "Accept: application/json[\r][\n]"
21:56:59.074 [main] DEBUG org.apache.http.wire -- http-outgoing-11 >> "Authorization: Bearer abddsds[\r][\n]"
21:56:59.074 [main] DEBUG org.apache.http.wire -- http-outgoing-11 >> "Host: localhost:3000[\r][\n]"
21:56:59.074 [main] DEBUG org.apache.http.wire -- http-outgoing-11 >> "Connection: Keep-Alive[\r][\n]"
21:56:59.074 [main] DEBUG org.apache.http.wire -- http-outgoing-11 >> "User-Agent: Apache-HttpClient/4.5.14 (Java/23.0.2)[\r][\n]"
21:56:59.074 [main] DEBUG org.apache.http.wire -- http-outgoing-11 >> "Accept-Encoding: gzip,deflate[\r][\n]"
21:56:59.074 [main] DEBUG org.apache.http.wire -- http-outgoing-11 >> "[\r][\n]"
21:56:59.078 [main] DEBUG org.apache.http.wire -- http-outgoing-11 << "HTTP/1.1 200 OK[\r][\n]"
21:56:59.078 [main] DEBUG org.apache.http.wire -- http-outgoing-11 << "Content-Type: application/json; charset=utf-8[\r][\n]"
21:56:59.078 [main] DEBUG org.apache.http.wire -- http-outgoing-11 << "Content-Length: 84[\r][\n]"
21:56:59.078 [main] DEBUG org.apache.http.wire -- http-outgoing-11 << "Date: Wed, 27 Aug 2025 14:56:59 GMT[\r][\n]"
21:56:59.078 [main] DEBUG org.apache.http.wire -- http-outgoing-11 << "Connection: keep-alive[\r][\n]"
21:56:59.078 [main] DEBUG org.apache.http.wire -- http-outgoing-11 << "Keep-Alive: timeout=5[\r][\n]"
21:56:59.078 [main] DEBUG org.apache.http.wire -- http-outgoing-11 << "[\r][\n]"
21:56:59.078 [main] DEBUG org.apache.http.wire -- http-outgoing-11 << "{[\n]"
21:56:59.078 [main] DEBUG org.apache.http.wire -- http-outgoing-11 << "  "type":"custom",[\n]"
21:56:59.078 [main] DEBUG org.apache.http.wire -- http-outgoing-11 << "  "data":{[\n]"
21:56:59.078 [main] DEBUG org.apache.http.wire -- http-outgoing-11 << "    "consistent":true,[\n]"
21:56:59.078 [main] DEBUG org.apache.http.wire -- http-outgoing-11 << "    "configId":"654657"[\n]"
21:56:59.078 [main] DEBUG org.apache.http.wire -- http-outgoing-11 << "  }[\n]"
21:56:59.078 [main] DEBUG org.apache.http.wire -- http-outgoing-11 << "}"
21:56:59.078 [main] DEBUG org.apache.http.headers -- http-outgoing-11 << HTTP/1.1 200 OK
21:56:59.078 [main] DEBUG org.apache.http.headers -- http-outgoing-11 << Content-Type: application/json; charset=utf-8
21:56:59.078 [main] DEBUG org.apache.http.headers -- http-outgoing-11 << Content-Length: 84
21:56:59.078 [main] DEBUG org.apache.http.headers -- http-outgoing-11 << Date: Wed, 27 Aug 2025 14:56:59 GMT
21:56:59.078 [main] DEBUG org.apache.http.headers -- http-outgoing-11 << Connection: keep-alive
21:56:59.078 [main] DEBUG org.apache.http.headers -- http-outgoing-11 << Keep-Alive: timeout=5
21:56:59.078 [main] DEBUG org.apache.http.impl.execchain.MainClientExec -- Connection can be kept alive for 5000 MILLISECONDS
21:56:59.079 [main] DEBUG org.apache.http.impl.conn.PoolingHttpClientConnectionManager -- Connection [id: 11][route: {}->http://localhost:3000] can be kept alive for 5.0 seconds
21:56:59.079 [main] DEBUG org.apache.http.impl.conn.DefaultManagedHttpClientConnection -- http-outgoing-11: set socket timeout to 0
21:56:59.079 [main] DEBUG org.apache.http.impl.conn.PoolingHttpClientConnectionManager -- Connection released: [id: 11][route: {}->http://localhost:3000][total available: 1; route allocated: 1 of 5; total allocated: 1 of 10]
21:56:59.079 [main] DEBUG org.apache.http.impl.conn.PoolingHttpClientConnectionManager -- Connection manager is shutting down
21:56:59.079 [main] DEBUG org.apache.http.impl.conn.DefaultManagedHttpClientConnection -- http-outgoing-11: Close connection
21:56:59.079 [main] DEBUG org.apache.http.impl.conn.PoolingHttpClientConnectionManager -- Connection manager shut down
21:56:59.079 [main] DEBUG com.intuit.karate -- response time in milliseconds: 6
1 < 200
1 < Content-Type: application/json; charset=utf-8
1 < Content-Length: 84
1 < Date: Wed, 27 Aug 2025 14:56:59 GMT
1 < Connection: keep-alive
1 < Keep-Alive: timeout=5
{
  "type":"custom",
  "data":{
    "consistent":true,
    "configId":"654657"
  }
}

21:56:59.080 [main] INFO com.intuit.karate -- [print] Response Set Material By Group Name:  654657 groupName WIND :  {
  "type": "custom",
  "data": {
    "consistent": true,
    "configId": "654657"
  }
}
 
21:56:59.080 [main] INFO com.intuit.karate -- {
  "groupName": "WIND",
  "responseHeaders": {
    "Content-Type": [
      "application/json; charset=utf-8"
    ],
    "Content-Length": [
      "84"
    ],
    "Date": [
      "Wed, 27 Aug 2025 14:56:59 GMT"
    ],
    "Connection": [
      "keep-alive"
    ],
    "Keep-Alive": [
      "timeout=5"
    ],
    "Set-Cookie": [
    ]
  },
  "configId": "654657",
  "responseTime": 6,
  "response": {
    "type": "custom",
    "data": {
      "consistent": true,
      "configId": "654657"
    }
  },
  "materialCode": "B2423534",
  "responseStatus": 200
}
 
21:56:59.081 [main] INFO com.intuit.karate -- Current run i: {
  "response": null,
  "args": {
    "configId": "654657",
    "groupName": "SUNNY",
    "materialCode": "A1234"
  },
  "testStepName": "Set_Material_By_Group_Name"
}
 
21:56:59.087 [main] INFO com.intuit.karate -- Soft assert failed: Fail Step Set_Material_By_Group_Name--Data- Group Name:SUNNY Material CodeA1234 
21:56:59.091 [main] INFO com.intuit.karate -- Current run i: {
  "response": {
    "type": "custom",
    "data": {
      "consistent": true,
      "configId": "654657"
    }
  },
  "args": {
    "configId": "654657",
    "groupName": "WIND",
    "materialCode": "B2423534"
  },
  "testStepName": "Set_Material_By_Group_Name"
}
 
21:56:59.096 [main] DEBUG com.jayway.jsonpath.internal.path.CompiledPath -- Evaluating path: $
21:56:59.097 [main] DEBUG com.jayway.jsonpath.internal.path.CompiledPath -- Evaluating path: $
21:56:59.097 [main] DEBUG com.jayway.jsonpath.internal.path.CompiledPath -- Evaluating path: $
21:56:59.097 [main] DEBUG com.jayway.jsonpath.internal.path.CompiledPath -- Evaluating path: $
21:56:59.097 [main] DEBUG com.jayway.jsonpath.internal.path.CompiledPath -- Evaluating path: $
21:56:59.097 [main] DEBUG com.jayway.jsonpath.internal.path.CompiledPath -- Evaluating path: $
21:56:59.098 [main] DEBUG com.jayway.jsonpath.internal.path.CompiledPath -- Evaluating path: $
21:56:59.098 [main] DEBUG com.jayway.jsonpath.internal.path.CompiledPath -- Evaluating path: $
21:56:59.098 [main] DEBUG com.jayway.jsonpath.internal.path.CompiledPath -- Evaluating path: $
21:56:59.098 [main] DEBUG com.jayway.jsonpath.internal.path.CompiledPath -- Evaluating path: $
21:56:59.098 [main] DEBUG com.jayway.jsonpath.internal.path.CompiledPath -- Evaluating path: $
21:56:59.099 [main] DEBUG com.jayway.jsonpath.internal.path.CompiledPath -- Evaluating path: $
21:56:59.105 [main] DEBUG com.jayway.jsonpath.internal.path.CompiledPath -- Evaluating path: $
21:56:59.105 [main] DEBUG com.jayway.jsonpath.internal.path.CompiledPath -- Evaluating path: $
21:56:59.106 [main] DEBUG com.jayway.jsonpath.internal.path.CompiledPath -- Evaluating path: $
21:56:59.106 [main] DEBUG com.jayway.jsonpath.internal.path.CompiledPath -- Evaluating path: $
21:56:59.106 [main] DEBUG com.jayway.jsonpath.internal.path.CompiledPath -- Evaluating path: $
21:56:59.106 [main] DEBUG com.jayway.jsonpath.internal.path.CompiledPath -- Evaluating path: $
21:56:59.106 [main] DEBUG com.jayway.jsonpath.internal.path.CompiledPath -- Evaluating path: $
21:56:59.106 [main] DEBUG com.jayway.jsonpath.internal.path.CompiledPath -- Evaluating path: $
21:56:59.106 [main] DEBUG com.jayway.jsonpath.internal.path.CompiledPath -- Evaluating path: $
21:56:59.107 [main] DEBUG com.jayway.jsonpath.internal.path.CompiledPath -- Evaluating path: $
21:56:59.107 [main] DEBUG com.jayway.jsonpath.internal.path.CompiledPath -- Evaluating path: $
21:56:59.107 [main] DEBUG com.jayway.jsonpath.internal.path.CompiledPath -- Evaluating path: $
21:56:59.126 [main] DEBUG org.thymeleaf.TemplateEngine -- [THYMELEAF] INITIALIZING TEMPLATE ENGINE
21:56:59.230 [main] DEBUG org.thymeleaf.TemplateEngine.CONFIG -- Initializing Thymeleaf Template engine configuration...
[THYMELEAF] TEMPLATE ENGINE CONFIGURATION:
[THYMELEAF] * Thymeleaf version: 3.1.2.RELEASE (built 2023-07-30T19:25:50+0000)
[THYMELEAF] * Cache Manager implementation: org.thymeleaf.cache.StandardCacheManager
[THYMELEAF] * Template resolvers:
[THYMELEAF]     * [1] com.intuit.karate.template.ResourceHtmlTemplateResolver
[THYMELEAF] * Message resolvers:
[THYMELEAF]     * org.thymeleaf.messageresolver.StandardMessageResolver
[THYMELEAF] * Link builders:
[THYMELEAF]     * org.thymeleaf.linkbuilder.StandardLinkBuilder
[THYMELEAF] * Dialect [1 of 2]: Standard (com.intuit.karate.template.KarateStandardDialect)
[THYMELEAF]     * Prefix: "th"
[THYMELEAF]     * Processors for Template Mode: HTML
[THYMELEAF]         * Element Tag Processors by [matching element and attribute name] [precedence]:
[THYMELEAF]             * [* {th:include,data-th-include}] [100]: org.thymeleaf.standard.processor.StandardIncludeTagProcessor
[THYMELEAF]             * [* {th:insert,data-th-insert}] [100]: org.thymeleaf.standard.processor.StandardInsertTagProcessor
[THYMELEAF]             * [* {th:replace,data-th-replace}] [100]: org.thymeleaf.standard.processor.StandardReplaceTagProcessor
[THYMELEAF]             * [* {th:each,data-th-each}] [200]: com.intuit.karate.template.KarateEachTagProcessor
[THYMELEAF]             * [* {th:switch,data-th-switch}] [250]: org.thymeleaf.standard.processor.StandardSwitchTagProcessor
[THYMELEAF]             * [* {th:case,data-th-case}] [275]: org.thymeleaf.standard.processor.StandardCaseTagProcessor
[THYMELEAF]             * [* {th:if,data-th-if}] [300]: org.thymeleaf.standard.processor.StandardIfTagProcessor
[THYMELEAF]             * [* {th:unless,data-th-unless}] [400]: org.thymeleaf.standard.processor.StandardUnlessTagProcessor
[THYMELEAF]             * [* {th:object,data-th-object}] [500]: org.thymeleaf.standard.processor.StandardObjectTagProcessor
[THYMELEAF]             * [* {th:with,data-th-with}] [600]: com.intuit.karate.template.KarateWithTagProcessor
[THYMELEAF]             * [* {th:attr,data-th-attr}] [700]: com.intuit.karate.template.KarateAttributeTagProcessor.KarateAttrTagProcessor
[THYMELEAF]             * [* {th:attrappend,data-th-attrappend}] [900]: com.intuit.karate.template.KarateAttributeTagProcessor.KarateAttrappendTagProcessor
[THYMELEAF]             * [* {th:attrprepend,data-th-attrprepend}] [900]: com.intuit.karate.template.KarateAttributeTagProcessor.KarateAttrprependTagProcessor
[THYMELEAF]             * [* {th:alt-title,data-th-alt-title}] [990]: org.thymeleaf.standard.processor.StandardAltTitleTagProcessor
[THYMELEAF]             * [* {th:lang-xmllang,data-th-lang-xmllang}] [990]: org.thymeleaf.standard.processor.StandardLangXmlLangTagProcessor
[THYMELEAF]             * [* {th:action,data-th-action}] [1000]: org.thymeleaf.standard.processor.StandardActionTagProcessor
[THYMELEAF]             * [* {th:selected,data-th-selected}] [1000]: org.thymeleaf.standard.processor.StandardConditionalFixedValueTagProcessor
[THYMELEAF]             * [* {th:async,data-th-async}] [1000]: org.thymeleaf.standard.processor.StandardConditionalFixedValueTagProcessor
[THYMELEAF]             * [* {th:scoped,data-th-scoped}] [1000]: org.thymeleaf.standard.processor.StandardConditionalFixedValueTagProcessor
[THYMELEAF]             * [* {th:autofocus,data-th-autofocus}] [1000]: org.thymeleaf.standard.processor.StandardConditionalFixedValueTagProcessor
[THYMELEAF]             * [* {th:novalidate,data-th-novalidate}] [1000]: org.thymeleaf.standard.processor.StandardConditionalFixedValueTagProcessor
[THYMELEAF]             * [* {th:declare,data-th-declare}] [1000]: org.thymeleaf.standard.processor.StandardConditionalFixedValueTagProcessor
[THYMELEAF]             * [* {th:formnovalidate,data-th-formnovalidate}] [1000]: org.thymeleaf.standard.processor.StandardConditionalFixedValueTagProcessor
[THYMELEAF]             * [* {th:nowrap,data-th-nowrap}] [1000]: org.thymeleaf.standard.processor.StandardConditionalFixedValueTagProcessor
[THYMELEAF]             * [* {th:readonly,data-th-readonly}] [1000]: org.thymeleaf.standard.processor.StandardConditionalFixedValueTagProcessor
[THYMELEAF]             * [* {th:seamless,data-th-seamless}] [1000]: org.thymeleaf.standard.processor.StandardConditionalFixedValueTagProcessor
[THYMELEAF]             * [* {th:controls,data-th-controls}] [1000]: org.thymeleaf.standard.processor.StandardConditionalFixedValueTagProcessor
[THYMELEAF]             * [* {th:required,data-th-required}] [1000]: org.thymeleaf.standard.processor.StandardConditionalFixedValueTagProcessor
[THYMELEAF]             * [* {th:checked,data-th-checked}] [1000]: org.thymeleaf.standard.processor.StandardConditionalFixedValueTagProcessor
[THYMELEAF]             * [* {th:multiple,data-th-multiple}] [1000]: org.thymeleaf.standard.processor.StandardConditionalFixedValueTagProcessor
[THYMELEAF]             * [* {th:defer,data-th-defer}] [1000]: org.thymeleaf.standard.processor.StandardConditionalFixedValueTagProcessor
[THYMELEAF]             * [* {th:autoplay,data-th-autoplay}] [1000]: org.thymeleaf.standard.processor.StandardConditionalFixedValueTagProcessor
[THYMELEAF]             * [* {th:default,data-th-default}] [1000]: org.thymeleaf.standard.processor.StandardConditionalFixedValueTagProcessor
[THYMELEAF]             * [* {th:disabled,data-th-disabled}] [1000]: org.thymeleaf.standard.processor.StandardConditionalFixedValueTagProcessor
[THYMELEAF]             * [* {th:ismap,data-th-ismap}] [1000]: org.thymeleaf.standard.processor.StandardConditionalFixedValueTagProcessor
[THYMELEAF]             * [* {th:pubdate,data-th-pubdate}] [1000]: org.thymeleaf.standard.processor.StandardConditionalFixedValueTagProcessor
[THYMELEAF]             * [* {th:hidden,data-th-hidden}] [1000]: org.thymeleaf.standard.processor.StandardConditionalFixedValueTagProcessor
[THYMELEAF]             * [* {th:loop,data-th-loop}] [1000]: org.thymeleaf.standard.processor.StandardConditionalFixedValueTagProcessor
[THYMELEAF]             * [* {th:open,data-th-open}] [1000]: org.thymeleaf.standard.processor.StandardConditionalFixedValueTagProcessor
[THYMELEAF]             * [* {th:reversed,data-th-reversed}] [1000]: org.thymeleaf.standard.processor.StandardConditionalFixedValueTagProcessor
[THYMELEAF]             * [* {th:onafterprint,data-th-onafterprint}] [1000]: org.thymeleaf.standard.processor.StandardDOMEventAttributeTagProcessor
[THYMELEAF]             * [* {th:ondblclick,data-th-ondblclick}] [1000]: org.thymeleaf.standard.processor.StandardDOMEventAttributeTagProcessor
[THYMELEAF]             * [* {th:ontimeupdate,data-th-ontimeupdate}] [1000]: org.thymeleaf.standard.processor.StandardDOMEventAttributeTagProcessor
[THYMELEAF]             * [* {th:onfocus,data-th-onfocus}] [1000]: org.thymeleaf.standard.processor.StandardDOMEventAttributeTagProcessor
[THYMELEAF]             * [* {th:onpopstate,data-th-onpopstate}] [1000]: org.thymeleaf.standard.processor.StandardDOMEventAttributeTagProcessor
[THYMELEAF]             * [* {th:onhashchange,data-th-onhashchange}] [1000]: org.thymeleaf.standard.processor.StandardDOMEventAttributeTagProcessor
[THYMELEAF]             * [* {th:onended,data-th-onended}] [1000]: org.thymeleaf.standard.processor.StandardDOMEventAttributeTagProcessor
[THYMELEAF]             * [* {th:onerror,data-th-onerror}] [1000]: org.thymeleaf.standard.processor.StandardDOMEventAttributeTagProcessor
[THYMELEAF]             * [* {th:onvolumechange,data-th-onvolumechange}] [1000]: org.thymeleaf.standard.processor.StandardDOMEventAttributeTagProcessor
[THYMELEAF]             * [* {th:onabort,data-th-onabort}] [1000]: org.thymeleaf.standard.processor.StandardDOMEventAttributeTagProcessor
[THYMELEAF]             * [* {th:onseeked,data-th-onseeked}] [1000]: org.thymeleaf.standard.processor.StandardDOMEventAttributeTagProcessor
[THYMELEAF]             * [* {th:onkeydown,data-th-onkeydown}] [1000]: org.thymeleaf.standard.processor.StandardDOMEventAttributeTagProcessor
[THYMELEAF]             * [* {th:onreadystatechange,data-th-onreadystatechange}] [1000]: org.thymeleaf.standard.processor.StandardDOMEventAttributeTagProcessor
[THYMELEAF]             * [* {th:onstorage,data-th-onstorage}] [1000]: org.thymeleaf.standard.processor.StandardDOMEventAttributeTagProcessor
[THYMELEAF]             * [* {th:onscroll,data-th-onscroll}] [1000]: org.thymeleaf.standard.processor.StandardDOMEventAttributeTagProcessor
[THYMELEAF]             * [* {th:onsuspend,data-th-onsuspend}] [1000]: org.thymeleaf.standard.processor.StandardDOMEventAttributeTagProcessor
[THYMELEAF]             * [* {th:onmouseout,data-th-onmouseout}] [1000]: org.thymeleaf.standard.processor.StandardDOMEventAttributeTagProcessor
[THYMELEAF]             * [* {th:onmouseover,data-th-onmouseover}] [1000]: org.thymeleaf.standard.processor.StandardDOMEventAttributeTagProcessor
[THYMELEAF]             * [* {th:ondrop,data-th-ondrop}] [1000]: org.thymeleaf.standard.processor.StandardDOMEventAttributeTagProcessor
[THYMELEAF]             * [* {th:onloadedmetadata,data-th-onloadedmetadata}] [1000]: org.thymeleaf.standard.processor.StandardDOMEventAttributeTagProcessor
[THYMELEAF]             * [* {th:onclick,data-th-onclick}] [1000]: org.thymeleaf.standard.processor.StandardDOMEventAttributeTagProcessor
[THYMELEAF]             * [* {th:onoffline,data-th-onoffline}] [1000]: org.thymeleaf.standard.processor.StandardDOMEventAttributeTagProcessor
[THYMELEAF]             * [* {th:onmousedown,data-th-onmousedown}] [1000]: org.thymeleaf.standard.processor.StandardDOMEventAttributeTagProcessor
[THYMELEAF]             * [* {th:onpause,data-th-onpause}] [1000]: org.thymeleaf.standard.processor.StandardDOMEventAttributeTagProcessor
[THYMELEAF]             * [* {th:onreset,data-th-onreset}] [1000]: org.thymeleaf.standard.processor.StandardDOMEventAttributeTagProcessor
[THYMELEAF]             * [* {th:oncontextmenu,data-th-oncontextmenu}] [1000]: org.thymeleaf.standard.processor.StandardDOMEventAttributeTagProcessor
[THYMELEAF]             * [* {th:ononline,data-th-ononline}] [1000]: org.thymeleaf.standard.processor.StandardDOMEventAttributeTagProcessor
[THYMELEAF]             * [* {th:onselect,data-th-onselect}] [1000]: org.thymeleaf.standard.processor.StandardDOMEventAttributeTagProcessor
[THYMELEAF]             * [* {th:onplaying,data-th-onplaying}] [1000]: org.thymeleaf.standard.processor.StandardDOMEventAttributeTagProcessor
[THYMELEAF]             * [* {th:onkeypress,data-th-onkeypress}] [1000]: org.thymeleaf.standard.processor.StandardDOMEventAttributeTagProcessor
[THYMELEAF]             * [* {th:oninput,data-th-oninput}] [1000]: org.thymeleaf.standard.processor.StandardDOMEventAttributeTagProcessor
[THYMELEAF]             * [* {th:onresize,data-th-onresize}] [1000]: org.thymeleaf.standard.processor.StandardDOMEventAttributeTagProcessor
[THYMELEAF]             * [* {th:ondragend,data-th-ondragend}] [1000]: org.thymeleaf.standard.processor.StandardDOMEventAttributeTagProcessor
[THYMELEAF]             * [* {th:onloadeddata,data-th-onloadeddata}] [1000]: org.thymeleaf.standard.processor.StandardDOMEventAttributeTagProcessor
[THYMELEAF]             * [* {th:ondragstart,data-th-ondragstart}] [1000]: org.thymeleaf.standard.processor.StandardDOMEventAttributeTagProcessor
[THYMELEAF]             * [* {th:onmousewheel,data-th-onmousewheel}] [1000]: org.thymeleaf.standard.processor.StandardDOMEventAttributeTagProcessor
[THYMELEAF]             * [* {th:ondragenter,data-th-ondragenter}] [1000]: org.thymeleaf.standard.processor.StandardDOMEventAttributeTagProcessor
[THYMELEAF]             * [* {th:onunload,data-th-onunload}] [1000]: org.thymeleaf.standard.processor.StandardDOMEventAttributeTagProcessor
[THYMELEAF]             * [* {th:onbeforeprint,data-th-onbeforeprint}] [1000]: org.thymeleaf.standard.processor.StandardDOMEventAttributeTagProcessor
[THYMELEAF]             * [* {th:ondragleave,data-th-ondragleave}] [1000]: org.thymeleaf.standard.processor.StandardDOMEventAttributeTagProcessor
[THYMELEAF]             * [* {th:onshow,data-th-onshow}] [1000]: org.thymeleaf.standard.processor.StandardDOMEventAttributeTagProcessor
[THYMELEAF]             * [* {th:onredo,data-th-onredo}] [1000]: org.thymeleaf.standard.processor.StandardDOMEventAttributeTagProcessor
[THYMELEAF]             * [* {th:oninvalid,data-th-oninvalid}] [1000]: org.thymeleaf.standard.processor.StandardDOMEventAttributeTagProcessor
[THYMELEAF]             * [* {th:onkeyup,data-th-onkeyup}] [1000]: org.thymeleaf.standard.processor.StandardDOMEventAttributeTagProcessor
[THYMELEAF]             * [* {th:onforminput,data-th-onforminput}] [1000]: org.thymeleaf.standard.processor.StandardDOMEventAttributeTagProcessor
[THYMELEAF]             * [* {th:onsubmit,data-th-onsubmit}] [1000]: org.thymeleaf.standard.processor.StandardDOMEventAttributeTagProcessor
[THYMELEAF]             * [* {th:ondragover,data-th-ondragover}] [1000]: org.thymeleaf.standard.processor.StandardDOMEventAttributeTagProcessor
[THYMELEAF]             * [* {th:onmouseup,data-th-onmouseup}] [1000]: org.thymeleaf.standard.processor.StandardDOMEventAttributeTagProcessor
[THYMELEAF]             * [* {th:onmousemove,data-th-onmousemove}] [1000]: org.thymeleaf.standard.processor.StandardDOMEventAttributeTagProcessor
[THYMELEAF]             * [* {th:ondurationchange,data-th-ondurationchange}] [1000]: org.thymeleaf.standard.processor.StandardDOMEventAttributeTagProcessor
[THYMELEAF]             * [* {th:onmessage,data-th-onmessage}] [1000]: org.thymeleaf.standard.processor.StandardDOMEventAttributeTagProcessor
[THYMELEAF]             * [* {th:onformchange,data-th-onformchange}] [1000]: org.thymeleaf.standard.processor.StandardDOMEventAttributeTagProcessor
[THYMELEAF]             * [* {th:onseeking,data-th-onseeking}] [1000]: org.thymeleaf.standard.processor.StandardDOMEventAttributeTagProcessor
[THYMELEAF]             * [* {th:ondrag,data-th-ondrag}] [1000]: org.thymeleaf.standard.processor.StandardDOMEventAttributeTagProcessor
[THYMELEAF]             * [* {th:onstalled,data-th-onstalled}] [1000]: org.thymeleaf.standard.processor.StandardDOMEventAttributeTagProcessor
[THYMELEAF]             * [* {th:onblur,data-th-onblur}] [1000]: org.thymeleaf.standard.processor.StandardDOMEventAttributeTagProcessor
[THYMELEAF]             * [* {th:onbeforeunload,data-th-onbeforeunload}] [1000]: org.thymeleaf.standard.processor.StandardDOMEventAttributeTagProcessor
[THYMELEAF]             * [* {th:onemptied,data-th-onemptied}] [1000]: org.thymeleaf.standard.processor.StandardDOMEventAttributeTagProcessor
[THYMELEAF]             * [* {th:onwaiting,data-th-onwaiting}] [1000]: org.thymeleaf.standard.processor.StandardDOMEventAttributeTagProcessor
[THYMELEAF]             * [* {th:onprogress,data-th-onprogress}] [1000]: org.thymeleaf.standard.processor.StandardDOMEventAttributeTagProcessor
[THYMELEAF]             * [* {th:onload,data-th-onload}] [1000]: org.thymeleaf.standard.processor.StandardDOMEventAttributeTagProcessor
[THYMELEAF]             * [* {th:onundo,data-th-onundo}] [1000]: org.thymeleaf.standard.processor.StandardDOMEventAttributeTagProcessor
[THYMELEAF]             * [* {th:oncanplay,data-th-oncanplay}] [1000]: org.thymeleaf.standard.processor.StandardDOMEventAttributeTagProcessor
[THYMELEAF]             * [* {th:onplay,data-th-onplay}] [1000]: org.thymeleaf.standard.processor.StandardDOMEventAttributeTagProcessor
[THYMELEAF]             * [* {th:onchange,data-th-onchange}] [1000]: org.thymeleaf.standard.processor.StandardDOMEventAttributeTagProcessor
[THYMELEAF]             * [* {th:onloadstart,data-th-onloadstart}] [1000]: org.thymeleaf.standard.processor.StandardDOMEventAttributeTagProcessor
[THYMELEAF]             * [* {th:oncanplaythrough,data-th-oncanplaythrough}] [1000]: org.thymeleaf.standard.processor.StandardDOMEventAttributeTagProcessor
[THYMELEAF]             * [* {th:onratechange,data-th-onratechange}] [1000]: org.thymeleaf.standard.processor.StandardDOMEventAttributeTagProcessor
[THYMELEAF]             * [* {th:href,data-th-href}] [1000]: org.thymeleaf.standard.processor.StandardHrefTagProcessor
[THYMELEAF]             * [* {th:inline,data-th-inline}] [1000]: org.thymeleaf.standard.processor.StandardInlineHTMLTagProcessor
[THYMELEAF]             * [* {th:method,data-th-method}] [1000]: org.thymeleaf.standard.processor.StandardMethodTagProcessor
[THYMELEAF]             * [* {th:name,data-th-name}] [1000]: org.thymeleaf.standard.processor.StandardNonRemovableAttributeTagProcessor
[THYMELEAF]             * [* {th:type,data-th-type}] [1000]: org.thymeleaf.standard.processor.StandardNonRemovableAttributeTagProcessor
[THYMELEAF]             * [* {th:high,data-th-high}] [1000]: org.thymeleaf.standard.processor.StandardRemovableAttributeTagProcessor
[THYMELEAF]             * [* {th:wrap,data-th-wrap}] [1000]: org.thymeleaf.standard.processor.StandardRemovableAttributeTagProcessor
[THYMELEAF]             * [* {th:enctype,data-th-enctype}] [1000]: org.thymeleaf.standard.processor.StandardRemovableAttributeTagProcessor
[THYMELEAF]             * [* {th:bgcolor,data-th-bgcolor}] [1000]: org.thymeleaf.standard.processor.StandardRemovableAttributeTagProcessor
[THYMELEAF]             * [* {th:maxlength,data-th-maxlength}] [1000]: org.thymeleaf.standard.processor.StandardRemovableAttributeTagProcessor
[THYMELEAF]             * [* {th:rowspan,data-th-rowspan}] [1000]: org.thymeleaf.standard.processor.StandardRemovableAttributeTagProcessor
[THYMELEAF]             * [* {th:optimum,data-th-optimum}] [1000]: org.thymeleaf.standard.processor.StandardRemovableAttributeTagProcessor
[THYMELEAF]             * [* {th:vspace,data-th-vspace}] [1000]: org.thymeleaf.standard.processor.StandardRemovableAttributeTagProcessor
[THYMELEAF]             * [* {th:datetime,data-th-datetime}] [1000]: org.thymeleaf.standard.processor.StandardRemovableAttributeTagProcessor
[THYMELEAF]             * [* {th:width,data-th-width}] [1000]: org.thymeleaf.standard.processor.StandardRemovableAttributeTagProcessor
[THYMELEAF]             * [* {th:rows,data-th-rows}] [1000]: org.thymeleaf.standard.processor.StandardRemovableAttributeTagProcessor
[THYMELEAF]             * [* {th:headers,data-th-headers}] [1000]: org.thymeleaf.standard.processor.StandardRemovableAttributeTagProcessor
[THYMELEAF]             * [* {th:height,data-th-height}] [1000]: org.thymeleaf.standard.processor.StandardRemovableAttributeTagProcessor
[THYMELEAF]             * [* {th:valuetype,data-th-valuetype}] [1000]: org.thymeleaf.standard.processor.StandardRemovableAttributeTagProcessor
[THYMELEAF]             * [* {th:data,data-th-data}] [1000]: org.thymeleaf.standard.processor.StandardRemovableAttributeTagProcessor
[THYMELEAF]             * [* {th:poster,data-th-poster}] [1000]: org.thymeleaf.standard.processor.StandardRemovableAttributeTagProcessor
[THYMELEAF]             * [* {th:contextmenu,data-th-contextmenu}] [1000]: org.thymeleaf.standard.processor.StandardRemovableAttributeTagProcessor
[THYMELEAF]             * [* {th:class,data-th-class}] [1000]: org.thymeleaf.standard.processor.StandardRemovableAttributeTagProcessor
[THYMELEAF]             * [* {th:autocomplete,data-th-autocomplete}] [1000]: org.thymeleaf.standard.processor.StandardRemovableAttributeTagProcessor
[THYMELEAF]             * [* {th:srclang,data-th-srclang}] [1000]: org.thymeleaf.standard.processor.StandardRemovableAttributeTagProcessor
[THYMELEAF]             * [* {th:spellcheck,data-th-spellcheck}] [1000]: org.thymeleaf.standard.processor.StandardRemovableAttributeTagProcessor
[THYMELEAF]             * [* {th:rules,data-th-rules}] [1000]: org.thymeleaf.standard.processor.StandardRemovableAttributeTagProcessor
[THYMELEAF]             * [* {th:placeholder,data-th-placeholder}] [1000]: org.thymeleaf.standard.processor.StandardRemovableAttributeTagProcessor
[THYMELEAF]             * [* {th:marginwidth,data-th-marginwidth}] [1000]: org.thymeleaf.standard.processor.StandardRemovableAttributeTagProcessor
[THYMELEAF]             * [* {th:archive,data-th-archive}] [1000]: org.thymeleaf.standard.processor.StandardRemovableAttributeTagProcessor
[THYMELEAF]             * [* {th:audio,data-th-audio}] [1000]: org.thymeleaf.standard.processor.StandardRemovableAttributeTagProcessor
[THYMELEAF]             * [* {th:summary,data-th-summary}] [1000]: org.thymeleaf.standard.processor.StandardRemovableAttributeTagProcessor
[THYMELEAF]             * [* {th:frameborder,data-th-frameborder}] [1000]: org.thymeleaf.standard.processor.StandardRemovableAttributeTagProcessor
[THYMELEAF]             * [* {th:target,data-th-target}] [1000]: org.thymeleaf.standard.processor.StandardRemovableAttributeTagProcessor
[THYMELEAF]             * [* {th:formtarget,data-th-formtarget}] [1000]: org.thymeleaf.standard.processor.StandardRemovableAttributeTagProcessor
[THYMELEAF]             * [* {th:scope,data-th-scope}] [1000]: org.thymeleaf.standard.processor.StandardRemovableAttributeTagProcessor
[THYMELEAF]             * [* {th:hspace,data-th-hspace}] [1000]: org.thymeleaf.standard.processor.StandardRemovableAttributeTagProcessor
[THYMELEAF]             * [* {th:border,data-th-border}] [1000]: org.thymeleaf.standard.processor.StandardRemovableAttributeTagProcessor
[THYMELEAF]             * [* {th:id,data-th-id}] [1000]: org.thymeleaf.standard.processor.StandardRemovableAttributeTagProcessor
[THYMELEAF]             * [* {th:keytype,data-th-keytype}] [1000]: org.thymeleaf.standard.processor.StandardRemovableAttributeTagProcessor
[THYMELEAF]             * [* {th:alt,data-th-alt}] [1000]: org.thymeleaf.standard.processor.StandardRemovableAttributeTagProcessor
[THYMELEAF]             * [* {th:radiogroup,data-th-radiogroup}] [1000]: org.thymeleaf.standard.processor.StandardRemovableAttributeTagProcessor
[THYMELEAF]             * [* {th:axis,data-th-axis}] [1000]: org.thymeleaf.standard.processor.StandardRemovableAttributeTagProcessor
[THYMELEAF]             * [* {th:accesskey,data-th-accesskey}] [1000]: org.thymeleaf.standard.processor.StandardRemovableAttributeTagProcessor
[THYMELEAF]             * [* {th:classid,data-th-classid}] [1000]: org.thymeleaf.standard.processor.StandardRemovableAttributeTagProcessor
[THYMELEAF]             * [* {th:form,data-th-form}] [1000]: org.thymeleaf.standard.processor.StandardRemovableAttributeTagProcessor
[THYMELEAF]             * [* {th:cellspacing,data-th-cellspacing}] [1000]: org.thymeleaf.standard.processor.StandardRemovableAttributeTagProcessor
[THYMELEAF]             * [* {th:draggable,data-th-draggable}] [1000]: org.thymeleaf.standard.processor.StandardRemovableAttributeTagProcessor
[THYMELEAF]             * [* {th:span,data-th-span}] [1000]: org.thymeleaf.standard.processor.StandardRemovableAttributeTagProcessor
[THYMELEAF]             * [* {th:tabindex,data-th-tabindex}] [1000]: org.thymeleaf.standard.processor.StandardRemovableAttributeTagProcessor
[THYMELEAF]             * [* {th:codetype,data-th-codetype}] [1000]: org.thymeleaf.standard.processor.StandardRemovableAttributeTagProcessor
[THYMELEAF]             * [* {th:dropzone,data-th-dropzone}] [1000]: org.thymeleaf.standard.processor.StandardRemovableAttributeTagProcessor
[THYMELEAF]             * [* {th:cols,data-th-cols}] [1000]: org.thymeleaf.standard.processor.StandardRemovableAttributeTagProcessor
[THYMELEAF]             * [* {th:rev,data-th-rev}] [1000]: org.thymeleaf.standard.processor.StandardRemovableAttributeTagProcessor
[THYMELEAF]             * [* {th:contenteditable,data-th-contenteditable}] [1000]: org.thymeleaf.standard.processor.StandardRemovableAttributeTagProcessor
[THYMELEAF]             * [* {th:for,data-th-for}] [1000]: org.thymeleaf.standard.processor.StandardRemovableAttributeTagProcessor
[THYMELEAF]             * [* {th:formenctype,data-th-formenctype}] [1000]: org.thymeleaf.standard.processor.StandardRemovableAttributeTagProcessor
[THYMELEAF]             * [* {th:marginheight,data-th-marginheight}] [1000]: org.thymeleaf.standard.processor.StandardRemovableAttributeTagProcessor
[THYMELEAF]             * [* {th:align,data-th-align}] [1000]: org.thymeleaf.standard.processor.StandardRemovableAttributeTagProcessor
[THYMELEAF]             * [* {th:icon,data-th-icon}] [1000]: org.thymeleaf.standard.processor.StandardRemovableAttributeTagProcessor
[THYMELEAF]             * [* {th:start,data-th-start}] [1000]: org.thymeleaf.standard.processor.StandardRemovableAttributeTagProcessor
[THYMELEAF]             * [* {th:accept-charset,data-th-accept-charset}] [1000]: org.thymeleaf.standard.processor.StandardRemovableAttributeTagProcessor
[THYMELEAF]             * [* {th:pattern,data-th-pattern}] [1000]: org.thymeleaf.standard.processor.StandardRemovableAttributeTagProcessor
[THYMELEAF]             * [* {th:dir,data-th-dir}] [1000]: org.thymeleaf.standard.processor.StandardRemovableAttributeTagProcessor
[THYMELEAF]             * [* {th:kind,data-th-kind}] [1000]: org.thymeleaf.standard.processor.StandardRemovableAttributeTagProcessor
[THYMELEAF]             * [* {th:manifest,data-th-manifest}] [1000]: org.thymeleaf.standard.processor.StandardRemovableAttributeTagProcessor
[THYMELEAF]             * [* {th:title,data-th-title}] [1000]: org.thymeleaf.standard.processor.StandardRemovableAttributeTagProcessor
[THYMELEAF]             * [* {th:abbr,data-th-abbr}] [1000]: org.thymeleaf.standard.processor.StandardRemovableAttributeTagProcessor
[THYMELEAF]             * [* {th:charset,data-th-charset}] [1000]: org.thymeleaf.standard.processor.StandardRemovableAttributeTagProcessor
[THYMELEAF]             * [* {th:style,data-th-style}] [1000]: org.thymeleaf.standard.processor.StandardRemovableAttributeTagProcessor
[THYMELEAF]             * [* {th:compact,data-th-compact}] [1000]: org.thymeleaf.standard.processor.StandardRemovableAttributeTagProcessor
[THYMELEAF]             * [* {th:background,data-th-background}] [1000]: org.thymeleaf.standard.processor.StandardRemovableAttributeTagProcessor
[THYMELEAF]             * [* {th:codebase,data-th-codebase}] [1000]: org.thymeleaf.standard.processor.StandardRemovableAttributeTagProcessor
[THYMELEAF]             * [* {th:frame,data-th-frame}] [1000]: org.thymeleaf.standard.processor.StandardRemovableAttributeTagProcessor
[THYMELEAF]             * [* {th:label,data-th-label}] [1000]: org.thymeleaf.standard.processor.StandardRemovableAttributeTagProcessor
[THYMELEAF]             * [* {th:max,data-th-max}] [1000]: org.thymeleaf.standard.processor.StandardRemovableAttributeTagProcessor
[THYMELEAF]             * [* {th:step,data-th-step}] [1000]: org.thymeleaf.standard.processor.StandardRemovableAttributeTagProcessor
[THYMELEAF]             * [* {th:cite,data-th-cite}] [1000]: org.thymeleaf.standard.processor.StandardRemovableAttributeTagProcessor
[THYMELEAF]             * [* {th:accept,data-th-accept}] [1000]: org.thymeleaf.standard.processor.StandardRemovableAttributeTagProcessor
[THYMELEAF]             * [* {th:hreflang,data-th-hreflang}] [1000]: org.thymeleaf.standard.processor.StandardRemovableAttributeTagProcessor
[THYMELEAF]             * [* {th:standby,data-th-standby}] [1000]: org.thymeleaf.standard.processor.StandardRemovableAttributeTagProcessor
[THYMELEAF]             * [* {th:sandbox,data-th-sandbox}] [1000]: org.thymeleaf.standard.processor.StandardRemovableAttributeTagProcessor
[THYMELEAF]             * [* {th:challenge,data-th-challenge}] [1000]: org.thymeleaf.standard.processor.StandardRemovableAttributeTagProcessor
[THYMELEAF]             * [* {th:longdesc,data-th-longdesc}] [1000]: org.thymeleaf.standard.processor.StandardRemovableAttributeTagProcessor
[THYMELEAF]             * [* {th:cellpadding,data-th-cellpadding}] [1000]: org.thymeleaf.standard.processor.StandardRemovableAttributeTagProcessor
[THYMELEAF]             * [* {th:size,data-th-size}] [1000]: org.thymeleaf.standard.processor.StandardRemovableAttributeTagProcessor
[THYMELEAF]             * [* {th:sizes,data-th-sizes}] [1000]: org.thymeleaf.standard.processor.StandardRemovableAttributeTagProcessor
[THYMELEAF]             * [* {th:min,data-th-min}] [1000]: org.thymeleaf.standard.processor.StandardRemovableAttributeTagProcessor
[THYMELEAF]             * [* {th:preload,data-th-preload}] [1000]: org.thymeleaf.standard.processor.StandardRemovableAttributeTagProcessor
[THYMELEAF]             * [* {th:list,data-th-list}] [1000]: org.thymeleaf.standard.processor.StandardRemovableAttributeTagProcessor
[THYMELEAF]             * [* {th:low,data-th-low}] [1000]: org.thymeleaf.standard.processor.StandardRemovableAttributeTagProcessor
[THYMELEAF]             * [* {th:usemap,data-th-usemap}] [1000]: org.thymeleaf.standard.processor.StandardRemovableAttributeTagProcessor
[THYMELEAF]             * [* {th:rel,data-th-rel}] [1000]: org.thymeleaf.standard.processor.StandardRemovableAttributeTagProcessor
[THYMELEAF]             * [* {th:http-equiv,data-th-http-equiv}] [1000]: org.thymeleaf.standard.processor.StandardRemovableAttributeTagProcessor
[THYMELEAF]             * [* {th:scrolling,data-th-scrolling}] [1000]: org.thymeleaf.standard.processor.StandardRemovableAttributeTagProcessor
[THYMELEAF]             * [* {th:media,data-th-media}] [1000]: org.thymeleaf.standard.processor.StandardRemovableAttributeTagProcessor
[THYMELEAF]             * [* {th:colspan,data-th-colspan}] [1000]: org.thymeleaf.standard.processor.StandardRemovableAttributeTagProcessor
[THYMELEAF]             * [* {th:lang,data-th-lang}] [1000]: org.thymeleaf.standard.processor.StandardRemovableAttributeTagProcessor
[THYMELEAF]             * [* {th:scheme,data-th-scheme}] [1000]: org.thymeleaf.standard.processor.StandardRemovableAttributeTagProcessor
[THYMELEAF]             * [* {th:formmethod,data-th-formmethod}] [1000]: org.thymeleaf.standard.processor.StandardRemovableAttributeTagProcessor
[THYMELEAF]             * [* {th:content,data-th-content}] [1000]: org.thymeleaf.standard.processor.StandardRemovableAttributeTagProcessor
[THYMELEAF]             * [* {th:formaction,data-th-formaction}] [1000]: org.thymeleaf.standard.processor.StandardRemovableAttributeTagProcessor
[THYMELEAF]             * [* {th:src,data-th-src}] [1000]: org.thymeleaf.standard.processor.StandardSrcTagProcessor
[THYMELEAF]             * [* {th:value,data-th-value}] [1000]: org.thymeleaf.standard.processor.StandardValueTagProcessor
[THYMELEAF]             * [* {th:xmlbase,data-th-xmlbase}] [1000]: org.thymeleaf.standard.processor.StandardXmlBaseTagProcessor
[THYMELEAF]             * [* {th:xmllang,data-th-xmllang}] [1000]: org.thymeleaf.standard.processor.StandardXmlLangTagProcessor
[THYMELEAF]             * [* {xmlns:th}] [1000]: org.thymeleaf.standard.processor.StandardXmlNsTagProcessor
[THYMELEAF]             * [* {th:xmlspace,data-th-xmlspace}] [1000]: org.thymeleaf.standard.processor.StandardXmlSpaceTagProcessor
[THYMELEAF]             * [* {th:classappend,data-th-classappend}] [1100]: org.thymeleaf.standard.processor.StandardClassappendTagProcessor
[THYMELEAF]             * [* {th:styleappend,data-th-styleappend}] [1100]: org.thymeleaf.standard.processor.StandardStyleappendTagProcessor
[THYMELEAF]             * [* {th:text,data-th-text}] [1300]: org.thymeleaf.standard.processor.StandardTextTagProcessor
[THYMELEAF]             * [* {th:utext,data-th-utext}] [1400]: org.thymeleaf.standard.processor.StandardUtextTagProcessor
[THYMELEAF]             * [* {th:fragment,data-th-fragment}] [1500]: org.thymeleaf.standard.processor.StandardFragmentTagProcessor
[THYMELEAF]             * [* {th:assert,data-th-assert}] [1550]: org.thymeleaf.standard.processor.StandardAssertTagProcessor
[THYMELEAF]             * [* {th:remove,data-th-remove}] [1600]: org.thymeleaf.standard.processor.StandardRemoveTagProcessor
[THYMELEAF]             * [* {th:ref,data-th-ref}] [10000]: org.thymeleaf.standard.processor.StandardRefAttributeTagProcessor
[THYMELEAF]             * [{th:block,th-block} *] [100000]: org.thymeleaf.standard.processor.StandardBlockTagProcessor
[THYMELEAF]             * [* th:*] [2147483647]: org.thymeleaf.standard.processor.StandardDefaultAttributesTagProcessor
[THYMELEAF]         * Text Processors by [precedence]:
[THYMELEAF]             * [1000]: org.thymeleaf.standard.processor.StandardInliningTextProcessor
[THYMELEAF]         * DOCTYPE Processors by [precedence]:
[THYMELEAF]             * [1000]: org.thymeleaf.standard.processor.StandardTranslationDocTypeProcessor
[THYMELEAF]         * CDATA Section Processors by [precedence]:
[THYMELEAF]             * [1000]: org.thymeleaf.standard.processor.StandardInliningCDATASectionProcessor
[THYMELEAF]         * Comment Processors by [precedence]:
[THYMELEAF]             * [1000]: org.thymeleaf.standard.processor.StandardInliningCommentProcessor
[THYMELEAF]             * [1100]: org.thymeleaf.standard.processor.StandardConditionalCommentProcessor
[THYMELEAF]     * Processors for Template Mode: XML
[THYMELEAF]         * Element Tag Processors by [matching element and attribute name] [precedence]:
[THYMELEAF]             * [* {th:include}] [100]: org.thymeleaf.standard.processor.StandardIncludeTagProcessor
[THYMELEAF]             * [* {th:insert}] [100]: org.thymeleaf.standard.processor.StandardInsertTagProcessor
[THYMELEAF]             * [* {th:replace}] [100]: org.thymeleaf.standard.processor.StandardReplaceTagProcessor
[THYMELEAF]             * [* {th:each}] [200]: com.intuit.karate.template.KarateEachTagProcessor
[THYMELEAF]             * [* {th:switch}] [250]: org.thymeleaf.standard.processor.StandardSwitchTagProcessor
[THYMELEAF]             * [* {th:case}] [275]: org.thymeleaf.standard.processor.StandardCaseTagProcessor
[THYMELEAF]             * [* {th:if}] [300]: org.thymeleaf.standard.processor.StandardIfTagProcessor
[THYMELEAF]             * [* {th:unless}] [400]: org.thymeleaf.standard.processor.StandardUnlessTagProcessor
[THYMELEAF]             * [* {th:object}] [500]: org.thymeleaf.standard.processor.StandardObjectTagProcessor
[THYMELEAF]             * [* {th:with}] [600]: com.intuit.karate.template.KarateWithTagProcessor
[THYMELEAF]             * [* {th:attr}] [700]: com.intuit.karate.template.KarateAttributeTagProcessor.KarateAttrTagProcessor
[THYMELEAF]             * [* {th:attrappend}] [900]: com.intuit.karate.template.KarateAttributeTagProcessor.KarateAttrappendTagProcessor
[THYMELEAF]             * [* {th:attrprepend}] [900]: com.intuit.karate.template.KarateAttributeTagProcessor.KarateAttrprependTagProcessor
[THYMELEAF]             * [* {th:inline}] [1000]: org.thymeleaf.standard.processor.StandardInlineXMLTagProcessor
[THYMELEAF]             * [* {xmlns:th}] [1000]: org.thymeleaf.standard.processor.StandardXmlNsTagProcessor
[THYMELEAF]             * [* {th:text}] [1300]: org.thymeleaf.standard.processor.StandardTextTagProcessor
[THYMELEAF]             * [* {th:utext}] [1400]: org.thymeleaf.standard.processor.StandardUtextTagProcessor
[THYMELEAF]             * [* {th:fragment}] [1500]: org.thymeleaf.standard.processor.StandardFragmentTagProcessor
[THYMELEAF]             * [* {th:assert}] [1550]: org.thymeleaf.standard.processor.StandardAssertTagProcessor
[THYMELEAF]             * [* {th:remove}] [1600]: org.thymeleaf.standard.processor.StandardRemoveTagProcessor
[THYMELEAF]             * [* {th:ref}] [10000]: org.thymeleaf.standard.processor.StandardRefAttributeTagProcessor
[THYMELEAF]             * [{th:block} *] [100000]: org.thymeleaf.standard.processor.StandardBlockTagProcessor
[THYMELEAF]             * [* th:*] [2147483647]: org.thymeleaf.standard.processor.StandardDefaultAttributesTagProcessor
[THYMELEAF]         * Text Processors by [precedence]:
[THYMELEAF]             * [1000]: org.thymeleaf.standard.processor.StandardInliningTextProcessor
[THYMELEAF]         * CDATA Section Processors by [precedence]:
[THYMELEAF]             * [1000]: org.thymeleaf.standard.processor.StandardInliningCDATASectionProcessor
[THYMELEAF]         * Comment Processors by [precedence]:
[THYMELEAF]             * [1000]: org.thymeleaf.standard.processor.StandardInliningCommentProcessor
[THYMELEAF]     * Processors for Template Mode: TEXT
[THYMELEAF]         * Element Tag Processors by [matching element and attribute name] [precedence]:
[THYMELEAF]             * [* {th:insert}] [100]: org.thymeleaf.standard.processor.StandardInsertTagProcessor
[THYMELEAF]             * [* {th:replace}] [100]: org.thymeleaf.standard.processor.StandardReplaceTagProcessor
[THYMELEAF]             * [* {th:each}] [200]: com.intuit.karate.template.KarateEachTagProcessor
[THYMELEAF]             * [* {th:switch}] [250]: org.thymeleaf.standard.processor.StandardSwitchTagProcessor
[THYMELEAF]             * [* {th:case}] [275]: org.thymeleaf.standard.processor.StandardCaseTagProcessor
[THYMELEAF]             * [* {th:if}] [300]: org.thymeleaf.standard.processor.StandardIfTagProcessor
[THYMELEAF]             * [* {th:unless}] [400]: org.thymeleaf.standard.processor.StandardUnlessTagProcessor
[THYMELEAF]             * [* {th:object}] [500]: org.thymeleaf.standard.processor.StandardObjectTagProcessor
[THYMELEAF]             * [* {th:with}] [600]: com.intuit.karate.template.KarateWithTagProcessor
[THYMELEAF]             * [* {th:inline}] [1000]: org.thymeleaf.standard.processor.StandardInlineTextualTagProcessor
[THYMELEAF]             * [* {th:text}] [1300]: org.thymeleaf.standard.processor.StandardTextTagProcessor
[THYMELEAF]             * [* {th:utext}] [1400]: org.thymeleaf.standard.processor.StandardUtextTagProcessor
[THYMELEAF]             * [* {th:assert}] [1550]: org.thymeleaf.standard.processor.StandardAssertTagProcessor
[THYMELEAF]             * [* {th:remove}] [1600]: org.thymeleaf.standard.processor.StandardRemoveTagProcessor
[THYMELEAF]             * [{th:block} *] [100000]: org.thymeleaf.standard.processor.StandardBlockTagProcessor
[THYMELEAF]             * [* 100000] [org.thymeleaf.standard.processor.StandardBlockTagProcessor]: {}
[THYMELEAF]         * Text Processors by [precedence]:
[THYMELEAF]             * [1000]: org.thymeleaf.standard.processor.StandardInliningTextProcessor
[THYMELEAF]     * Processors for Template Mode: JAVASCRIPT
[THYMELEAF]         * Element Tag Processors by [matching element and attribute name] [precedence]:
[THYMELEAF]             * [* {th:insert}] [100]: org.thymeleaf.standard.processor.StandardInsertTagProcessor
[THYMELEAF]             * [* {th:replace}] [100]: org.thymeleaf.standard.processor.StandardReplaceTagProcessor
[THYMELEAF]             * [* {th:each}] [200]: com.intuit.karate.template.KarateEachTagProcessor
[THYMELEAF]             * [* {th:switch}] [250]: org.thymeleaf.standard.processor.StandardSwitchTagProcessor
[THYMELEAF]             * [* {th:case}] [275]: org.thymeleaf.standard.processor.StandardCaseTagProcessor
[THYMELEAF]             * [* {th:if}] [300]: org.thymeleaf.standard.processor.StandardIfTagProcessor
[THYMELEAF]             * [* {th:unless}] [400]: org.thymeleaf.standard.processor.StandardUnlessTagProcessor
[THYMELEAF]             * [* {th:object}] [500]: org.thymeleaf.standard.processor.StandardObjectTagProcessor
[THYMELEAF]             * [* {th:with}] [600]: com.intuit.karate.template.KarateWithTagProcessor
[THYMELEAF]             * [* {th:inline}] [1000]: org.thymeleaf.standard.processor.StandardInlineTextualTagProcessor
[THYMELEAF]             * [* {th:text}] [1300]: org.thymeleaf.standard.processor.StandardTextTagProcessor
[THYMELEAF]             * [* {th:utext}] [1400]: org.thymeleaf.standard.processor.StandardUtextTagProcessor
[THYMELEAF]             * [* {th:assert}] [1550]: org.thymeleaf.standard.processor.StandardAssertTagProcessor
[THYMELEAF]             * [* {th:remove}] [1600]: org.thymeleaf.standard.processor.StandardRemoveTagProcessor
[THYMELEAF]             * [* 100000] [org.thymeleaf.standard.processor.StandardBlockTagProcessor]: {}
[THYMELEAF]             * [{th:block} *] [100000]: org.thymeleaf.standard.processor.StandardBlockTagProcessor
[THYMELEAF]         * Text Processors by [precedence]:
[THYMELEAF]             * [1000]: org.thymeleaf.standard.processor.StandardInliningTextProcessor
[THYMELEAF]     * Processors for Template Mode: CSS
[THYMELEAF]         * Element Tag Processors by [matching element and attribute name] [precedence]:
[THYMELEAF]             * [* {th:insert}] [100]: org.thymeleaf.standard.processor.StandardInsertTagProcessor
[THYMELEAF]             * [* {th:replace}] [100]: org.thymeleaf.standard.processor.StandardReplaceTagProcessor
[THYMELEAF]             * [* {th:each}] [200]: com.intuit.karate.template.KarateEachTagProcessor
[THYMELEAF]             * [* {th:switch}] [250]: org.thymeleaf.standard.processor.StandardSwitchTagProcessor
[THYMELEAF]             * [* {th:case}] [275]: org.thymeleaf.standard.processor.StandardCaseTagProcessor
[THYMELEAF]             * [* {th:if}] [300]: org.thymeleaf.standard.processor.StandardIfTagProcessor
[THYMELEAF]             * [* {th:unless}] [400]: org.thymeleaf.standard.processor.StandardUnlessTagProcessor
[THYMELEAF]             * [* {th:object}] [500]: org.thymeleaf.standard.processor.StandardObjectTagProcessor
[THYMELEAF]             * [* {th:with}] [600]: com.intuit.karate.template.KarateWithTagProcessor
[THYMELEAF]             * [* {th:inline}] [1000]: org.thymeleaf.standard.processor.StandardInlineTextualTagProcessor
[THYMELEAF]             * [* {th:text}] [1300]: org.thymeleaf.standard.processor.StandardTextTagProcessor
[THYMELEAF]             * [* {th:utext}] [1400]: org.thymeleaf.standard.processor.StandardUtextTagProcessor
[THYMELEAF]             * [* {th:assert}] [1550]: org.thymeleaf.standard.processor.StandardAssertTagProcessor
[THYMELEAF]             * [* {th:remove}] [1600]: org.thymeleaf.standard.processor.StandardRemoveTagProcessor
[THYMELEAF]             * [{th:block} *] [100000]: org.thymeleaf.standard.processor.StandardBlockTagProcessor
[THYMELEAF]             * [* 100000] [org.thymeleaf.standard.processor.StandardBlockTagProcessor]: {}
[THYMELEAF]         * Text Processors by [precedence]:
[THYMELEAF]             * [1000]: org.thymeleaf.standard.processor.StandardInliningTextProcessor
[THYMELEAF]     * Expression Objects:
[THYMELEAF]         * #ctx
[THYMELEAF]         * #root
[THYMELEAF]         * #vars
[THYMELEAF]         * #object
[THYMELEAF]         * #locale
[THYMELEAF]         * #conversions
[THYMELEAF]         * #uris
[THYMELEAF]         * #temporals
[THYMELEAF]         * #calendars
[THYMELEAF]         * #dates
[THYMELEAF]         * #bools
[THYMELEAF]         * #numbers
[THYMELEAF]         * #objects
[THYMELEAF]         * #strings
[THYMELEAF]         * #arrays
[THYMELEAF]         * #lists
[THYMELEAF]         * #sets
[THYMELEAF]         * #maps
[THYMELEAF]         * #aggregates
[THYMELEAF]         * #messages
[THYMELEAF]         * #ids
[THYMELEAF]         * #execInfo
[THYMELEAF]         * #request
[THYMELEAF]         * #response
[THYMELEAF]         * #session
[THYMELEAF]         * #servletContext
[THYMELEAF]     * Execution Attributes:
[THYMELEAF]         * "StandardExpressionParser": com.intuit.karate.template.KarateStandardDialect@46e388ec
[THYMELEAF]         * "StandardJavaScriptSerializer": org.thymeleaf.standard.serializer.StandardJavaScriptSerializer@75a226ea
[THYMELEAF]         * "StandardCSSSerializer": org.thymeleaf.standard.serializer.StandardCSSSerializer@986b619
[THYMELEAF]         * "StandardVariableExpressionEvaluator": com.intuit.karate.template.KarateStandardDialect@46e388ec
[THYMELEAF]         * "StandardConversionService": org.thymeleaf.standard.expression.StandardConversionService@5a1a20ae
[THYMELEAF] * Dialect [2 of 2]: karate (com.intuit.karate.template.KarateScriptDialect)
[THYMELEAF]     * Prefix: "ka"
[THYMELEAF]     * Processors for Template Mode: HTML
[THYMELEAF]         * Element Tag Processors by [matching element and attribute name] [precedence]:
[THYMELEAF]             * [* {src}] [1000]: com.intuit.karate.template.KaScriptAttrProcessor
[THYMELEAF]         * Element Model Processors by [matching element and attribute name] [precedence]:
[THYMELEAF]             * [{script} {ka:scope,data-ka-scope}] [1000]: com.intuit.karate.template.KaScriptElemProcessor
[THYMELEAF]             * [* {ka:set,data-ka-set}] [1000]: com.intuit.karate.template.KaSetElemProcessor
[THYMELEAF] TEMPLATE ENGINE CONFIGURED OK
21:56:59.230 [main] DEBUG org.thymeleaf.TemplateEngine -- [THYMELEAF] TEMPLATE ENGINE INITIALIZED
---------------------------------------------------------
feature: classpath:update_product.feature
scenarios:  4 | passed:  3 | failed:  1 | time: 1.2558
---------------------------------------------------------

]]></system-out>
  </testcase>
</testsuite>